<?xml version="1.0" encoding="UTF-8"?>
<testsuite xmlns:xsi="http://www.w3.org/2001/XMLSchema-instance" xsi:noNamespaceSchemaLocation="https://maven.apache.org/surefire/maven-surefire-plugin/xsd/surefire-test-report.xsd" name="com.signant.AddressBookSpringBootWithJpaApplicationTests" time="4.102" tests="1" errors="1" skipped="0" failures="0">
  <properties>
    <property name="sun.desktop" value="windows"/>
    <property name="awt.toolkit" value="sun.awt.windows.WToolkit"/>
    <property name="file.encoding.pkg" value="sun.io"/>
    <property name="java.specification.version" value="1.8"/>
    <property name="sun.cpu.isalist" value="amd64"/>
    <property name="sun.jnu.encoding" value="Cp1252"/>
    <property name="java.class.path" value="D:\RNR\SpringBoot+Hibernate\AddressBook_Spring_Boot_With_JPA\target\test-classes;D:\RNR\SpringBoot+Hibernate\AddressBook_Spring_Boot_With_JPA\target\classes;D:\mvn\repository\org\springframework\boot\spring-boot-starter-data-jpa\2.2.4.RELEASE\spring-boot-starter-data-jpa-2.2.4.RELEASE.jar;D:\mvn\repository\org\springframework\boot\spring-boot-starter-aop\2.2.4.RELEASE\spring-boot-starter-aop-2.2.4.RELEASE.jar;D:\mvn\repository\org\springframework\spring-aop\5.2.3.RELEASE\spring-aop-5.2.3.RELEASE.jar;D:\mvn\repository\org\aspectj\aspectjweaver\1.9.5\aspectjweaver-1.9.5.jar;D:\mvn\repository\org\springframework\boot\spring-boot-starter-jdbc\2.2.4.RELEASE\spring-boot-starter-jdbc-2.2.4.RELEASE.jar;D:\mvn\repository\com\zaxxer\HikariCP\3.4.2\HikariCP-3.4.2.jar;D:\mvn\repository\org\springframework\spring-jdbc\5.2.3.RELEASE\spring-jdbc-5.2.3.RELEASE.jar;D:\mvn\repository\jakarta\activation\jakarta.activation-api\1.2.1\jakarta.activation-api-1.2.1.jar;D:\mvn\repository\jakarta\persistence\jakarta.persistence-api\2.2.3\jakarta.persistence-api-2.2.3.jar;D:\mvn\repository\jakarta\transaction\jakarta.transaction-api\1.3.3\jakarta.transaction-api-1.3.3.jar;D:\mvn\repository\org\hibernate\hibernate-core\5.4.10.Final\hibernate-core-5.4.10.Final.jar;D:\mvn\repository\org\jboss\logging\jboss-logging\3.4.1.Final\jboss-logging-3.4.1.Final.jar;D:\mvn\repository\org\javassist\javassist\3.24.0-GA\javassist-3.24.0-GA.jar;D:\mvn\repository\net\bytebuddy\byte-buddy\1.10.6\byte-buddy-1.10.6.jar;D:\mvn\repository\antlr\antlr\2.7.7\antlr-2.7.7.jar;D:\mvn\repository\org\jboss\jandex\2.1.1.Final\jandex-2.1.1.Final.jar;D:\mvn\repository\com\fasterxml\classmate\1.5.1\classmate-1.5.1.jar;D:\mvn\repository\org\dom4j\dom4j\2.1.1\dom4j-2.1.1.jar;D:\mvn\repository\org\hibernate\common\hibernate-commons-annotations\5.1.0.Final\hibernate-commons-annotations-5.1.0.Final.jar;D:\mvn\repository\org\glassfish\jaxb\jaxb-runtime\2.3.2\jaxb-runtime-2.3.2.jar;D:\mvn\repository\org\glassfish\jaxb\txw2\2.3.2\txw2-2.3.2.jar;D:\mvn\repository\com\sun\istack\istack-commons-runtime\3.0.8\istack-commons-runtime-3.0.8.jar;D:\mvn\repository\org\jvnet\staxex\stax-ex\1.8.1\stax-ex-1.8.1.jar;D:\mvn\repository\com\sun\xml\fastinfoset\FastInfoset\1.2.16\FastInfoset-1.2.16.jar;D:\mvn\repository\org\springframework\data\spring-data-jpa\2.2.4.RELEASE\spring-data-jpa-2.2.4.RELEASE.jar;D:\mvn\repository\org\springframework\data\spring-data-commons\2.2.4.RELEASE\spring-data-commons-2.2.4.RELEASE.jar;D:\mvn\repository\org\springframework\spring-orm\5.2.3.RELEASE\spring-orm-5.2.3.RELEASE.jar;D:\mvn\repository\org\springframework\spring-context\5.2.3.RELEASE\spring-context-5.2.3.RELEASE.jar;D:\mvn\repository\org\springframework\spring-tx\5.2.3.RELEASE\spring-tx-5.2.3.RELEASE.jar;D:\mvn\repository\org\springframework\spring-beans\5.2.3.RELEASE\spring-beans-5.2.3.RELEASE.jar;D:\mvn\repository\org\slf4j\slf4j-api\1.7.30\slf4j-api-1.7.30.jar;D:\mvn\repository\org\springframework\spring-aspects\5.2.3.RELEASE\spring-aspects-5.2.3.RELEASE.jar;D:\mvn\repository\org\springframework\boot\spring-boot-starter-web\2.2.4.RELEASE\spring-boot-starter-web-2.2.4.RELEASE.jar;D:\mvn\repository\org\springframework\boot\spring-boot-starter\2.2.4.RELEASE\spring-boot-starter-2.2.4.RELEASE.jar;D:\mvn\repository\org\springframework\boot\spring-boot-starter-logging\2.2.4.RELEASE\spring-boot-starter-logging-2.2.4.RELEASE.jar;D:\mvn\repository\ch\qos\logback\logback-classic\1.2.3\logback-classic-1.2.3.jar;D:\mvn\repository\ch\qos\logback\logback-core\1.2.3\logback-core-1.2.3.jar;D:\mvn\repository\org\apache\logging\log4j\log4j-to-slf4j\2.12.1\log4j-to-slf4j-2.12.1.jar;D:\mvn\repository\org\apache\logging\log4j\log4j-api\2.12.1\log4j-api-2.12.1.jar;D:\mvn\repository\org\slf4j\jul-to-slf4j\1.7.30\jul-to-slf4j-1.7.30.jar;D:\mvn\repository\jakarta\annotation\jakarta.annotation-api\1.3.5\jakarta.annotation-api-1.3.5.jar;D:\mvn\repository\org\yaml\snakeyaml\1.25\snakeyaml-1.25.jar;D:\mvn\repository\org\springframework\boot\spring-boot-starter-json\2.2.4.RELEASE\spring-boot-starter-json-2.2.4.RELEASE.jar;D:\mvn\repository\com\fasterxml\jackson\core\jackson-databind\2.10.2\jackson-databind-2.10.2.jar;D:\mvn\repository\com\fasterxml\jackson\core\jackson-annotations\2.10.2\jackson-annotations-2.10.2.jar;D:\mvn\repository\com\fasterxml\jackson\core\jackson-core\2.10.2\jackson-core-2.10.2.jar;D:\mvn\repository\com\fasterxml\jackson\datatype\jackson-datatype-jdk8\2.10.2\jackson-datatype-jdk8-2.10.2.jar;D:\mvn\repository\com\fasterxml\jackson\datatype\jackson-datatype-jsr310\2.10.2\jackson-datatype-jsr310-2.10.2.jar;D:\mvn\repository\com\fasterxml\jackson\module\jackson-module-parameter-names\2.10.2\jackson-module-parameter-names-2.10.2.jar;D:\mvn\repository\org\springframework\boot\spring-boot-starter-tomcat\2.2.4.RELEASE\spring-boot-starter-tomcat-2.2.4.RELEASE.jar;D:\mvn\repository\org\apache\tomcat\embed\tomcat-embed-core\9.0.30\tomcat-embed-core-9.0.30.jar;D:\mvn\repository\org\apache\tomcat\embed\tomcat-embed-el\9.0.30\tomcat-embed-el-9.0.30.jar;D:\mvn\repository\org\apache\tomcat\embed\tomcat-embed-websocket\9.0.30\tomcat-embed-websocket-9.0.30.jar;D:\mvn\repository\org\springframework\boot\spring-boot-starter-validation\2.2.4.RELEASE\spring-boot-starter-validation-2.2.4.RELEASE.jar;D:\mvn\repository\jakarta\validation\jakarta.validation-api\2.0.2\jakarta.validation-api-2.0.2.jar;D:\mvn\repository\org\hibernate\validator\hibernate-validator\6.0.18.Final\hibernate-validator-6.0.18.Final.jar;D:\mvn\repository\org\springframework\spring-web\5.2.3.RELEASE\spring-web-5.2.3.RELEASE.jar;D:\mvn\repository\org\springframework\spring-webmvc\5.2.3.RELEASE\spring-webmvc-5.2.3.RELEASE.jar;D:\mvn\repository\org\springframework\spring-expression\5.2.3.RELEASE\spring-expression-5.2.3.RELEASE.jar;D:\mvn\repository\org\springframework\boot\spring-boot-devtools\2.2.4.RELEASE\spring-boot-devtools-2.2.4.RELEASE.jar;D:\mvn\repository\org\springframework\boot\spring-boot\2.2.4.RELEASE\spring-boot-2.2.4.RELEASE.jar;D:\mvn\repository\org\springframework\boot\spring-boot-autoconfigure\2.2.4.RELEASE\spring-boot-autoconfigure-2.2.4.RELEASE.jar;D:\mvn\repository\com\h2database\h2\1.4.200\h2-1.4.200.jar;D:\mvn\repository\org\projectlombok\lombok\1.18.10\lombok-1.18.10.jar;D:\mvn\repository\org\springframework\boot\spring-boot-starter-test\2.2.4.RELEASE\spring-boot-starter-test-2.2.4.RELEASE.jar;D:\mvn\repository\org\springframework\boot\spring-boot-test\2.2.4.RELEASE\spring-boot-test-2.2.4.RELEASE.jar;D:\mvn\repository\org\springframework\boot\spring-boot-test-autoconfigure\2.2.4.RELEASE\spring-boot-test-autoconfigure-2.2.4.RELEASE.jar;D:\mvn\repository\com\jayway\jsonpath\json-path\2.4.0\json-path-2.4.0.jar;D:\mvn\repository\net\minidev\json-smart\2.3\json-smart-2.3.jar;D:\mvn\repository\net\minidev\accessors-smart\1.2\accessors-smart-1.2.jar;D:\mvn\repository\org\ow2\asm\asm\5.0.4\asm-5.0.4.jar;D:\mvn\repository\jakarta\xml\bind\jakarta.xml.bind-api\2.3.2\jakarta.xml.bind-api-2.3.2.jar;D:\mvn\repository\org\junit\jupiter\junit-jupiter\5.5.2\junit-jupiter-5.5.2.jar;D:\mvn\repository\org\junit\jupiter\junit-jupiter-api\5.5.2\junit-jupiter-api-5.5.2.jar;D:\mvn\repository\org\apiguardian\apiguardian-api\1.1.0\apiguardian-api-1.1.0.jar;D:\mvn\repository\org\opentest4j\opentest4j\1.2.0\opentest4j-1.2.0.jar;D:\mvn\repository\org\junit\platform\junit-platform-commons\1.5.2\junit-platform-commons-1.5.2.jar;D:\mvn\repository\org\junit\jupiter\junit-jupiter-params\5.5.2\junit-jupiter-params-5.5.2.jar;D:\mvn\repository\org\junit\jupiter\junit-jupiter-engine\5.5.2\junit-jupiter-engine-5.5.2.jar;D:\mvn\repository\org\junit\platform\junit-platform-engine\1.5.2\junit-platform-engine-1.5.2.jar;D:\mvn\repository\org\mockito\mockito-junit-jupiter\3.1.0\mockito-junit-jupiter-3.1.0.jar;D:\mvn\repository\org\assertj\assertj-core\3.13.2\assertj-core-3.13.2.jar;D:\mvn\repository\org\hamcrest\hamcrest\2.1\hamcrest-2.1.jar;D:\mvn\repository\org\mockito\mockito-core\3.1.0\mockito-core-3.1.0.jar;D:\mvn\repository\net\bytebuddy\byte-buddy-agent\1.10.6\byte-buddy-agent-1.10.6.jar;D:\mvn\repository\org\objenesis\objenesis\2.6\objenesis-2.6.jar;D:\mvn\repository\org\skyscreamer\jsonassert\1.5.0\jsonassert-1.5.0.jar;D:\mvn\repository\com\vaadin\external\google\android-json\0.0.20131108.vaadin1\android-json-0.0.20131108.vaadin1.jar;D:\mvn\repository\org\springframework\spring-core\5.2.3.RELEASE\spring-core-5.2.3.RELEASE.jar;D:\mvn\repository\org\springframework\spring-jcl\5.2.3.RELEASE\spring-jcl-5.2.3.RELEASE.jar;D:\mvn\repository\org\springframework\spring-test\5.2.3.RELEASE\spring-test-5.2.3.RELEASE.jar;D:\mvn\repository\org\xmlunit\xmlunit-core\2.6.3\xmlunit-core-2.6.3.jar;"/>
    <property name="java.vm.vendor" value="Oracle Corporation"/>
    <property name="sun.arch.data.model" value="64"/>
    <property name="user.variant" value=""/>
    <property name="java.vendor.url" value="http://java.oracle.com/"/>
    <property name="user.timezone" value="Asia/Calcutta"/>
    <property name="java.vm.specification.version" value="1.8"/>
    <property name="os.name" value="Windows 10"/>
    <property name="user.country" value="US"/>
    <property name="sun.java.launcher" value="SUN_STANDARD"/>
    <property name="sun.boot.library.path" value="C:\Program Files\Java\jdk1.8.0_144\jre\bin"/>
    <property name="sun.java.command" value="C:\Users\NAGESW~1.RUD\AppData\Local\Temp\surefire9216377672453892313\surefirebooter4891600900644458333.jar C:\Users\nageswara.rudrala\AppData\Local\Temp\surefire9216377672453892313 2020-02-19T16-06-07_041-jvmRun1 surefire2306475740705052830tmp surefire_06504887910669528618tmp"/>
    <property name="surefire.test.class.path" value="D:\RNR\SpringBoot+Hibernate\AddressBook_Spring_Boot_With_JPA\target\test-classes;D:\RNR\SpringBoot+Hibernate\AddressBook_Spring_Boot_With_JPA\target\classes;D:\mvn\repository\org\springframework\boot\spring-boot-starter-data-jpa\2.2.4.RELEASE\spring-boot-starter-data-jpa-2.2.4.RELEASE.jar;D:\mvn\repository\org\springframework\boot\spring-boot-starter-aop\2.2.4.RELEASE\spring-boot-starter-aop-2.2.4.RELEASE.jar;D:\mvn\repository\org\springframework\spring-aop\5.2.3.RELEASE\spring-aop-5.2.3.RELEASE.jar;D:\mvn\repository\org\aspectj\aspectjweaver\1.9.5\aspectjweaver-1.9.5.jar;D:\mvn\repository\org\springframework\boot\spring-boot-starter-jdbc\2.2.4.RELEASE\spring-boot-starter-jdbc-2.2.4.RELEASE.jar;D:\mvn\repository\com\zaxxer\HikariCP\3.4.2\HikariCP-3.4.2.jar;D:\mvn\repository\org\springframework\spring-jdbc\5.2.3.RELEASE\spring-jdbc-5.2.3.RELEASE.jar;D:\mvn\repository\jakarta\activation\jakarta.activation-api\1.2.1\jakarta.activation-api-1.2.1.jar;D:\mvn\repository\jakarta\persistence\jakarta.persistence-api\2.2.3\jakarta.persistence-api-2.2.3.jar;D:\mvn\repository\jakarta\transaction\jakarta.transaction-api\1.3.3\jakarta.transaction-api-1.3.3.jar;D:\mvn\repository\org\hibernate\hibernate-core\5.4.10.Final\hibernate-core-5.4.10.Final.jar;D:\mvn\repository\org\jboss\logging\jboss-logging\3.4.1.Final\jboss-logging-3.4.1.Final.jar;D:\mvn\repository\org\javassist\javassist\3.24.0-GA\javassist-3.24.0-GA.jar;D:\mvn\repository\net\bytebuddy\byte-buddy\1.10.6\byte-buddy-1.10.6.jar;D:\mvn\repository\antlr\antlr\2.7.7\antlr-2.7.7.jar;D:\mvn\repository\org\jboss\jandex\2.1.1.Final\jandex-2.1.1.Final.jar;D:\mvn\repository\com\fasterxml\classmate\1.5.1\classmate-1.5.1.jar;D:\mvn\repository\org\dom4j\dom4j\2.1.1\dom4j-2.1.1.jar;D:\mvn\repository\org\hibernate\common\hibernate-commons-annotations\5.1.0.Final\hibernate-commons-annotations-5.1.0.Final.jar;D:\mvn\repository\org\glassfish\jaxb\jaxb-runtime\2.3.2\jaxb-runtime-2.3.2.jar;D:\mvn\repository\org\glassfish\jaxb\txw2\2.3.2\txw2-2.3.2.jar;D:\mvn\repository\com\sun\istack\istack-commons-runtime\3.0.8\istack-commons-runtime-3.0.8.jar;D:\mvn\repository\org\jvnet\staxex\stax-ex\1.8.1\stax-ex-1.8.1.jar;D:\mvn\repository\com\sun\xml\fastinfoset\FastInfoset\1.2.16\FastInfoset-1.2.16.jar;D:\mvn\repository\org\springframework\data\spring-data-jpa\2.2.4.RELEASE\spring-data-jpa-2.2.4.RELEASE.jar;D:\mvn\repository\org\springframework\data\spring-data-commons\2.2.4.RELEASE\spring-data-commons-2.2.4.RELEASE.jar;D:\mvn\repository\org\springframework\spring-orm\5.2.3.RELEASE\spring-orm-5.2.3.RELEASE.jar;D:\mvn\repository\org\springframework\spring-context\5.2.3.RELEASE\spring-context-5.2.3.RELEASE.jar;D:\mvn\repository\org\springframework\spring-tx\5.2.3.RELEASE\spring-tx-5.2.3.RELEASE.jar;D:\mvn\repository\org\springframework\spring-beans\5.2.3.RELEASE\spring-beans-5.2.3.RELEASE.jar;D:\mvn\repository\org\slf4j\slf4j-api\1.7.30\slf4j-api-1.7.30.jar;D:\mvn\repository\org\springframework\spring-aspects\5.2.3.RELEASE\spring-aspects-5.2.3.RELEASE.jar;D:\mvn\repository\org\springframework\boot\spring-boot-starter-web\2.2.4.RELEASE\spring-boot-starter-web-2.2.4.RELEASE.jar;D:\mvn\repository\org\springframework\boot\spring-boot-starter\2.2.4.RELEASE\spring-boot-starter-2.2.4.RELEASE.jar;D:\mvn\repository\org\springframework\boot\spring-boot-starter-logging\2.2.4.RELEASE\spring-boot-starter-logging-2.2.4.RELEASE.jar;D:\mvn\repository\ch\qos\logback\logback-classic\1.2.3\logback-classic-1.2.3.jar;D:\mvn\repository\ch\qos\logback\logback-core\1.2.3\logback-core-1.2.3.jar;D:\mvn\repository\org\apache\logging\log4j\log4j-to-slf4j\2.12.1\log4j-to-slf4j-2.12.1.jar;D:\mvn\repository\org\apache\logging\log4j\log4j-api\2.12.1\log4j-api-2.12.1.jar;D:\mvn\repository\org\slf4j\jul-to-slf4j\1.7.30\jul-to-slf4j-1.7.30.jar;D:\mvn\repository\jakarta\annotation\jakarta.annotation-api\1.3.5\jakarta.annotation-api-1.3.5.jar;D:\mvn\repository\org\yaml\snakeyaml\1.25\snakeyaml-1.25.jar;D:\mvn\repository\org\springframework\boot\spring-boot-starter-json\2.2.4.RELEASE\spring-boot-starter-json-2.2.4.RELEASE.jar;D:\mvn\repository\com\fasterxml\jackson\core\jackson-databind\2.10.2\jackson-databind-2.10.2.jar;D:\mvn\repository\com\fasterxml\jackson\core\jackson-annotations\2.10.2\jackson-annotations-2.10.2.jar;D:\mvn\repository\com\fasterxml\jackson\core\jackson-core\2.10.2\jackson-core-2.10.2.jar;D:\mvn\repository\com\fasterxml\jackson\datatype\jackson-datatype-jdk8\2.10.2\jackson-datatype-jdk8-2.10.2.jar;D:\mvn\repository\com\fasterxml\jackson\datatype\jackson-datatype-jsr310\2.10.2\jackson-datatype-jsr310-2.10.2.jar;D:\mvn\repository\com\fasterxml\jackson\module\jackson-module-parameter-names\2.10.2\jackson-module-parameter-names-2.10.2.jar;D:\mvn\repository\org\springframework\boot\spring-boot-starter-tomcat\2.2.4.RELEASE\spring-boot-starter-tomcat-2.2.4.RELEASE.jar;D:\mvn\repository\org\apache\tomcat\embed\tomcat-embed-core\9.0.30\tomcat-embed-core-9.0.30.jar;D:\mvn\repository\org\apache\tomcat\embed\tomcat-embed-el\9.0.30\tomcat-embed-el-9.0.30.jar;D:\mvn\repository\org\apache\tomcat\embed\tomcat-embed-websocket\9.0.30\tomcat-embed-websocket-9.0.30.jar;D:\mvn\repository\org\springframework\boot\spring-boot-starter-validation\2.2.4.RELEASE\spring-boot-starter-validation-2.2.4.RELEASE.jar;D:\mvn\repository\jakarta\validation\jakarta.validation-api\2.0.2\jakarta.validation-api-2.0.2.jar;D:\mvn\repository\org\hibernate\validator\hibernate-validator\6.0.18.Final\hibernate-validator-6.0.18.Final.jar;D:\mvn\repository\org\springframework\spring-web\5.2.3.RELEASE\spring-web-5.2.3.RELEASE.jar;D:\mvn\repository\org\springframework\spring-webmvc\5.2.3.RELEASE\spring-webmvc-5.2.3.RELEASE.jar;D:\mvn\repository\org\springframework\spring-expression\5.2.3.RELEASE\spring-expression-5.2.3.RELEASE.jar;D:\mvn\repository\org\springframework\boot\spring-boot-devtools\2.2.4.RELEASE\spring-boot-devtools-2.2.4.RELEASE.jar;D:\mvn\repository\org\springframework\boot\spring-boot\2.2.4.RELEASE\spring-boot-2.2.4.RELEASE.jar;D:\mvn\repository\org\springframework\boot\spring-boot-autoconfigure\2.2.4.RELEASE\spring-boot-autoconfigure-2.2.4.RELEASE.jar;D:\mvn\repository\com\h2database\h2\1.4.200\h2-1.4.200.jar;D:\mvn\repository\org\projectlombok\lombok\1.18.10\lombok-1.18.10.jar;D:\mvn\repository\org\springframework\boot\spring-boot-starter-test\2.2.4.RELEASE\spring-boot-starter-test-2.2.4.RELEASE.jar;D:\mvn\repository\org\springframework\boot\spring-boot-test\2.2.4.RELEASE\spring-boot-test-2.2.4.RELEASE.jar;D:\mvn\repository\org\springframework\boot\spring-boot-test-autoconfigure\2.2.4.RELEASE\spring-boot-test-autoconfigure-2.2.4.RELEASE.jar;D:\mvn\repository\com\jayway\jsonpath\json-path\2.4.0\json-path-2.4.0.jar;D:\mvn\repository\net\minidev\json-smart\2.3\json-smart-2.3.jar;D:\mvn\repository\net\minidev\accessors-smart\1.2\accessors-smart-1.2.jar;D:\mvn\repository\org\ow2\asm\asm\5.0.4\asm-5.0.4.jar;D:\mvn\repository\jakarta\xml\bind\jakarta.xml.bind-api\2.3.2\jakarta.xml.bind-api-2.3.2.jar;D:\mvn\repository\org\junit\jupiter\junit-jupiter\5.5.2\junit-jupiter-5.5.2.jar;D:\mvn\repository\org\junit\jupiter\junit-jupiter-api\5.5.2\junit-jupiter-api-5.5.2.jar;D:\mvn\repository\org\apiguardian\apiguardian-api\1.1.0\apiguardian-api-1.1.0.jar;D:\mvn\repository\org\opentest4j\opentest4j\1.2.0\opentest4j-1.2.0.jar;D:\mvn\repository\org\junit\platform\junit-platform-commons\1.5.2\junit-platform-commons-1.5.2.jar;D:\mvn\repository\org\junit\jupiter\junit-jupiter-params\5.5.2\junit-jupiter-params-5.5.2.jar;D:\mvn\repository\org\junit\jupiter\junit-jupiter-engine\5.5.2\junit-jupiter-engine-5.5.2.jar;D:\mvn\repository\org\junit\platform\junit-platform-engine\1.5.2\junit-platform-engine-1.5.2.jar;D:\mvn\repository\org\mockito\mockito-junit-jupiter\3.1.0\mockito-junit-jupiter-3.1.0.jar;D:\mvn\repository\org\assertj\assertj-core\3.13.2\assertj-core-3.13.2.jar;D:\mvn\repository\org\hamcrest\hamcrest\2.1\hamcrest-2.1.jar;D:\mvn\repository\org\mockito\mockito-core\3.1.0\mockito-core-3.1.0.jar;D:\mvn\repository\net\bytebuddy\byte-buddy-agent\1.10.6\byte-buddy-agent-1.10.6.jar;D:\mvn\repository\org\objenesis\objenesis\2.6\objenesis-2.6.jar;D:\mvn\repository\org\skyscreamer\jsonassert\1.5.0\jsonassert-1.5.0.jar;D:\mvn\repository\com\vaadin\external\google\android-json\0.0.20131108.vaadin1\android-json-0.0.20131108.vaadin1.jar;D:\mvn\repository\org\springframework\spring-core\5.2.3.RELEASE\spring-core-5.2.3.RELEASE.jar;D:\mvn\repository\org\springframework\spring-jcl\5.2.3.RELEASE\spring-jcl-5.2.3.RELEASE.jar;D:\mvn\repository\org\springframework\spring-test\5.2.3.RELEASE\spring-test-5.2.3.RELEASE.jar;D:\mvn\repository\org\xmlunit\xmlunit-core\2.6.3\xmlunit-core-2.6.3.jar;"/>
    <property name="sun.cpu.endian" value="little"/>
    <property name="user.home" value="C:\Users\nageswara.rudrala"/>
    <property name="user.language" value="en"/>
    <property name="java.specification.vendor" value="Oracle Corporation"/>
    <property name="java.home" value="C:\Program Files\Java\jdk1.8.0_144\jre"/>
    <property name="basedir" value="D:\RNR\SpringBoot+Hibernate\AddressBook_Spring_Boot_With_JPA"/>
    <property name="file.separator" value="\"/>
    <property name="line.separator" value="&#10;"/>
    <property name="java.vm.specification.vendor" value="Oracle Corporation"/>
    <property name="java.specification.name" value="Java Platform API Specification"/>
    <property name="java.awt.graphicsenv" value="sun.awt.Win32GraphicsEnvironment"/>
    <property name="surefire.real.class.path" value="C:\Users\NAGESW~1.RUD\AppData\Local\Temp\surefire9216377672453892313\surefirebooter4891600900644458333.jar"/>
    <property name="sun.boot.class.path" value="C:\Program Files\Java\jdk1.8.0_144\jre\lib\resources.jar;C:\Program Files\Java\jdk1.8.0_144\jre\lib\rt.jar;C:\Program Files\Java\jdk1.8.0_144\jre\lib\sunrsasign.jar;C:\Program Files\Java\jdk1.8.0_144\jre\lib\jsse.jar;C:\Program Files\Java\jdk1.8.0_144\jre\lib\jce.jar;C:\Program Files\Java\jdk1.8.0_144\jre\lib\charsets.jar;C:\Program Files\Java\jdk1.8.0_144\jre\lib\jfr.jar;C:\Program Files\Java\jdk1.8.0_144\jre\classes"/>
    <property name="user.script" value=""/>
    <property name="sun.management.compiler" value="HotSpot 64-Bit Tiered Compilers"/>
    <property name="java.runtime.version" value="1.8.0_144-b01"/>
    <property name="user.name" value="nageswara.rudrala"/>
    <property name="path.separator" value=";"/>
    <property name="os.version" value="10.0"/>
    <property name="java.endorsed.dirs" value="C:\Program Files\Java\jdk1.8.0_144\jre\lib\endorsed"/>
    <property name="java.runtime.name" value="Java(TM) SE Runtime Environment"/>
    <property name="file.encoding" value="Cp1252"/>
    <property name="java.vm.name" value="Java HotSpot(TM) 64-Bit Server VM"/>
    <property name="localRepository" value="D:\mvn\repository"/>
    <property name="java.vendor.url.bug" value="http://bugreport.sun.com/bugreport/"/>
    <property name="java.io.tmpdir" value="C:\Users\NAGESW~1.RUD\AppData\Local\Temp\"/>
    <property name="java.version" value="1.8.0_144"/>
    <property name="user.dir" value="D:\RNR\SpringBoot+Hibernate\AddressBook_Spring_Boot_With_JPA"/>
    <property name="os.arch" value="amd64"/>
    <property name="java.vm.specification.name" value="Java Virtual Machine Specification"/>
    <property name="java.awt.printerjob" value="sun.awt.windows.WPrinterJob"/>
    <property name="sun.os.patch.level" value=""/>
    <property name="java.library.path" value="C:\Program Files\Java\jdk1.8.0_144\jre\bin;C:\WINDOWS\Sun\Java\bin;C:\WINDOWS\system32;C:\WINDOWS;C:/Program Files/Java/jdk1.8.0_144/bin/../jre/bin/server;C:/Program Files/Java/jdk1.8.0_144/bin/../jre/bin;C:/Program Files/Java/jdk1.8.0_144/bin/../jre/lib/amd64;C:\Program Files\Java\jdk1.8.0_144\bin;D:\mvn-setup\apache-maven-3.2.5\bin;C:\WINDOWS\system32;C:\WINDOWS;C:\WINDOWS\System32\Wbem;C:\WINDOWS\System32\WindowsPowerShell\v1.0\;C:\WINDOWS\System32\OpenSSH\;C:\Users\nageswara.rudrala\AppData\Local\Microsoft\WindowsApps;;C:\Users\nageswara.rudrala\AppData\Local\Programs\Fiddler;%USERPROFILE%\AppData\Local\Microsoft\WindowsApps;C:\Users\nageswara.rudrala\Desktop;;."/>
    <property name="java.vm.info" value="mixed mode"/>
    <property name="java.vendor" value="Oracle Corporation"/>
    <property name="java.vm.version" value="25.144-b01"/>
    <property name="java.ext.dirs" value="C:\Program Files\Java\jdk1.8.0_144\jre\lib\ext;C:\WINDOWS\Sun\Java\lib\ext"/>
    <property name="sun.io.unicode.encoding" value="UnicodeLittle"/>
    <property name="java.class.version" value="52.0"/>
  </properties>
  <testcase name="contextLoads" classname="com.signant.AddressBookSpringBootWithJpaApplicationTests" time="0.001">
    <error type="java.lang.StackOverflowError">java.lang.StackOverflowError
</error>
    <system-out><![CDATA[16:06:07.848 [main] DEBUG org.springframework.test.context.BootstrapUtils - Instantiating CacheAwareContextLoaderDelegate from class [org.springframework.test.context.cache.DefaultCacheAwareContextLoaderDelegate]
16:06:07.858 [main] DEBUG org.springframework.test.context.BootstrapUtils - Instantiating BootstrapContext using constructor [public org.springframework.test.context.support.DefaultBootstrapContext(java.lang.Class,org.springframework.test.context.CacheAwareContextLoaderDelegate)]
16:06:07.883 [main] DEBUG org.springframework.test.context.BootstrapUtils - Instantiating TestContextBootstrapper for test class [com.signant.AddressBookSpringBootWithJpaApplicationTests] from class [org.springframework.boot.test.context.SpringBootTestContextBootstrapper]
16:06:07.895 [main] INFO org.springframework.boot.test.context.SpringBootTestContextBootstrapper - Neither @ContextConfiguration nor @ContextHierarchy found for test class [com.signant.AddressBookSpringBootWithJpaApplicationTests], using SpringBootContextLoader
16:06:07.899 [main] DEBUG org.springframework.test.context.support.AbstractContextLoader - Did not detect default resource location for test class [com.signant.AddressBookSpringBootWithJpaApplicationTests]: class path resource [com/signant/AddressBookSpringBootWithJpaApplicationTests-context.xml] does not exist
16:06:07.899 [main] DEBUG org.springframework.test.context.support.AbstractContextLoader - Did not detect default resource location for test class [com.signant.AddressBookSpringBootWithJpaApplicationTests]: class path resource [com/signant/AddressBookSpringBootWithJpaApplicationTestsContext.groovy] does not exist
16:06:07.899 [main] INFO org.springframework.test.context.support.AbstractContextLoader - Could not detect default resource locations for test class [com.signant.AddressBookSpringBootWithJpaApplicationTests]: no resource found for suffixes {-context.xml, Context.groovy}.
16:06:07.899 [main] INFO org.springframework.test.context.support.AnnotationConfigContextLoaderUtils - Could not detect default configuration classes for test class [com.signant.AddressBookSpringBootWithJpaApplicationTests]: AddressBookSpringBootWithJpaApplicationTests does not declare any static, non-private, non-final, nested classes annotated with @Configuration.
16:06:07.927 [main] DEBUG org.springframework.test.context.support.ActiveProfilesUtils - Could not find an 'annotation declaring class' for annotation type [org.springframework.test.context.ActiveProfiles] and class [com.signant.AddressBookSpringBootWithJpaApplicationTests]
16:06:07.982 [main] DEBUG org.springframework.context.annotation.ClassPathScanningCandidateComponentProvider - Identified candidate component class: file [D:\RNR\SpringBoot+Hibernate\AddressBook_Spring_Boot_With_JPA\target\classes\com\signant\AddressBookSpringBootWithJpaApplication.class]
16:06:07.983 [main] INFO org.springframework.boot.test.context.SpringBootTestContextBootstrapper - Found @SpringBootConfiguration com.signant.AddressBookSpringBootWithJpaApplication for test class com.signant.AddressBookSpringBootWithJpaApplicationTests
16:06:08.060 [main] DEBUG org.springframework.boot.test.context.SpringBootTestContextBootstrapper - @TestExecutionListeners is not present for class [com.signant.AddressBookSpringBootWithJpaApplicationTests]: using defaults.
16:06:08.060 [main] INFO org.springframework.boot.test.context.SpringBootTestContextBootstrapper - Loaded default TestExecutionListener class names from location [META-INF/spring.factories]: [org.springframework.boot.test.mock.mockito.MockitoTestExecutionListener, org.springframework.boot.test.mock.mockito.ResetMocksTestExecutionListener, org.springframework.boot.test.autoconfigure.restdocs.RestDocsTestExecutionListener, org.springframework.boot.test.autoconfigure.web.client.MockRestServiceServerResetTestExecutionListener, org.springframework.boot.test.autoconfigure.web.servlet.MockMvcPrintOnlyOnFailureTestExecutionListener, org.springframework.boot.test.autoconfigure.web.servlet.WebDriverTestExecutionListener, org.springframework.test.context.web.ServletTestExecutionListener, org.springframework.test.context.support.DirtiesContextBeforeModesTestExecutionListener, org.springframework.test.context.support.DependencyInjectionTestExecutionListener, org.springframework.test.context.support.DirtiesContextTestExecutionListener, org.springframework.test.context.transaction.TransactionalTestExecutionListener, org.springframework.test.context.jdbc.SqlScriptsTestExecutionListener, org.springframework.test.context.event.EventPublishingTestExecutionListener]
16:06:08.075 [main] INFO org.springframework.boot.test.context.SpringBootTestContextBootstrapper - Using TestExecutionListeners: [org.springframework.test.context.web.ServletTestExecutionListener@5b1669c0, org.springframework.test.context.support.DirtiesContextBeforeModesTestExecutionListener@78e4deb0, org.springframework.boot.test.mock.mockito.MockitoTestExecutionListener@6e9175d8, org.springframework.boot.test.autoconfigure.SpringBootDependencyInjectionTestExecutionListener@7d0b7e3c, org.springframework.test.context.support.DirtiesContextTestExecutionListener@15bb5034, org.springframework.test.context.transaction.TransactionalTestExecutionListener@4b741d6d, org.springframework.test.context.jdbc.SqlScriptsTestExecutionListener@2eae8e6e, org.springframework.test.context.event.EventPublishingTestExecutionListener@8f2ef19, org.springframework.boot.test.mock.mockito.ResetMocksTestExecutionListener@470734c3, org.springframework.boot.test.autoconfigure.restdocs.RestDocsTestExecutionListener@2cf3d63b, org.springframework.boot.test.autoconfigure.web.client.MockRestServiceServerResetTestExecutionListener@7674f035, org.springframework.boot.test.autoconfigure.web.servlet.MockMvcPrintOnlyOnFailureTestExecutionListener@69e153c5, org.springframework.boot.test.autoconfigure.web.servlet.WebDriverTestExecutionListener@173ed316]
16:06:08.079 [main] DEBUG org.springframework.test.context.support.AbstractDirtiesContextTestExecutionListener - Before test class: context [DefaultTestContext@202b0582 testClass = AddressBookSpringBootWithJpaApplicationTests, testInstance = [null], testMethod = [null], testException = [null], mergedContextConfiguration = [WebMergedContextConfiguration@235ecd9f testClass = AddressBookSpringBootWithJpaApplicationTests, locations = '{}', classes = '{class com.signant.AddressBookSpringBootWithJpaApplication}', contextInitializerClasses = '[]', activeProfiles = '{}', propertySourceLocations = '{}', propertySourceProperties = '{org.springframework.boot.test.context.SpringBootTestContextBootstrapper=true}', contextCustomizers = set[org.springframework.boot.test.context.filter.ExcludeFilterContextCustomizer@333291e3, org.springframework.boot.test.json.DuplicateJsonObjectContextCustomizerFactory$DuplicateJsonObjectContextCustomizer@498d318c, org.springframework.boot.test.mock.mockito.MockitoContextCustomizer@0, org.springframework.boot.test.web.client.TestRestTemplateContextCustomizer@74e52303, org.springframework.boot.test.autoconfigure.properties.PropertyMappingContextCustomizer@0, org.springframework.boot.test.autoconfigure.web.servlet.WebDriverContextCustomizerFactory$Customizer@7ec7ffd3], resourceBasePath = 'src/main/webapp', contextLoader = 'org.springframework.boot.test.context.SpringBootContextLoader', parent = [null]], attributes = map['org.springframework.test.context.web.ServletTestExecutionListener.activateListener' -> true]], class annotated with @DirtiesContext [false] with mode [null].
16:06:08.106 [main] DEBUG org.springframework.test.context.support.TestPropertySourceUtils - Adding inlined properties to environment: {spring.jmx.enabled=false, org.springframework.boot.test.context.SpringBootTestContextBootstrapper=true, server.port=-1}

  .   ____          _            __ _ _
 /\\ / ___'_ __ _ _(_)_ __  __ _ \ \ \ \
( ( )\___ | '_ | '_| | '_ \/ _` | \ \ \ \
 \\/  ___)| |_)| | | | | || (_| |  ) ) ) )
  '  |____| .__|_| |_|_| |_\__, | / / / /
 =========|_|==============|___/=/_/_/_/
 :: Spring Boot ::        (v2.2.4.RELEASE)

2020-02-19 16:06:08.319  INFO 4772 --- [           main] essBookSpringBootWithJpaApplicationTests : Starting AddressBookSpringBootWithJpaApplicationTests on BKTHYDD022 with PID 4772 (started by nageswara.rudrala in D:\RNR\SpringBoot+Hibernate\AddressBook_Spring_Boot_With_JPA)
2020-02-19 16:06:08.320  INFO 4772 --- [           main] essBookSpringBootWithJpaApplicationTests : No active profile set, falling back to default profiles: default
2020-02-19 16:06:08.864  INFO 4772 --- [           main] .s.d.r.c.RepositoryConfigurationDelegate : Bootstrapping Spring Data JPA repositories in DEFAULT mode.
2020-02-19 16:06:08.936  INFO 4772 --- [           main] .s.d.r.c.RepositoryConfigurationDelegate : Finished Spring Data repository scanning in 63ms. Found 4 JPA repository interfaces.
2020-02-19 16:06:09.214  INFO 4772 --- [           main] trationDelegate$BeanPostProcessorChecker : Bean 'org.springframework.transaction.annotation.ProxyTransactionManagementConfiguration' of type [org.springframework.transaction.annotation.ProxyTransactionManagementConfiguration] is not eligible for getting processed by all BeanPostProcessors (for example: not eligible for auto-proxying)
2020-02-19 16:06:09.395  INFO 4772 --- [           main] o.hibernate.jpa.internal.util.LogHelper  : HHH000204: Processing PersistenceUnitInfo [name: default]
2020-02-19 16:06:09.455  INFO 4772 --- [           main] org.hibernate.Version                    : HHH000412: Hibernate Core {5.4.10.Final}
2020-02-19 16:06:09.618  INFO 4772 --- [           main] o.hibernate.annotations.common.Version   : HCANN000001: Hibernate Commons Annotations {5.1.0.Final}
2020-02-19 16:06:09.757  INFO 4772 --- [           main] com.zaxxer.hikari.HikariDataSource       : HikariPool-1 - Starting...
2020-02-19 16:06:09.908  INFO 4772 --- [           main] com.zaxxer.hikari.HikariDataSource       : HikariPool-1 - Start completed.
2020-02-19 16:06:09.929  INFO 4772 --- [           main] org.hibernate.dialect.Dialect            : HHH000400: Using dialect: org.hibernate.dialect.H2Dialect
Hibernate: drop table address if exists
Hibernate: drop table cities if exists
Hibernate: drop table countries if exists
Hibernate: drop table states if exists
Hibernate: drop sequence if exists hibernate_sequence
Hibernate: create sequence hibernate_sequence start with 1 increment by 1
Hibernate: create table address (addr_seq bigint not null, addr1 varchar(255), addr2 varchar(255), addr3 varchar(255), addr4 varchar(255), city varchar(255), country_name varchar(255), country_seq varchar(255), dept varchar(255), email varchar(255), fax varchar(255), login varchar(255), phone varchar(255), pincode integer not null, state varchar(255), primary key (addr_seq))
Hibernate: create table cities (city_seq integer not null, name varchar(255), state_seq integer not null, primary key (city_seq))
Hibernate: create table countries (country_seq integer not null, name varchar(255), primary key (country_seq))
Hibernate: create table states (state_seq integer not null, name varchar(255), country_seq integer not null, primary key (state_seq))
Hibernate: alter table cities add constraint FKrg4ma5kbct0uy4auwreaky0f foreign key (state_seq) references states
Hibernate: alter table states add constraint FK2rmg9l7vjydtv5dxp7qa24d4b foreign key (country_seq) references countries
2020-02-19 16:06:10.516  INFO 4772 --- [           main] o.h.e.t.j.p.i.JtaPlatformInitiator       : HHH000490: Using JtaPlatform implementation: [org.hibernate.engine.transaction.jta.platform.internal.NoJtaPlatform]
2020-02-19 16:06:10.521  INFO 4772 --- [           main] j.LocalContainerEntityManagerFactoryBean : Initialized JPA EntityManagerFactory for persistence unit 'default'
2020-02-19 16:06:10.659 DEBUG 4772 --- [           main] o.h.stat.internal.StatisticsInitiator    : Statistics initialized [enabled=false]
2020-02-19 16:06:10.940  WARN 4772 --- [           main] JpaBaseConfiguration$JpaWebConfiguration : spring.jpa.open-in-view is enabled by default. Therefore, database queries may be performed during view rendering. Explicitly configure spring.jpa.open-in-view to disable this warning
2020-02-19 16:06:11.235  INFO 4772 --- [           main] o.s.s.concurrent.ThreadPoolTaskExecutor  : Initializing ExecutorService 'applicationTaskExecutor'
2020-02-19 16:06:11.455  INFO 4772 --- [           main] o.s.b.a.h2.H2ConsoleAutoConfiguration    : H2 console available at '/h2-console'. Database available at 'jdbc:h2:mem:testdb'
2020-02-19 16:06:11.533  INFO 4772 --- [           main] essBookSpringBootWithJpaApplicationTests : Started AddressBookSpringBootWithJpaApplicationTests in 3.42 seconds (JVM running for 4.222)
Hibernate: call next value for hibernate_sequence
Hibernate: insert into countries (name, country_seq) values (?, ?)
2020-02-19 16:06:11.592  INFO 4772 --- [           main] ConditionEvaluationReportLoggingListener : 

Error starting ApplicationContext. To display the conditions report re-run your application with 'debug' enabled.
2020-02-19 16:06:11.597 ERROR 4772 --- [           main] o.s.boot.SpringApplication               : Application run failed

java.lang.StackOverflowError: null
	at java.util.AbstractCollection.toString(AbstractCollection.java:454) ~[na:1.8.0_144]
	at java.lang.String.valueOf(String.java:2994) ~[na:1.8.0_144]
	at java.lang.StringBuilder.append(StringBuilder.java:131) ~[na:1.8.0_144]
	at com.signant.addressbook.entities.States.toString(States.java:26) ~[classes/:na]
	at java.lang.String.valueOf(String.java:2994) ~[na:1.8.0_144]
	at java.lang.StringBuilder.append(StringBuilder.java:131) ~[na:1.8.0_144]
	at java.util.AbstractCollection.toString(AbstractCollection.java:462) ~[na:1.8.0_144]
	at org.hibernate.collection.internal.PersistentSet.toString(PersistentSet.java:328) ~[hibernate-core-5.4.10.Final.jar:5.4.10.Final]
	at java.lang.String.valueOf(String.java:2994) ~[na:1.8.0_144]
	at java.lang.StringBuilder.append(StringBuilder.java:131) ~[na:1.8.0_144]
	at com.signant.addressbook.entities.Countries.toString(Countries.java:24) ~[classes/:na]
	at java.lang.String.valueOf(String.java:2994) ~[na:1.8.0_144]
	at java.lang.StringBuilder.append(StringBuilder.java:131) ~[na:1.8.0_144]
	at com.signant.addressbook.entities.States.toString(States.java:26) ~[classes/:na]
	at java.lang.String.valueOf(String.java:2994) ~[na:1.8.0_144]
	at java.lang.StringBuilder.append(StringBuilder.java:131) ~[na:1.8.0_144]
	at java.util.AbstractCollection.toString(AbstractCollection.java:462) ~[na:1.8.0_144]
	at org.hibernate.collection.internal.PersistentSet.toString(PersistentSet.java:328) ~[hibernate-core-5.4.10.Final.jar:5.4.10.Final]
	at java.lang.String.valueOf(String.java:2994) ~[na:1.8.0_144]
	at java.lang.StringBuilder.append(StringBuilder.java:131) ~[na:1.8.0_144]
	at com.signant.addressbook.entities.Countries.toString(Countries.java:24) ~[classes/:na]
	at java.lang.String.valueOf(String.java:2994) ~[na:1.8.0_144]
	at java.lang.StringBuilder.append(StringBuilder.java:131) ~[na:1.8.0_144]
	at com.signant.addressbook.entities.States.toString(States.java:26) ~[classes/:na]
	at java.lang.String.valueOf(String.java:2994) ~[na:1.8.0_144]
	at java.lang.StringBuilder.append(StringBuilder.java:131) ~[na:1.8.0_144]
	at java.util.AbstractCollection.toString(AbstractCollection.java:462) ~[na:1.8.0_144]
	at org.hibernate.collection.internal.PersistentSet.toString(PersistentSet.java:328) ~[hibernate-core-5.4.10.Final.jar:5.4.10.Final]
	at java.lang.String.valueOf(String.java:2994) ~[na:1.8.0_144]
	at java.lang.StringBuilder.append(StringBuilder.java:131) ~[na:1.8.0_144]
	at com.signant.addressbook.entities.Countries.toString(Countries.java:24) ~[classes/:na]
	at java.lang.String.valueOf(String.java:2994) ~[na:1.8.0_144]
	at java.lang.StringBuilder.append(StringBuilder.java:131) ~[na:1.8.0_144]
	at com.signant.addressbook.entities.States.toString(States.java:26) ~[classes/:na]
	at java.lang.String.valueOf(String.java:2994) ~[na:1.8.0_144]
	at java.lang.StringBuilder.append(StringBuilder.java:131) ~[na:1.8.0_144]
	at java.util.AbstractCollection.toString(AbstractCollection.java:462) ~[na:1.8.0_144]
	at org.hibernate.collection.internal.PersistentSet.toString(PersistentSet.java:328) ~[hibernate-core-5.4.10.Final.jar:5.4.10.Final]
	at java.lang.String.valueOf(String.java:2994) ~[na:1.8.0_144]
	at java.lang.StringBuilder.append(StringBuilder.java:131) ~[na:1.8.0_144]
	at com.signant.addressbook.entities.Countries.toString(Countries.java:24) ~[classes/:na]
	at java.lang.String.valueOf(String.java:2994) ~[na:1.8.0_144]
	at java.lang.StringBuilder.append(StringBuilder.java:131) ~[na:1.8.0_144]
	at com.signant.addressbook.entities.States.toString(States.java:26) ~[classes/:na]
	at java.lang.String.valueOf(String.java:2994) ~[na:1.8.0_144]
	at java.lang.StringBuilder.append(StringBuilder.java:131) ~[na:1.8.0_144]
	at java.util.AbstractCollection.toString(AbstractCollection.java:462) ~[na:1.8.0_144]
	at org.hibernate.collection.internal.PersistentSet.toString(PersistentSet.java:328) ~[hibernate-core-5.4.10.Final.jar:5.4.10.Final]
	at java.lang.String.valueOf(String.java:2994) ~[na:1.8.0_144]
	at java.lang.StringBuilder.append(StringBuilder.java:131) ~[na:1.8.0_144]
	at com.signant.addressbook.entities.Countries.toString(Countries.java:24) ~[classes/:na]
	at java.lang.String.valueOf(String.java:2994) ~[na:1.8.0_144]
	at java.lang.StringBuilder.append(StringBuilder.java:131) ~[na:1.8.0_144]
	at com.signant.addressbook.entities.States.toString(States.java:26) ~[classes/:na]
	at java.lang.String.valueOf(String.java:2994) ~[na:1.8.0_144]
	at java.lang.StringBuilder.append(StringBuilder.java:131) ~[na:1.8.0_144]
	at java.util.AbstractCollection.toString(AbstractCollection.java:462) ~[na:1.8.0_144]
	at org.hibernate.collection.internal.PersistentSet.toString(PersistentSet.java:328) ~[hibernate-core-5.4.10.Final.jar:5.4.10.Final]
	at java.lang.String.valueOf(String.java:2994) ~[na:1.8.0_144]
	at java.lang.StringBuilder.append(StringBuilder.java:131) ~[na:1.8.0_144]
	at com.signant.addressbook.entities.Countries.toString(Countries.java:24) ~[classes/:na]
	at java.lang.String.valueOf(String.java:2994) ~[na:1.8.0_144]
	at java.lang.StringBuilder.append(StringBuilder.java:131) ~[na:1.8.0_144]
	at com.signant.addressbook.entities.States.toString(States.java:26) ~[classes/:na]
	at java.lang.String.valueOf(String.java:2994) ~[na:1.8.0_144]
	at java.lang.StringBuilder.append(StringBuilder.java:131) ~[na:1.8.0_144]
	at java.util.AbstractCollection.toString(AbstractCollection.java:462) ~[na:1.8.0_144]
	at org.hibernate.collection.internal.PersistentSet.toString(PersistentSet.java:328) ~[hibernate-core-5.4.10.Final.jar:5.4.10.Final]
	at java.lang.String.valueOf(String.java:2994) ~[na:1.8.0_144]
	at java.lang.StringBuilder.append(StringBuilder.java:131) ~[na:1.8.0_144]
	at com.signant.addressbook.entities.Countries.toString(Countries.java:24) ~[classes/:na]
	at java.lang.String.valueOf(String.java:2994) ~[na:1.8.0_144]
	at java.lang.StringBuilder.append(StringBuilder.java:131) ~[na:1.8.0_144]
	at com.signant.addressbook.entities.States.toString(States.java:26) ~[classes/:na]
	at java.lang.String.valueOf(String.java:2994) ~[na:1.8.0_144]
	at java.lang.StringBuilder.append(StringBuilder.java:131) ~[na:1.8.0_144]
	at java.util.AbstractCollection.toString(AbstractCollection.java:462) ~[na:1.8.0_144]
	at org.hibernate.collection.internal.PersistentSet.toString(PersistentSet.java:328) ~[hibernate-core-5.4.10.Final.jar:5.4.10.Final]
	at java.lang.String.valueOf(String.java:2994) ~[na:1.8.0_144]
	at java.lang.StringBuilder.append(StringBuilder.java:131) ~[na:1.8.0_144]
	at com.signant.addressbook.entities.Countries.toString(Countries.java:24) ~[classes/:na]
	at java.lang.String.valueOf(String.java:2994) ~[na:1.8.0_144]
	at java.lang.StringBuilder.append(StringBuilder.java:131) ~[na:1.8.0_144]
	at com.signant.addressbook.entities.States.toString(States.java:26) ~[classes/:na]
	at java.lang.String.valueOf(String.java:2994) ~[na:1.8.0_144]
	at java.lang.StringBuilder.append(StringBuilder.java:131) ~[na:1.8.0_144]
	at java.util.AbstractCollection.toString(AbstractCollection.java:462) ~[na:1.8.0_144]
	at org.hibernate.collection.internal.PersistentSet.toString(PersistentSet.java:328) ~[hibernate-core-5.4.10.Final.jar:5.4.10.Final]
	at java.lang.String.valueOf(String.java:2994) ~[na:1.8.0_144]
	at java.lang.StringBuilder.append(StringBuilder.java:131) ~[na:1.8.0_144]
	at com.signant.addressbook.entities.Countries.toString(Countries.java:24) ~[classes/:na]
	at java.lang.String.valueOf(String.java:2994) ~[na:1.8.0_144]
	at java.lang.StringBuilder.append(StringBuilder.java:131) ~[na:1.8.0_144]
	at com.signant.addressbook.entities.States.toString(States.java:26) ~[classes/:na]
	at java.lang.String.valueOf(String.java:2994) ~[na:1.8.0_144]
	at java.lang.StringBuilder.append(StringBuilder.java:131) ~[na:1.8.0_144]
	at java.util.AbstractCollection.toString(AbstractCollection.java:462) ~[na:1.8.0_144]
	at org.hibernate.collection.internal.PersistentSet.toString(PersistentSet.java:328) ~[hibernate-core-5.4.10.Final.jar:5.4.10.Final]
	at java.lang.String.valueOf(String.java:2994) ~[na:1.8.0_144]
	at java.lang.StringBuilder.append(StringBuilder.java:131) ~[na:1.8.0_144]
	at com.signant.addressbook.entities.Countries.toString(Countries.java:24) ~[classes/:na]
	at java.lang.String.valueOf(String.java:2994) ~[na:1.8.0_144]
	at java.lang.StringBuilder.append(StringBuilder.java:131) ~[na:1.8.0_144]
	at com.signant.addressbook.entities.States.toString(States.java:26) ~[classes/:na]
	at java.lang.String.valueOf(String.java:2994) ~[na:1.8.0_144]
	at java.lang.StringBuilder.append(StringBuilder.java:131) ~[na:1.8.0_144]
	at java.util.AbstractCollection.toString(AbstractCollection.java:462) ~[na:1.8.0_144]
	at org.hibernate.collection.internal.PersistentSet.toString(PersistentSet.java:328) ~[hibernate-core-5.4.10.Final.jar:5.4.10.Final]
	at java.lang.String.valueOf(String.java:2994) ~[na:1.8.0_144]
	at java.lang.StringBuilder.append(StringBuilder.java:131) ~[na:1.8.0_144]
	at com.signant.addressbook.entities.Countries.toString(Countries.java:24) ~[classes/:na]
	at java.lang.String.valueOf(String.java:2994) ~[na:1.8.0_144]
	at java.lang.StringBuilder.append(StringBuilder.java:131) ~[na:1.8.0_144]
	at com.signant.addressbook.entities.States.toString(States.java:26) ~[classes/:na]
	at java.lang.String.valueOf(String.java:2994) ~[na:1.8.0_144]
	at java.lang.StringBuilder.append(StringBuilder.java:131) ~[na:1.8.0_144]
	at java.util.AbstractCollection.toString(AbstractCollection.java:462) ~[na:1.8.0_144]
	at org.hibernate.collection.internal.PersistentSet.toString(PersistentSet.java:328) ~[hibernate-core-5.4.10.Final.jar:5.4.10.Final]
	at java.lang.String.valueOf(String.java:2994) ~[na:1.8.0_144]
	at java.lang.StringBuilder.append(StringBuilder.java:131) ~[na:1.8.0_144]
	at com.signant.addressbook.entities.Countries.toString(Countries.java:24) ~[classes/:na]
	at java.lang.String.valueOf(String.java:2994) ~[na:1.8.0_144]
	at java.lang.StringBuilder.append(StringBuilder.java:131) ~[na:1.8.0_144]
	at com.signant.addressbook.entities.States.toString(States.java:26) ~[classes/:na]
	at java.lang.String.valueOf(String.java:2994) ~[na:1.8.0_144]
	at java.lang.StringBuilder.append(StringBuilder.java:131) ~[na:1.8.0_144]
	at java.util.AbstractCollection.toString(AbstractCollection.java:462) ~[na:1.8.0_144]
	at org.hibernate.collection.internal.PersistentSet.toString(PersistentSet.java:328) ~[hibernate-core-5.4.10.Final.jar:5.4.10.Final]
	at java.lang.String.valueOf(String.java:2994) ~[na:1.8.0_144]
	at java.lang.StringBuilder.append(StringBuilder.java:131) ~[na:1.8.0_144]
	at com.signant.addressbook.entities.Countries.toString(Countries.java:24) ~[classes/:na]
	at java.lang.String.valueOf(String.java:2994) ~[na:1.8.0_144]
	at java.lang.StringBuilder.append(StringBuilder.java:131) ~[na:1.8.0_144]
	at com.signant.addressbook.entities.States.toString(States.java:26) ~[classes/:na]
	at java.lang.String.valueOf(String.java:2994) ~[na:1.8.0_144]
	at java.lang.StringBuilder.append(StringBuilder.java:131) ~[na:1.8.0_144]
	at java.util.AbstractCollection.toString(AbstractCollection.java:462) ~[na:1.8.0_144]
	at org.hibernate.collection.internal.PersistentSet.toString(PersistentSet.java:328) ~[hibernate-core-5.4.10.Final.jar:5.4.10.Final]
	at java.lang.String.valueOf(String.java:2994) ~[na:1.8.0_144]
	at java.lang.StringBuilder.append(StringBuilder.java:131) ~[na:1.8.0_144]
	at com.signant.addressbook.entities.Countries.toString(Countries.java:24) ~[classes/:na]
	at java.lang.String.valueOf(String.java:2994) ~[na:1.8.0_144]
	at java.lang.StringBuilder.append(StringBuilder.java:131) ~[na:1.8.0_144]
	at com.signant.addressbook.entities.States.toString(States.java:26) ~[classes/:na]
	at java.lang.String.valueOf(String.java:2994) ~[na:1.8.0_144]
	at java.lang.StringBuilder.append(StringBuilder.java:131) ~[na:1.8.0_144]
	at java.util.AbstractCollection.toString(AbstractCollection.java:462) ~[na:1.8.0_144]
	at org.hibernate.collection.internal.PersistentSet.toString(PersistentSet.java:328) ~[hibernate-core-5.4.10.Final.jar:5.4.10.Final]
	at java.lang.String.valueOf(String.java:2994) ~[na:1.8.0_144]
	at java.lang.StringBuilder.append(StringBuilder.java:131) ~[na:1.8.0_144]
	at com.signant.addressbook.entities.Countries.toString(Countries.java:24) ~[classes/:na]
	at java.lang.String.valueOf(String.java:2994) ~[na:1.8.0_144]
	at java.lang.StringBuilder.append(StringBuilder.java:131) ~[na:1.8.0_144]
	at com.signant.addressbook.entities.States.toString(States.java:26) ~[classes/:na]
	at java.lang.String.valueOf(String.java:2994) ~[na:1.8.0_144]
	at java.lang.StringBuilder.append(StringBuilder.java:131) ~[na:1.8.0_144]
	at java.util.AbstractCollection.toString(AbstractCollection.java:462) ~[na:1.8.0_144]
	at org.hibernate.collection.internal.PersistentSet.toString(PersistentSet.java:328) ~[hibernate-core-5.4.10.Final.jar:5.4.10.Final]
	at java.lang.String.valueOf(String.java:2994) ~[na:1.8.0_144]
	at java.lang.StringBuilder.append(StringBuilder.java:131) ~[na:1.8.0_144]
	at com.signant.addressbook.entities.Countries.toString(Countries.java:24) ~[classes/:na]
	at java.lang.String.valueOf(String.java:2994) ~[na:1.8.0_144]
	at java.lang.StringBuilder.append(StringBuilder.java:131) ~[na:1.8.0_144]
	at com.signant.addressbook.entities.States.toString(States.java:26) ~[classes/:na]
	at java.lang.String.valueOf(String.java:2994) ~[na:1.8.0_144]
	at java.lang.StringBuilder.append(StringBuilder.java:131) ~[na:1.8.0_144]
	at java.util.AbstractCollection.toString(AbstractCollection.java:462) ~[na:1.8.0_144]
	at org.hibernate.collection.internal.PersistentSet.toString(PersistentSet.java:328) ~[hibernate-core-5.4.10.Final.jar:5.4.10.Final]
	at java.lang.String.valueOf(String.java:2994) ~[na:1.8.0_144]
	at java.lang.StringBuilder.append(StringBuilder.java:131) ~[na:1.8.0_144]
	at com.signant.addressbook.entities.Countries.toString(Countries.java:24) ~[classes/:na]
	at java.lang.String.valueOf(String.java:2994) ~[na:1.8.0_144]
	at java.lang.StringBuilder.append(StringBuilder.java:131) ~[na:1.8.0_144]
	at com.signant.addressbook.entities.States.toString(States.java:26) ~[classes/:na]
	at java.lang.String.valueOf(String.java:2994) ~[na:1.8.0_144]
	at java.lang.StringBuilder.append(StringBuilder.java:131) ~[na:1.8.0_144]
	at java.util.AbstractCollection.toString(AbstractCollection.java:462) ~[na:1.8.0_144]
	at org.hibernate.collection.internal.PersistentSet.toString(PersistentSet.java:328) ~[hibernate-core-5.4.10.Final.jar:5.4.10.Final]
	at java.lang.String.valueOf(String.java:2994) ~[na:1.8.0_144]
	at java.lang.StringBuilder.append(StringBuilder.java:131) ~[na:1.8.0_144]
	at com.signant.addressbook.entities.Countries.toString(Countries.java:24) ~[classes/:na]
	at java.lang.String.valueOf(String.java:2994) ~[na:1.8.0_144]
	at java.lang.StringBuilder.append(StringBuilder.java:131) ~[na:1.8.0_144]
	at com.signant.addressbook.entities.States.toString(States.java:26) ~[classes/:na]
	at java.lang.String.valueOf(String.java:2994) ~[na:1.8.0_144]
	at java.lang.StringBuilder.append(StringBuilder.java:131) ~[na:1.8.0_144]
	at java.util.AbstractCollection.toString(AbstractCollection.java:462) ~[na:1.8.0_144]
	at org.hibernate.collection.internal.PersistentSet.toString(PersistentSet.java:328) ~[hibernate-core-5.4.10.Final.jar:5.4.10.Final]
	at java.lang.String.valueOf(String.java:2994) ~[na:1.8.0_144]
	at java.lang.StringBuilder.append(StringBuilder.java:131) ~[na:1.8.0_144]
	at com.signant.addressbook.entities.Countries.toString(Countries.java:24) ~[classes/:na]
	at java.lang.String.valueOf(String.java:2994) ~[na:1.8.0_144]
	at java.lang.StringBuilder.append(StringBuilder.java:131) ~[na:1.8.0_144]
	at com.signant.addressbook.entities.States.toString(States.java:26) ~[classes/:na]
	at java.lang.String.valueOf(String.java:2994) ~[na:1.8.0_144]
	at java.lang.StringBuilder.append(StringBuilder.java:131) ~[na:1.8.0_144]
	at java.util.AbstractCollection.toString(AbstractCollection.java:462) ~[na:1.8.0_144]
	at org.hibernate.collection.internal.PersistentSet.toString(PersistentSet.java:328) ~[hibernate-core-5.4.10.Final.jar:5.4.10.Final]
	at java.lang.String.valueOf(String.java:2994) ~[na:1.8.0_144]
	at java.lang.StringBuilder.append(StringBuilder.java:131) ~[na:1.8.0_144]
	at com.signant.addressbook.entities.Countries.toString(Countries.java:24) ~[classes/:na]
	at java.lang.String.valueOf(String.java:2994) ~[na:1.8.0_144]
	at java.lang.StringBuilder.append(StringBuilder.java:131) ~[na:1.8.0_144]
	at com.signant.addressbook.entities.States.toString(States.java:26) ~[classes/:na]
	at java.lang.String.valueOf(String.java:2994) ~[na:1.8.0_144]
	at java.lang.StringBuilder.append(StringBuilder.java:131) ~[na:1.8.0_144]
	at java.util.AbstractCollection.toString(AbstractCollection.java:462) ~[na:1.8.0_144]
	at org.hibernate.collection.internal.PersistentSet.toString(PersistentSet.java:328) ~[hibernate-core-5.4.10.Final.jar:5.4.10.Final]
	at java.lang.String.valueOf(String.java:2994) ~[na:1.8.0_144]
	at java.lang.StringBuilder.append(StringBuilder.java:131) ~[na:1.8.0_144]
	at com.signant.addressbook.entities.Countries.toString(Countries.java:24) ~[classes/:na]
	at java.lang.String.valueOf(String.java:2994) ~[na:1.8.0_144]
	at java.lang.StringBuilder.append(StringBuilder.java:131) ~[na:1.8.0_144]
	at com.signant.addressbook.entities.States.toString(States.java:26) ~[classes/:na]
	at java.lang.String.valueOf(String.java:2994) ~[na:1.8.0_144]
	at java.lang.StringBuilder.append(StringBuilder.java:131) ~[na:1.8.0_144]
	at java.util.AbstractCollection.toString(AbstractCollection.java:462) ~[na:1.8.0_144]
	at org.hibernate.collection.internal.PersistentSet.toString(PersistentSet.java:328) ~[hibernate-core-5.4.10.Final.jar:5.4.10.Final]
	at java.lang.String.valueOf(String.java:2994) ~[na:1.8.0_144]
	at java.lang.StringBuilder.append(StringBuilder.java:131) ~[na:1.8.0_144]
	at com.signant.addressbook.entities.Countries.toString(Countries.java:24) ~[classes/:na]
	at java.lang.String.valueOf(String.java:2994) ~[na:1.8.0_144]
	at java.lang.StringBuilder.append(StringBuilder.java:131) ~[na:1.8.0_144]
	at com.signant.addressbook.entities.States.toString(States.java:26) ~[classes/:na]
	at java.lang.String.valueOf(String.java:2994) ~[na:1.8.0_144]
	at java.lang.StringBuilder.append(StringBuilder.java:131) ~[na:1.8.0_144]
	at java.util.AbstractCollection.toString(AbstractCollection.java:462) ~[na:1.8.0_144]
	at org.hibernate.collection.internal.PersistentSet.toString(PersistentSet.java:328) ~[hibernate-core-5.4.10.Final.jar:5.4.10.Final]
	at java.lang.String.valueOf(String.java:2994) ~[na:1.8.0_144]
	at java.lang.StringBuilder.append(StringBuilder.java:131) ~[na:1.8.0_144]
	at com.signant.addressbook.entities.Countries.toString(Countries.java:24) ~[classes/:na]
	at java.lang.String.valueOf(String.java:2994) ~[na:1.8.0_144]
	at java.lang.StringBuilder.append(StringBuilder.java:131) ~[na:1.8.0_144]
	at com.signant.addressbook.entities.States.toString(States.java:26) ~[classes/:na]
	at java.lang.String.valueOf(String.java:2994) ~[na:1.8.0_144]
	at java.lang.StringBuilder.append(StringBuilder.java:131) ~[na:1.8.0_144]
	at java.util.AbstractCollection.toString(AbstractCollection.java:462) ~[na:1.8.0_144]
	at org.hibernate.collection.internal.PersistentSet.toString(PersistentSet.java:328) ~[hibernate-core-5.4.10.Final.jar:5.4.10.Final]
	at java.lang.String.valueOf(String.java:2994) ~[na:1.8.0_144]
	at java.lang.StringBuilder.append(StringBuilder.java:131) ~[na:1.8.0_144]
	at com.signant.addressbook.entities.Countries.toString(Countries.java:24) ~[classes/:na]
	at java.lang.String.valueOf(String.java:2994) ~[na:1.8.0_144]
	at java.lang.StringBuilder.append(StringBuilder.java:131) ~[na:1.8.0_144]
	at com.signant.addressbook.entities.States.toString(States.java:26) ~[classes/:na]
	at java.lang.String.valueOf(String.java:2994) ~[na:1.8.0_144]
	at java.lang.StringBuilder.append(StringBuilder.java:131) ~[na:1.8.0_144]
	at java.util.AbstractCollection.toString(AbstractCollection.java:462) ~[na:1.8.0_144]
	at org.hibernate.collection.internal.PersistentSet.toString(PersistentSet.java:328) ~[hibernate-core-5.4.10.Final.jar:5.4.10.Final]
	at java.lang.String.valueOf(String.java:2994) ~[na:1.8.0_144]
	at java.lang.StringBuilder.append(StringBuilder.java:131) ~[na:1.8.0_144]
	at com.signant.addressbook.entities.Countries.toString(Countries.java:24) ~[classes/:na]
	at java.lang.String.valueOf(String.java:2994) ~[na:1.8.0_144]
	at java.lang.StringBuilder.append(StringBuilder.java:131) ~[na:1.8.0_144]
	at com.signant.addressbook.entities.States.toString(States.java:26) ~[classes/:na]
	at java.lang.String.valueOf(String.java:2994) ~[na:1.8.0_144]
	at java.lang.StringBuilder.append(StringBuilder.java:131) ~[na:1.8.0_144]
	at java.util.AbstractCollection.toString(AbstractCollection.java:462) ~[na:1.8.0_144]
	at org.hibernate.collection.internal.PersistentSet.toString(PersistentSet.java:328) ~[hibernate-core-5.4.10.Final.jar:5.4.10.Final]
	at java.lang.String.valueOf(String.java:2994) ~[na:1.8.0_144]
	at java.lang.StringBuilder.append(StringBuilder.java:131) ~[na:1.8.0_144]
	at com.signant.addressbook.entities.Countries.toString(Countries.java:24) ~[classes/:na]
	at java.lang.String.valueOf(String.java:2994) ~[na:1.8.0_144]
	at java.lang.StringBuilder.append(StringBuilder.java:131) ~[na:1.8.0_144]
	at com.signant.addressbook.entities.States.toString(States.java:26) ~[classes/:na]
	at java.lang.String.valueOf(String.java:2994) ~[na:1.8.0_144]
	at java.lang.StringBuilder.append(StringBuilder.java:131) ~[na:1.8.0_144]
	at java.util.AbstractCollection.toString(AbstractCollection.java:462) ~[na:1.8.0_144]
	at org.hibernate.collection.internal.PersistentSet.toString(PersistentSet.java:328) ~[hibernate-core-5.4.10.Final.jar:5.4.10.Final]
	at java.lang.String.valueOf(String.java:2994) ~[na:1.8.0_144]
	at java.lang.StringBuilder.append(StringBuilder.java:131) ~[na:1.8.0_144]
	at com.signant.addressbook.entities.Countries.toString(Countries.java:24) ~[classes/:na]
	at java.lang.String.valueOf(String.java:2994) ~[na:1.8.0_144]
	at java.lang.StringBuilder.append(StringBuilder.java:131) ~[na:1.8.0_144]
	at com.signant.addressbook.entities.States.toString(States.java:26) ~[classes/:na]
	at java.lang.String.valueOf(String.java:2994) ~[na:1.8.0_144]
	at java.lang.StringBuilder.append(StringBuilder.java:131) ~[na:1.8.0_144]
	at java.util.AbstractCollection.toString(AbstractCollection.java:462) ~[na:1.8.0_144]
	at org.hibernate.collection.internal.PersistentSet.toString(PersistentSet.java:328) ~[hibernate-core-5.4.10.Final.jar:5.4.10.Final]
	at java.lang.String.valueOf(String.java:2994) ~[na:1.8.0_144]
	at java.lang.StringBuilder.append(StringBuilder.java:131) ~[na:1.8.0_144]
	at com.signant.addressbook.entities.Countries.toString(Countries.java:24) ~[classes/:na]
	at java.lang.String.valueOf(String.java:2994) ~[na:1.8.0_144]
	at java.lang.StringBuilder.append(StringBuilder.java:131) ~[na:1.8.0_144]
	at com.signant.addressbook.entities.States.toString(States.java:26) ~[classes/:na]
	at java.lang.String.valueOf(String.java:2994) ~[na:1.8.0_144]
	at java.lang.StringBuilder.append(StringBuilder.java:131) ~[na:1.8.0_144]
	at java.util.AbstractCollection.toString(AbstractCollection.java:462) ~[na:1.8.0_144]
	at org.hibernate.collection.internal.PersistentSet.toString(PersistentSet.java:328) ~[hibernate-core-5.4.10.Final.jar:5.4.10.Final]
	at java.lang.String.valueOf(String.java:2994) ~[na:1.8.0_144]
	at java.lang.StringBuilder.append(StringBuilder.java:131) ~[na:1.8.0_144]
	at com.signant.addressbook.entities.Countries.toString(Countries.java:24) ~[classes/:na]
	at java.lang.String.valueOf(String.java:2994) ~[na:1.8.0_144]
	at java.lang.StringBuilder.append(StringBuilder.java:131) ~[na:1.8.0_144]
	at com.signant.addressbook.entities.States.toString(States.java:26) ~[classes/:na]
	at java.lang.String.valueOf(String.java:2994) ~[na:1.8.0_144]
	at java.lang.StringBuilder.append(StringBuilder.java:131) ~[na:1.8.0_144]
	at java.util.AbstractCollection.toString(AbstractCollection.java:462) ~[na:1.8.0_144]
	at org.hibernate.collection.internal.PersistentSet.toString(PersistentSet.java:328) ~[hibernate-core-5.4.10.Final.jar:5.4.10.Final]
	at java.lang.String.valueOf(String.java:2994) ~[na:1.8.0_144]
	at java.lang.StringBuilder.append(StringBuilder.java:131) ~[na:1.8.0_144]
	at com.signant.addressbook.entities.Countries.toString(Countries.java:24) ~[classes/:na]
	at java.lang.String.valueOf(String.java:2994) ~[na:1.8.0_144]
	at java.lang.StringBuilder.append(StringBuilder.java:131) ~[na:1.8.0_144]
	at com.signant.addressbook.entities.States.toString(States.java:26) ~[classes/:na]
	at java.lang.String.valueOf(String.java:2994) ~[na:1.8.0_144]
	at java.lang.StringBuilder.append(StringBuilder.java:131) ~[na:1.8.0_144]
	at java.util.AbstractCollection.toString(AbstractCollection.java:462) ~[na:1.8.0_144]
	at org.hibernate.collection.internal.PersistentSet.toString(PersistentSet.java:328) ~[hibernate-core-5.4.10.Final.jar:5.4.10.Final]
	at java.lang.String.valueOf(String.java:2994) ~[na:1.8.0_144]
	at java.lang.StringBuilder.append(StringBuilder.java:131) ~[na:1.8.0_144]
	at com.signant.addressbook.entities.Countries.toString(Countries.java:24) ~[classes/:na]
	at java.lang.String.valueOf(String.java:2994) ~[na:1.8.0_144]
	at java.lang.StringBuilder.append(StringBuilder.java:131) ~[na:1.8.0_144]
	at com.signant.addressbook.entities.States.toString(States.java:26) ~[classes/:na]
	at java.lang.String.valueOf(String.java:2994) ~[na:1.8.0_144]
	at java.lang.StringBuilder.append(StringBuilder.java:131) ~[na:1.8.0_144]
	at java.util.AbstractCollection.toString(AbstractCollection.java:462) ~[na:1.8.0_144]
	at org.hibernate.collection.internal.PersistentSet.toString(PersistentSet.java:328) ~[hibernate-core-5.4.10.Final.jar:5.4.10.Final]
	at java.lang.String.valueOf(String.java:2994) ~[na:1.8.0_144]
	at java.lang.StringBuilder.append(StringBuilder.java:131) ~[na:1.8.0_144]
	at com.signant.addressbook.entities.Countries.toString(Countries.java:24) ~[classes/:na]
	at java.lang.String.valueOf(String.java:2994) ~[na:1.8.0_144]
	at java.lang.StringBuilder.append(StringBuilder.java:131) ~[na:1.8.0_144]
	at com.signant.addressbook.entities.States.toString(States.java:26) ~[classes/:na]
	at java.lang.String.valueOf(String.java:2994) ~[na:1.8.0_144]
	at java.lang.StringBuilder.append(StringBuilder.java:131) ~[na:1.8.0_144]
	at java.util.AbstractCollection.toString(AbstractCollection.java:462) ~[na:1.8.0_144]
	at org.hibernate.collection.internal.PersistentSet.toString(PersistentSet.java:328) ~[hibernate-core-5.4.10.Final.jar:5.4.10.Final]
	at java.lang.String.valueOf(String.java:2994) ~[na:1.8.0_144]
	at java.lang.StringBuilder.append(StringBuilder.java:131) ~[na:1.8.0_144]
	at com.signant.addressbook.entities.Countries.toString(Countries.java:24) ~[classes/:na]
	at java.lang.String.valueOf(String.java:2994) ~[na:1.8.0_144]
	at java.lang.StringBuilder.append(StringBuilder.java:131) ~[na:1.8.0_144]
	at com.signant.addressbook.entities.States.toString(States.java:26) ~[classes/:na]
	at java.lang.String.valueOf(String.java:2994) ~[na:1.8.0_144]
	at java.lang.StringBuilder.append(StringBuilder.java:131) ~[na:1.8.0_144]
	at java.util.AbstractCollection.toString(AbstractCollection.java:462) ~[na:1.8.0_144]
	at org.hibernate.collection.internal.PersistentSet.toString(PersistentSet.java:328) ~[hibernate-core-5.4.10.Final.jar:5.4.10.Final]
	at java.lang.String.valueOf(String.java:2994) ~[na:1.8.0_144]
	at java.lang.StringBuilder.append(StringBuilder.java:131) ~[na:1.8.0_144]
	at com.signant.addressbook.entities.Countries.toString(Countries.java:24) ~[classes/:na]
	at java.lang.String.valueOf(String.java:2994) ~[na:1.8.0_144]
	at java.lang.StringBuilder.append(StringBuilder.java:131) ~[na:1.8.0_144]
	at com.signant.addressbook.entities.States.toString(States.java:26) ~[classes/:na]
	at java.lang.String.valueOf(String.java:2994) ~[na:1.8.0_144]
	at java.lang.StringBuilder.append(StringBuilder.java:131) ~[na:1.8.0_144]
	at java.util.AbstractCollection.toString(AbstractCollection.java:462) ~[na:1.8.0_144]
	at org.hibernate.collection.internal.PersistentSet.toString(PersistentSet.java:328) ~[hibernate-core-5.4.10.Final.jar:5.4.10.Final]
	at java.lang.String.valueOf(String.java:2994) ~[na:1.8.0_144]
	at java.lang.StringBuilder.append(StringBuilder.java:131) ~[na:1.8.0_144]
	at com.signant.addressbook.entities.Countries.toString(Countries.java:24) ~[classes/:na]
	at java.lang.String.valueOf(String.java:2994) ~[na:1.8.0_144]
	at java.lang.StringBuilder.append(StringBuilder.java:131) ~[na:1.8.0_144]
	at com.signant.addressbook.entities.States.toString(States.java:26) ~[classes/:na]
	at java.lang.String.valueOf(String.java:2994) ~[na:1.8.0_144]
	at java.lang.StringBuilder.append(StringBuilder.java:131) ~[na:1.8.0_144]
	at java.util.AbstractCollection.toString(AbstractCollection.java:462) ~[na:1.8.0_144]
	at org.hibernate.collection.internal.PersistentSet.toString(PersistentSet.java:328) ~[hibernate-core-5.4.10.Final.jar:5.4.10.Final]
	at java.lang.String.valueOf(String.java:2994) ~[na:1.8.0_144]
	at java.lang.StringBuilder.append(StringBuilder.java:131) ~[na:1.8.0_144]
	at com.signant.addressbook.entities.Countries.toString(Countries.java:24) ~[classes/:na]
	at java.lang.String.valueOf(String.java:2994) ~[na:1.8.0_144]
	at java.lang.StringBuilder.append(StringBuilder.java:131) ~[na:1.8.0_144]
	at com.signant.addressbook.entities.States.toString(States.java:26) ~[classes/:na]
	at java.lang.String.valueOf(String.java:2994) ~[na:1.8.0_144]
	at java.lang.StringBuilder.append(StringBuilder.java:131) ~[na:1.8.0_144]
	at java.util.AbstractCollection.toString(AbstractCollection.java:462) ~[na:1.8.0_144]
	at org.hibernate.collection.internal.PersistentSet.toString(PersistentSet.java:328) ~[hibernate-core-5.4.10.Final.jar:5.4.10.Final]
	at java.lang.String.valueOf(String.java:2994) ~[na:1.8.0_144]
	at java.lang.StringBuilder.append(StringBuilder.java:131) ~[na:1.8.0_144]
	at com.signant.addressbook.entities.Countries.toString(Countries.java:24) ~[classes/:na]
	at java.lang.String.valueOf(String.java:2994) ~[na:1.8.0_144]
	at java.lang.StringBuilder.append(StringBuilder.java:131) ~[na:1.8.0_144]
	at com.signant.addressbook.entities.States.toString(States.java:26) ~[classes/:na]
	at java.lang.String.valueOf(String.java:2994) ~[na:1.8.0_144]
	at java.lang.StringBuilder.append(StringBuilder.java:131) ~[na:1.8.0_144]
	at java.util.AbstractCollection.toString(AbstractCollection.java:462) ~[na:1.8.0_144]
	at org.hibernate.collection.internal.PersistentSet.toString(PersistentSet.java:328) ~[hibernate-core-5.4.10.Final.jar:5.4.10.Final]
	at java.lang.String.valueOf(String.java:2994) ~[na:1.8.0_144]
	at java.lang.StringBuilder.append(StringBuilder.java:131) ~[na:1.8.0_144]
	at com.signant.addressbook.entities.Countries.toString(Countries.java:24) ~[classes/:na]
	at java.lang.String.valueOf(String.java:2994) ~[na:1.8.0_144]
	at java.lang.StringBuilder.append(StringBuilder.java:131) ~[na:1.8.0_144]
	at com.signant.addressbook.entities.States.toString(States.java:26) ~[classes/:na]
	at java.lang.String.valueOf(String.java:2994) ~[na:1.8.0_144]
	at java.lang.StringBuilder.append(StringBuilder.java:131) ~[na:1.8.0_144]
	at java.util.AbstractCollection.toString(AbstractCollection.java:462) ~[na:1.8.0_144]
	at org.hibernate.collection.internal.PersistentSet.toString(PersistentSet.java:328) ~[hibernate-core-5.4.10.Final.jar:5.4.10.Final]
	at java.lang.String.valueOf(String.java:2994) ~[na:1.8.0_144]
	at java.lang.StringBuilder.append(StringBuilder.java:131) ~[na:1.8.0_144]
	at com.signant.addressbook.entities.Countries.toString(Countries.java:24) ~[classes/:na]
	at java.lang.String.valueOf(String.java:2994) ~[na:1.8.0_144]
	at java.lang.StringBuilder.append(StringBuilder.java:131) ~[na:1.8.0_144]
	at com.signant.addressbook.entities.States.toString(States.java:26) ~[classes/:na]
	at java.lang.String.valueOf(String.java:2994) ~[na:1.8.0_144]
	at java.lang.StringBuilder.append(StringBuilder.java:131) ~[na:1.8.0_144]
	at java.util.AbstractCollection.toString(AbstractCollection.java:462) ~[na:1.8.0_144]
	at org.hibernate.collection.internal.PersistentSet.toString(PersistentSet.java:328) ~[hibernate-core-5.4.10.Final.jar:5.4.10.Final]
	at java.lang.String.valueOf(String.java:2994) ~[na:1.8.0_144]
	at java.lang.StringBuilder.append(StringBuilder.java:131) ~[na:1.8.0_144]
	at com.signant.addressbook.entities.Countries.toString(Countries.java:24) ~[classes/:na]
	at java.lang.String.valueOf(String.java:2994) ~[na:1.8.0_144]
	at java.lang.StringBuilder.append(StringBuilder.java:131) ~[na:1.8.0_144]
	at com.signant.addressbook.entities.States.toString(States.java:26) ~[classes/:na]
	at java.lang.String.valueOf(String.java:2994) ~[na:1.8.0_144]
	at java.lang.StringBuilder.append(StringBuilder.java:131) ~[na:1.8.0_144]
	at java.util.AbstractCollection.toString(AbstractCollection.java:462) ~[na:1.8.0_144]
	at org.hibernate.collection.internal.PersistentSet.toString(PersistentSet.java:328) ~[hibernate-core-5.4.10.Final.jar:5.4.10.Final]
	at java.lang.String.valueOf(String.java:2994) ~[na:1.8.0_144]
	at java.lang.StringBuilder.append(StringBuilder.java:131) ~[na:1.8.0_144]
	at com.signant.addressbook.entities.Countries.toString(Countries.java:24) ~[classes/:na]
	at java.lang.String.valueOf(String.java:2994) ~[na:1.8.0_144]
	at java.lang.StringBuilder.append(StringBuilder.java:131) ~[na:1.8.0_144]
	at com.signant.addressbook.entities.States.toString(States.java:26) ~[classes/:na]
	at java.lang.String.valueOf(String.java:2994) ~[na:1.8.0_144]
	at java.lang.StringBuilder.append(StringBuilder.java:131) ~[na:1.8.0_144]
	at java.util.AbstractCollection.toString(AbstractCollection.java:462) ~[na:1.8.0_144]
	at org.hibernate.collection.internal.PersistentSet.toString(PersistentSet.java:328) ~[hibernate-core-5.4.10.Final.jar:5.4.10.Final]
	at java.lang.String.valueOf(String.java:2994) ~[na:1.8.0_144]
	at java.lang.StringBuilder.append(StringBuilder.java:131) ~[na:1.8.0_144]
	at com.signant.addressbook.entities.Countries.toString(Countries.java:24) ~[classes/:na]
	at java.lang.String.valueOf(String.java:2994) ~[na:1.8.0_144]
	at java.lang.StringBuilder.append(StringBuilder.java:131) ~[na:1.8.0_144]
	at com.signant.addressbook.entities.States.toString(States.java:26) ~[classes/:na]
	at java.lang.String.valueOf(String.java:2994) ~[na:1.8.0_144]
	at java.lang.StringBuilder.append(StringBuilder.java:131) ~[na:1.8.0_144]
	at java.util.AbstractCollection.toString(AbstractCollection.java:462) ~[na:1.8.0_144]
	at org.hibernate.collection.internal.PersistentSet.toString(PersistentSet.java:328) ~[hibernate-core-5.4.10.Final.jar:5.4.10.Final]
	at java.lang.String.valueOf(String.java:2994) ~[na:1.8.0_144]
	at java.lang.StringBuilder.append(StringBuilder.java:131) ~[na:1.8.0_144]
	at com.signant.addressbook.entities.Countries.toString(Countries.java:24) ~[classes/:na]
	at java.lang.String.valueOf(String.java:2994) ~[na:1.8.0_144]
	at java.lang.StringBuilder.append(StringBuilder.java:131) ~[na:1.8.0_144]
	at com.signant.addressbook.entities.States.toString(States.java:26) ~[classes/:na]
	at java.lang.String.valueOf(String.java:2994) ~[na:1.8.0_144]
	at java.lang.StringBuilder.append(StringBuilder.java:131) ~[na:1.8.0_144]
	at java.util.AbstractCollection.toString(AbstractCollection.java:462) ~[na:1.8.0_144]
	at org.hibernate.collection.internal.PersistentSet.toString(PersistentSet.java:328) ~[hibernate-core-5.4.10.Final.jar:5.4.10.Final]
	at java.lang.String.valueOf(String.java:2994) ~[na:1.8.0_144]
	at java.lang.StringBuilder.append(StringBuilder.java:131) ~[na:1.8.0_144]
	at com.signant.addressbook.entities.Countries.toString(Countries.java:24) ~[classes/:na]
	at java.lang.String.valueOf(String.java:2994) ~[na:1.8.0_144]
	at java.lang.StringBuilder.append(StringBuilder.java:131) ~[na:1.8.0_144]
	at com.signant.addressbook.entities.States.toString(States.java:26) ~[classes/:na]
	at java.lang.String.valueOf(String.java:2994) ~[na:1.8.0_144]
	at java.lang.StringBuilder.append(StringBuilder.java:131) ~[na:1.8.0_144]
	at java.util.AbstractCollection.toString(AbstractCollection.java:462) ~[na:1.8.0_144]
	at org.hibernate.collection.internal.PersistentSet.toString(PersistentSet.java:328) ~[hibernate-core-5.4.10.Final.jar:5.4.10.Final]
	at java.lang.String.valueOf(String.java:2994) ~[na:1.8.0_144]
	at java.lang.StringBuilder.append(StringBuilder.java:131) ~[na:1.8.0_144]
	at com.signant.addressbook.entities.Countries.toString(Countries.java:24) ~[classes/:na]
	at java.lang.String.valueOf(String.java:2994) ~[na:1.8.0_144]
	at java.lang.StringBuilder.append(StringBuilder.java:131) ~[na:1.8.0_144]
	at com.signant.addressbook.entities.States.toString(States.java:26) ~[classes/:na]
	at java.lang.String.valueOf(String.java:2994) ~[na:1.8.0_144]
	at java.lang.StringBuilder.append(StringBuilder.java:131) ~[na:1.8.0_144]
	at java.util.AbstractCollection.toString(AbstractCollection.java:462) ~[na:1.8.0_144]
	at org.hibernate.collection.internal.PersistentSet.toString(PersistentSet.java:328) ~[hibernate-core-5.4.10.Final.jar:5.4.10.Final]
	at java.lang.String.valueOf(String.java:2994) ~[na:1.8.0_144]
	at java.lang.StringBuilder.append(StringBuilder.java:131) ~[na:1.8.0_144]
	at com.signant.addressbook.entities.Countries.toString(Countries.java:24) ~[classes/:na]
	at java.lang.String.valueOf(String.java:2994) ~[na:1.8.0_144]
	at java.lang.StringBuilder.append(StringBuilder.java:131) ~[na:1.8.0_144]
	at com.signant.addressbook.entities.States.toString(States.java:26) ~[classes/:na]
	at java.lang.String.valueOf(String.java:2994) ~[na:1.8.0_144]
	at java.lang.StringBuilder.append(StringBuilder.java:131) ~[na:1.8.0_144]
	at java.util.AbstractCollection.toString(AbstractCollection.java:462) ~[na:1.8.0_144]
	at org.hibernate.collection.internal.PersistentSet.toString(PersistentSet.java:328) ~[hibernate-core-5.4.10.Final.jar:5.4.10.Final]
	at java.lang.String.valueOf(String.java:2994) ~[na:1.8.0_144]
	at java.lang.StringBuilder.append(StringBuilder.java:131) ~[na:1.8.0_144]
	at com.signant.addressbook.entities.Countries.toString(Countries.java:24) ~[classes/:na]
	at java.lang.String.valueOf(String.java:2994) ~[na:1.8.0_144]
	at java.lang.StringBuilder.append(StringBuilder.java:131) ~[na:1.8.0_144]
	at com.signant.addressbook.entities.States.toString(States.java:26) ~[classes/:na]
	at java.lang.String.valueOf(String.java:2994) ~[na:1.8.0_144]
	at java.lang.StringBuilder.append(StringBuilder.java:131) ~[na:1.8.0_144]
	at java.util.AbstractCollection.toString(AbstractCollection.java:462) ~[na:1.8.0_144]
	at org.hibernate.collection.internal.PersistentSet.toString(PersistentSet.java:328) ~[hibernate-core-5.4.10.Final.jar:5.4.10.Final]
	at java.lang.String.valueOf(String.java:2994) ~[na:1.8.0_144]
	at java.lang.StringBuilder.append(StringBuilder.java:131) ~[na:1.8.0_144]
	at com.signant.addressbook.entities.Countries.toString(Countries.java:24) ~[classes/:na]
	at java.lang.String.valueOf(String.java:2994) ~[na:1.8.0_144]
	at java.lang.StringBuilder.append(StringBuilder.java:131) ~[na:1.8.0_144]
	at com.signant.addressbook.entities.States.toString(States.java:26) ~[classes/:na]
	at java.lang.String.valueOf(String.java:2994) ~[na:1.8.0_144]
	at java.lang.StringBuilder.append(StringBuilder.java:131) ~[na:1.8.0_144]
	at java.util.AbstractCollection.toString(AbstractCollection.java:462) ~[na:1.8.0_144]
	at org.hibernate.collection.internal.PersistentSet.toString(PersistentSet.java:328) ~[hibernate-core-5.4.10.Final.jar:5.4.10.Final]
	at java.lang.String.valueOf(String.java:2994) ~[na:1.8.0_144]
	at java.lang.StringBuilder.append(StringBuilder.java:131) ~[na:1.8.0_144]
	at com.signant.addressbook.entities.Countries.toString(Countries.java:24) ~[classes/:na]
	at java.lang.String.valueOf(String.java:2994) ~[na:1.8.0_144]
	at java.lang.StringBuilder.append(StringBuilder.java:131) ~[na:1.8.0_144]
	at com.signant.addressbook.entities.States.toString(States.java:26) ~[classes/:na]
	at java.lang.String.valueOf(String.java:2994) ~[na:1.8.0_144]
	at java.lang.StringBuilder.append(StringBuilder.java:131) ~[na:1.8.0_144]
	at java.util.AbstractCollection.toString(AbstractCollection.java:462) ~[na:1.8.0_144]
	at org.hibernate.collection.internal.PersistentSet.toString(PersistentSet.java:328) ~[hibernate-core-5.4.10.Final.jar:5.4.10.Final]
	at java.lang.String.valueOf(String.java:2994) ~[na:1.8.0_144]
	at java.lang.StringBuilder.append(StringBuilder.java:131) ~[na:1.8.0_144]
	at com.signant.addressbook.entities.Countries.toString(Countries.java:24) ~[classes/:na]
	at java.lang.String.valueOf(String.java:2994) ~[na:1.8.0_144]
	at java.lang.StringBuilder.append(StringBuilder.java:131) ~[na:1.8.0_144]
	at com.signant.addressbook.entities.States.toString(States.java:26) ~[classes/:na]
	at java.lang.String.valueOf(String.java:2994) ~[na:1.8.0_144]
	at java.lang.StringBuilder.append(StringBuilder.java:131) ~[na:1.8.0_144]
	at java.util.AbstractCollection.toString(AbstractCollection.java:462) ~[na:1.8.0_144]
	at org.hibernate.collection.internal.PersistentSet.toString(PersistentSet.java:328) ~[hibernate-core-5.4.10.Final.jar:5.4.10.Final]
	at java.lang.String.valueOf(String.java:2994) ~[na:1.8.0_144]
	at java.lang.StringBuilder.append(StringBuilder.java:131) ~[na:1.8.0_144]
	at com.signant.addressbook.entities.Countries.toString(Countries.java:24) ~[classes/:na]
	at java.lang.String.valueOf(String.java:2994) ~[na:1.8.0_144]
	at java.lang.StringBuilder.append(StringBuilder.java:131) ~[na:1.8.0_144]
	at com.signant.addressbook.entities.States.toString(States.java:26) ~[classes/:na]
	at java.lang.String.valueOf(String.java:2994) ~[na:1.8.0_144]
	at java.lang.StringBuilder.append(StringBuilder.java:131) ~[na:1.8.0_144]
	at java.util.AbstractCollection.toString(AbstractCollection.java:462) ~[na:1.8.0_144]
	at org.hibernate.collection.internal.PersistentSet.toString(PersistentSet.java:328) ~[hibernate-core-5.4.10.Final.jar:5.4.10.Final]
	at java.lang.String.valueOf(String.java:2994) ~[na:1.8.0_144]
	at java.lang.StringBuilder.append(StringBuilder.java:131) ~[na:1.8.0_144]
	at com.signant.addressbook.entities.Countries.toString(Countries.java:24) ~[classes/:na]
	at java.lang.String.valueOf(String.java:2994) ~[na:1.8.0_144]
	at java.lang.StringBuilder.append(StringBuilder.java:131) ~[na:1.8.0_144]
	at com.signant.addressbook.entities.States.toString(States.java:26) ~[classes/:na]
	at java.lang.String.valueOf(String.java:2994) ~[na:1.8.0_144]
	at java.lang.StringBuilder.append(StringBuilder.java:131) ~[na:1.8.0_144]
	at java.util.AbstractCollection.toString(AbstractCollection.java:462) ~[na:1.8.0_144]
	at org.hibernate.collection.internal.PersistentSet.toString(PersistentSet.java:328) ~[hibernate-core-5.4.10.Final.jar:5.4.10.Final]
	at java.lang.String.valueOf(String.java:2994) ~[na:1.8.0_144]
	at java.lang.StringBuilder.append(StringBuilder.java:131) ~[na:1.8.0_144]
	at com.signant.addressbook.entities.Countries.toString(Countries.java:24) ~[classes/:na]
	at java.lang.String.valueOf(String.java:2994) ~[na:1.8.0_144]
	at java.lang.StringBuilder.append(StringBuilder.java:131) ~[na:1.8.0_144]
	at com.signant.addressbook.entities.States.toString(States.java:26) ~[classes/:na]
	at java.lang.String.valueOf(String.java:2994) ~[na:1.8.0_144]
	at java.lang.StringBuilder.append(StringBuilder.java:131) ~[na:1.8.0_144]
	at java.util.AbstractCollection.toString(AbstractCollection.java:462) ~[na:1.8.0_144]
	at org.hibernate.collection.internal.PersistentSet.toString(PersistentSet.java:328) ~[hibernate-core-5.4.10.Final.jar:5.4.10.Final]
	at java.lang.String.valueOf(String.java:2994) ~[na:1.8.0_144]
	at java.lang.StringBuilder.append(StringBuilder.java:131) ~[na:1.8.0_144]
	at com.signant.addressbook.entities.Countries.toString(Countries.java:24) ~[classes/:na]
	at java.lang.String.valueOf(String.java:2994) ~[na:1.8.0_144]
	at java.lang.StringBuilder.append(StringBuilder.java:131) ~[na:1.8.0_144]
	at com.signant.addressbook.entities.States.toString(States.java:26) ~[classes/:na]
	at java.lang.String.valueOf(String.java:2994) ~[na:1.8.0_144]
	at java.lang.StringBuilder.append(StringBuilder.java:131) ~[na:1.8.0_144]
	at java.util.AbstractCollection.toString(AbstractCollection.java:462) ~[na:1.8.0_144]
	at org.hibernate.collection.internal.PersistentSet.toString(PersistentSet.java:328) ~[hibernate-core-5.4.10.Final.jar:5.4.10.Final]
	at java.lang.String.valueOf(String.java:2994) ~[na:1.8.0_144]
	at java.lang.StringBuilder.append(StringBuilder.java:131) ~[na:1.8.0_144]
	at com.signant.addressbook.entities.Countries.toString(Countries.java:24) ~[classes/:na]
	at java.lang.String.valueOf(String.java:2994) ~[na:1.8.0_144]
	at java.lang.StringBuilder.append(StringBuilder.java:131) ~[na:1.8.0_144]
	at com.signant.addressbook.entities.States.toString(States.java:26) ~[classes/:na]
	at java.lang.String.valueOf(String.java:2994) ~[na:1.8.0_144]
	at java.lang.StringBuilder.append(StringBuilder.java:131) ~[na:1.8.0_144]
	at java.util.AbstractCollection.toString(AbstractCollection.java:462) ~[na:1.8.0_144]
	at org.hibernate.collection.internal.PersistentSet.toString(PersistentSet.java:328) ~[hibernate-core-5.4.10.Final.jar:5.4.10.Final]
	at java.lang.String.valueOf(String.java:2994) ~[na:1.8.0_144]
	at java.lang.StringBuilder.append(StringBuilder.java:131) ~[na:1.8.0_144]
	at com.signant.addressbook.entities.Countries.toString(Countries.java:24) ~[classes/:na]
	at java.lang.String.valueOf(String.java:2994) ~[na:1.8.0_144]
	at java.lang.StringBuilder.append(StringBuilder.java:131) ~[na:1.8.0_144]
	at com.signant.addressbook.entities.States.toString(States.java:26) ~[classes/:na]
	at java.lang.String.valueOf(String.java:2994) ~[na:1.8.0_144]
	at java.lang.StringBuilder.append(StringBuilder.java:131) ~[na:1.8.0_144]
	at java.util.AbstractCollection.toString(AbstractCollection.java:462) ~[na:1.8.0_144]
	at org.hibernate.collection.internal.PersistentSet.toString(PersistentSet.java:328) ~[hibernate-core-5.4.10.Final.jar:5.4.10.Final]
	at java.lang.String.valueOf(String.java:2994) ~[na:1.8.0_144]
	at java.lang.StringBuilder.append(StringBuilder.java:131) ~[na:1.8.0_144]
	at com.signant.addressbook.entities.Countries.toString(Countries.java:24) ~[classes/:na]
	at java.lang.String.valueOf(String.java:2994) ~[na:1.8.0_144]
	at java.lang.StringBuilder.append(StringBuilder.java:131) ~[na:1.8.0_144]
	at com.signant.addressbook.entities.States.toString(States.java:26) ~[classes/:na]
	at java.lang.String.valueOf(String.java:2994) ~[na:1.8.0_144]
	at java.lang.StringBuilder.append(StringBuilder.java:131) ~[na:1.8.0_144]
	at java.util.AbstractCollection.toString(AbstractCollection.java:462) ~[na:1.8.0_144]
	at org.hibernate.collection.internal.PersistentSet.toString(PersistentSet.java:328) ~[hibernate-core-5.4.10.Final.jar:5.4.10.Final]
	at java.lang.String.valueOf(String.java:2994) ~[na:1.8.0_144]
	at java.lang.StringBuilder.append(StringBuilder.java:131) ~[na:1.8.0_144]
	at com.signant.addressbook.entities.Countries.toString(Countries.java:24) ~[classes/:na]
	at java.lang.String.valueOf(String.java:2994) ~[na:1.8.0_144]
	at java.lang.StringBuilder.append(StringBuilder.java:131) ~[na:1.8.0_144]
	at com.signant.addressbook.entities.States.toString(States.java:26) ~[classes/:na]
	at java.lang.String.valueOf(String.java:2994) ~[na:1.8.0_144]
	at java.lang.StringBuilder.append(StringBuilder.java:131) ~[na:1.8.0_144]
	at java.util.AbstractCollection.toString(AbstractCollection.java:462) ~[na:1.8.0_144]
	at org.hibernate.collection.internal.PersistentSet.toString(PersistentSet.java:328) ~[hibernate-core-5.4.10.Final.jar:5.4.10.Final]
	at java.lang.String.valueOf(String.java:2994) ~[na:1.8.0_144]
	at java.lang.StringBuilder.append(StringBuilder.java:131) ~[na:1.8.0_144]
	at com.signant.addressbook.entities.Countries.toString(Countries.java:24) ~[classes/:na]
	at java.lang.String.valueOf(String.java:2994) ~[na:1.8.0_144]
	at java.lang.StringBuilder.append(StringBuilder.java:131) ~[na:1.8.0_144]
	at com.signant.addressbook.entities.States.toString(States.java:26) ~[classes/:na]
	at java.lang.String.valueOf(String.java:2994) ~[na:1.8.0_144]
	at java.lang.StringBuilder.append(StringBuilder.java:131) ~[na:1.8.0_144]
	at java.util.AbstractCollection.toString(AbstractCollection.java:462) ~[na:1.8.0_144]
	at org.hibernate.collection.internal.PersistentSet.toString(PersistentSet.java:328) ~[hibernate-core-5.4.10.Final.jar:5.4.10.Final]
	at java.lang.String.valueOf(String.java:2994) ~[na:1.8.0_144]
	at java.lang.StringBuilder.append(StringBuilder.java:131) ~[na:1.8.0_144]
	at com.signant.addressbook.entities.Countries.toString(Countries.java:24) ~[classes/:na]
	at java.lang.String.valueOf(String.java:2994) ~[na:1.8.0_144]
	at java.lang.StringBuilder.append(StringBuilder.java:131) ~[na:1.8.0_144]
	at com.signant.addressbook.entities.States.toString(States.java:26) ~[classes/:na]
	at java.lang.String.valueOf(String.java:2994) ~[na:1.8.0_144]
	at java.lang.StringBuilder.append(StringBuilder.java:131) ~[na:1.8.0_144]
	at java.util.AbstractCollection.toString(AbstractCollection.java:462) ~[na:1.8.0_144]
	at org.hibernate.collection.internal.PersistentSet.toString(PersistentSet.java:328) ~[hibernate-core-5.4.10.Final.jar:5.4.10.Final]
	at java.lang.String.valueOf(String.java:2994) ~[na:1.8.0_144]
	at java.lang.StringBuilder.append(StringBuilder.java:131) ~[na:1.8.0_144]
	at com.signant.addressbook.entities.Countries.toString(Countries.java:24) ~[classes/:na]
	at java.lang.String.valueOf(String.java:2994) ~[na:1.8.0_144]
	at java.lang.StringBuilder.append(StringBuilder.java:131) ~[na:1.8.0_144]
	at com.signant.addressbook.entities.States.toString(States.java:26) ~[classes/:na]
	at java.lang.String.valueOf(String.java:2994) ~[na:1.8.0_144]
	at java.lang.StringBuilder.append(StringBuilder.java:131) ~[na:1.8.0_144]
	at java.util.AbstractCollection.toString(AbstractCollection.java:462) ~[na:1.8.0_144]
	at org.hibernate.collection.internal.PersistentSet.toString(PersistentSet.java:328) ~[hibernate-core-5.4.10.Final.jar:5.4.10.Final]
	at java.lang.String.valueOf(String.java:2994) ~[na:1.8.0_144]
	at java.lang.StringBuilder.append(StringBuilder.java:131) ~[na:1.8.0_144]
	at com.signant.addressbook.entities.Countries.toString(Countries.java:24) ~[classes/:na]
	at java.lang.String.valueOf(String.java:2994) ~[na:1.8.0_144]
	at java.lang.StringBuilder.append(StringBuilder.java:131) ~[na:1.8.0_144]
	at com.signant.addressbook.entities.States.toString(States.java:26) ~[classes/:na]
	at java.lang.String.valueOf(String.java:2994) ~[na:1.8.0_144]
	at java.lang.StringBuilder.append(StringBuilder.java:131) ~[na:1.8.0_144]
	at java.util.AbstractCollection.toString(AbstractCollection.java:462) ~[na:1.8.0_144]
	at org.hibernate.collection.internal.PersistentSet.toString(PersistentSet.java:328) ~[hibernate-core-5.4.10.Final.jar:5.4.10.Final]
	at java.lang.String.valueOf(String.java:2994) ~[na:1.8.0_144]
	at java.lang.StringBuilder.append(StringBuilder.java:131) ~[na:1.8.0_144]
	at com.signant.addressbook.entities.Countries.toString(Countries.java:24) ~[classes/:na]
	at java.lang.String.valueOf(String.java:2994) ~[na:1.8.0_144]
	at java.lang.StringBuilder.append(StringBuilder.java:131) ~[na:1.8.0_144]
	at com.signant.addressbook.entities.States.toString(States.java:26) ~[classes/:na]
	at java.lang.String.valueOf(String.java:2994) ~[na:1.8.0_144]
	at java.lang.StringBuilder.append(StringBuilder.java:131) ~[na:1.8.0_144]
	at java.util.AbstractCollection.toString(AbstractCollection.java:462) ~[na:1.8.0_144]
	at org.hibernate.collection.internal.PersistentSet.toString(PersistentSet.java:328) ~[hibernate-core-5.4.10.Final.jar:5.4.10.Final]
	at java.lang.String.valueOf(String.java:2994) ~[na:1.8.0_144]
	at java.lang.StringBuilder.append(StringBuilder.java:131) ~[na:1.8.0_144]
	at com.signant.addressbook.entities.Countries.toString(Countries.java:24) ~[classes/:na]
	at java.lang.String.valueOf(String.java:2994) ~[na:1.8.0_144]
	at java.lang.StringBuilder.append(StringBuilder.java:131) ~[na:1.8.0_144]
	at com.signant.addressbook.entities.States.toString(States.java:26) ~[classes/:na]
	at java.lang.String.valueOf(String.java:2994) ~[na:1.8.0_144]
	at java.lang.StringBuilder.append(StringBuilder.java:131) ~[na:1.8.0_144]
	at java.util.AbstractCollection.toString(AbstractCollection.java:462) ~[na:1.8.0_144]
	at org.hibernate.collection.internal.PersistentSet.toString(PersistentSet.java:328) ~[hibernate-core-5.4.10.Final.jar:5.4.10.Final]
	at java.lang.String.valueOf(String.java:2994) ~[na:1.8.0_144]
	at java.lang.StringBuilder.append(StringBuilder.java:131) ~[na:1.8.0_144]
	at com.signant.addressbook.entities.Countries.toString(Countries.java:24) ~[classes/:na]
	at java.lang.String.valueOf(String.java:2994) ~[na:1.8.0_144]
	at java.lang.StringBuilder.append(StringBuilder.java:131) ~[na:1.8.0_144]
	at com.signant.addressbook.entities.States.toString(States.java:26) ~[classes/:na]
	at java.lang.String.valueOf(String.java:2994) ~[na:1.8.0_144]
	at java.lang.StringBuilder.append(StringBuilder.java:131) ~[na:1.8.0_144]
	at java.util.AbstractCollection.toString(AbstractCollection.java:462) ~[na:1.8.0_144]
	at org.hibernate.collection.internal.PersistentSet.toString(PersistentSet.java:328) ~[hibernate-core-5.4.10.Final.jar:5.4.10.Final]
	at java.lang.String.valueOf(String.java:2994) ~[na:1.8.0_144]
	at java.lang.StringBuilder.append(StringBuilder.java:131) ~[na:1.8.0_144]
	at com.signant.addressbook.entities.Countries.toString(Countries.java:24) ~[classes/:na]
	at java.lang.String.valueOf(String.java:2994) ~[na:1.8.0_144]
	at java.lang.StringBuilder.append(StringBuilder.java:131) ~[na:1.8.0_144]
	at com.signant.addressbook.entities.States.toString(States.java:26) ~[classes/:na]
	at java.lang.String.valueOf(String.java:2994) ~[na:1.8.0_144]
	at java.lang.StringBuilder.append(StringBuilder.java:131) ~[na:1.8.0_144]
	at java.util.AbstractCollection.toString(AbstractCollection.java:462) ~[na:1.8.0_144]
	at org.hibernate.collection.internal.PersistentSet.toString(PersistentSet.java:328) ~[hibernate-core-5.4.10.Final.jar:5.4.10.Final]
	at java.lang.String.valueOf(String.java:2994) ~[na:1.8.0_144]
	at java.lang.StringBuilder.append(StringBuilder.java:131) ~[na:1.8.0_144]
	at com.signant.addressbook.entities.Countries.toString(Countries.java:24) ~[classes/:na]
	at java.lang.String.valueOf(String.java:2994) ~[na:1.8.0_144]
	at java.lang.StringBuilder.append(StringBuilder.java:131) ~[na:1.8.0_144]
	at com.signant.addressbook.entities.States.toString(States.java:26) ~[classes/:na]
	at java.lang.String.valueOf(String.java:2994) ~[na:1.8.0_144]
	at java.lang.StringBuilder.append(StringBuilder.java:131) ~[na:1.8.0_144]
	at java.util.AbstractCollection.toString(AbstractCollection.java:462) ~[na:1.8.0_144]
	at org.hibernate.collection.internal.PersistentSet.toString(PersistentSet.java:328) ~[hibernate-core-5.4.10.Final.jar:5.4.10.Final]
	at java.lang.String.valueOf(String.java:2994) ~[na:1.8.0_144]
	at java.lang.StringBuilder.append(StringBuilder.java:131) ~[na:1.8.0_144]
	at com.signant.addressbook.entities.Countries.toString(Countries.java:24) ~[classes/:na]
	at java.lang.String.valueOf(String.java:2994) ~[na:1.8.0_144]
	at java.lang.StringBuilder.append(StringBuilder.java:131) ~[na:1.8.0_144]
	at com.signant.addressbook.entities.States.toString(States.java:26) ~[classes/:na]
	at java.lang.String.valueOf(String.java:2994) ~[na:1.8.0_144]
	at java.lang.StringBuilder.append(StringBuilder.java:131) ~[na:1.8.0_144]
	at java.util.AbstractCollection.toString(AbstractCollection.java:462) ~[na:1.8.0_144]
	at org.hibernate.collection.internal.PersistentSet.toString(PersistentSet.java:328) ~[hibernate-core-5.4.10.Final.jar:5.4.10.Final]
	at java.lang.String.valueOf(String.java:2994) ~[na:1.8.0_144]
	at java.lang.StringBuilder.append(StringBuilder.java:131) ~[na:1.8.0_144]
	at com.signant.addressbook.entities.Countries.toString(Countries.java:24) ~[classes/:na]
	at java.lang.String.valueOf(String.java:2994) ~[na:1.8.0_144]
	at java.lang.StringBuilder.append(StringBuilder.java:131) ~[na:1.8.0_144]
	at com.signant.addressbook.entities.States.toString(States.java:26) ~[classes/:na]
	at java.lang.String.valueOf(String.java:2994) ~[na:1.8.0_144]
	at java.lang.StringBuilder.append(StringBuilder.java:131) ~[na:1.8.0_144]
	at java.util.AbstractCollection.toString(AbstractCollection.java:462) ~[na:1.8.0_144]
	at org.hibernate.collection.internal.PersistentSet.toString(PersistentSet.java:328) ~[hibernate-core-5.4.10.Final.jar:5.4.10.Final]
	at java.lang.String.valueOf(String.java:2994) ~[na:1.8.0_144]
	at java.lang.StringBuilder.append(StringBuilder.java:131) ~[na:1.8.0_144]
	at com.signant.addressbook.entities.Countries.toString(Countries.java:24) ~[classes/:na]
	at java.lang.String.valueOf(String.java:2994) ~[na:1.8.0_144]
	at java.lang.StringBuilder.append(StringBuilder.java:131) ~[na:1.8.0_144]
	at com.signant.addressbook.entities.States.toString(States.java:26) ~[classes/:na]
	at java.lang.String.valueOf(String.java:2994) ~[na:1.8.0_144]
	at java.lang.StringBuilder.append(StringBuilder.java:131) ~[na:1.8.0_144]
	at java.util.AbstractCollection.toString(AbstractCollection.java:462) ~[na:1.8.0_144]
	at org.hibernate.collection.internal.PersistentSet.toString(PersistentSet.java:328) ~[hibernate-core-5.4.10.Final.jar:5.4.10.Final]
	at java.lang.String.valueOf(String.java:2994) ~[na:1.8.0_144]
	at java.lang.StringBuilder.append(StringBuilder.java:131) ~[na:1.8.0_144]
	at com.signant.addressbook.entities.Countries.toString(Countries.java:24) ~[classes/:na]
	at java.lang.String.valueOf(String.java:2994) ~[na:1.8.0_144]
	at java.lang.StringBuilder.append(StringBuilder.java:131) ~[na:1.8.0_144]
	at com.signant.addressbook.entities.States.toString(States.java:26) ~[classes/:na]
	at java.lang.String.valueOf(String.java:2994) ~[na:1.8.0_144]
	at java.lang.StringBuilder.append(StringBuilder.java:131) ~[na:1.8.0_144]
	at java.util.AbstractCollection.toString(AbstractCollection.java:462) ~[na:1.8.0_144]
	at org.hibernate.collection.internal.PersistentSet.toString(PersistentSet.java:328) ~[hibernate-core-5.4.10.Final.jar:5.4.10.Final]
	at java.lang.String.valueOf(String.java:2994) ~[na:1.8.0_144]
	at java.lang.StringBuilder.append(StringBuilder.java:131) ~[na:1.8.0_144]
	at com.signant.addressbook.entities.Countries.toString(Countries.java:24) ~[classes/:na]
	at java.lang.String.valueOf(String.java:2994) ~[na:1.8.0_144]
	at java.lang.StringBuilder.append(StringBuilder.java:131) ~[na:1.8.0_144]
	at com.signant.addressbook.entities.States.toString(States.java:26) ~[classes/:na]
	at java.lang.String.valueOf(String.java:2994) ~[na:1.8.0_144]
	at java.lang.StringBuilder.append(StringBuilder.java:131) ~[na:1.8.0_144]
	at java.util.AbstractCollection.toString(AbstractCollection.java:462) ~[na:1.8.0_144]
	at org.hibernate.collection.internal.PersistentSet.toString(PersistentSet.java:328) ~[hibernate-core-5.4.10.Final.jar:5.4.10.Final]
	at java.lang.String.valueOf(String.java:2994) ~[na:1.8.0_144]
	at java.lang.StringBuilder.append(StringBuilder.java:131) ~[na:1.8.0_144]
	at com.signant.addressbook.entities.Countries.toString(Countries.java:24) ~[classes/:na]
	at java.lang.String.valueOf(String.java:2994) ~[na:1.8.0_144]
	at java.lang.StringBuilder.append(StringBuilder.java:131) ~[na:1.8.0_144]
	at com.signant.addressbook.entities.States.toString(States.java:26) ~[classes/:na]
	at java.lang.String.valueOf(String.java:2994) ~[na:1.8.0_144]
	at java.lang.StringBuilder.append(StringBuilder.java:131) ~[na:1.8.0_144]
	at java.util.AbstractCollection.toString(AbstractCollection.java:462) ~[na:1.8.0_144]
	at org.hibernate.collection.internal.PersistentSet.toString(PersistentSet.java:328) ~[hibernate-core-5.4.10.Final.jar:5.4.10.Final]
	at java.lang.String.valueOf(String.java:2994) ~[na:1.8.0_144]
	at java.lang.StringBuilder.append(StringBuilder.java:131) ~[na:1.8.0_144]
	at com.signant.addressbook.entities.Countries.toString(Countries.java:24) ~[classes/:na]
	at java.lang.String.valueOf(String.java:2994) ~[na:1.8.0_144]
	at java.lang.StringBuilder.append(StringBuilder.java:131) ~[na:1.8.0_144]
	at com.signant.addressbook.entities.States.toString(States.java:26) ~[classes/:na]
	at java.lang.String.valueOf(String.java:2994) ~[na:1.8.0_144]
	at java.lang.StringBuilder.append(StringBuilder.java:131) ~[na:1.8.0_144]
	at java.util.AbstractCollection.toString(AbstractCollection.java:462) ~[na:1.8.0_144]
	at org.hibernate.collection.internal.PersistentSet.toString(PersistentSet.java:328) ~[hibernate-core-5.4.10.Final.jar:5.4.10.Final]
	at java.lang.String.valueOf(String.java:2994) ~[na:1.8.0_144]
	at java.lang.StringBuilder.append(StringBuilder.java:131) ~[na:1.8.0_144]
	at com.signant.addressbook.entities.Countries.toString(Countries.java:24) ~[classes/:na]
	at java.lang.String.valueOf(String.java:2994) ~[na:1.8.0_144]
	at java.lang.StringBuilder.append(StringBuilder.java:131) ~[na:1.8.0_144]
	at com.signant.addressbook.entities.States.toString(States.java:26) ~[classes/:na]
	at java.lang.String.valueOf(String.java:2994) ~[na:1.8.0_144]
	at java.lang.StringBuilder.append(StringBuilder.java:131) ~[na:1.8.0_144]
	at java.util.AbstractCollection.toString(AbstractCollection.java:462) ~[na:1.8.0_144]
	at org.hibernate.collection.internal.PersistentSet.toString(PersistentSet.java:328) ~[hibernate-core-5.4.10.Final.jar:5.4.10.Final]
	at java.lang.String.valueOf(String.java:2994) ~[na:1.8.0_144]
	at java.lang.StringBuilder.append(StringBuilder.java:131) ~[na:1.8.0_144]
	at com.signant.addressbook.entities.Countries.toString(Countries.java:24) ~[classes/:na]
	at java.lang.String.valueOf(String.java:2994) ~[na:1.8.0_144]
	at java.lang.StringBuilder.append(StringBuilder.java:131) ~[na:1.8.0_144]
	at com.signant.addressbook.entities.States.toString(States.java:26) ~[classes/:na]
	at java.lang.String.valueOf(String.java:2994) ~[na:1.8.0_144]
	at java.lang.StringBuilder.append(StringBuilder.java:131) ~[na:1.8.0_144]
	at java.util.AbstractCollection.toString(AbstractCollection.java:462) ~[na:1.8.0_144]
	at org.hibernate.collection.internal.PersistentSet.toString(PersistentSet.java:328) ~[hibernate-core-5.4.10.Final.jar:5.4.10.Final]
	at java.lang.String.valueOf(String.java:2994) ~[na:1.8.0_144]
	at java.lang.StringBuilder.append(StringBuilder.java:131) ~[na:1.8.0_144]
	at com.signant.addressbook.entities.Countries.toString(Countries.java:24) ~[classes/:na]
	at java.lang.String.valueOf(String.java:2994) ~[na:1.8.0_144]
	at java.lang.StringBuilder.append(StringBuilder.java:131) ~[na:1.8.0_144]
	at com.signant.addressbook.entities.States.toString(States.java:26) ~[classes/:na]
	at java.lang.String.valueOf(String.java:2994) ~[na:1.8.0_144]
	at java.lang.StringBuilder.append(StringBuilder.java:131) ~[na:1.8.0_144]
	at java.util.AbstractCollection.toString(AbstractCollection.java:462) ~[na:1.8.0_144]
	at org.hibernate.collection.internal.PersistentSet.toString(PersistentSet.java:328) ~[hibernate-core-5.4.10.Final.jar:5.4.10.Final]
	at java.lang.String.valueOf(String.java:2994) ~[na:1.8.0_144]
	at java.lang.StringBuilder.append(StringBuilder.java:131) ~[na:1.8.0_144]
	at com.signant.addressbook.entities.Countries.toString(Countries.java:24) ~[classes/:na]
	at java.lang.String.valueOf(String.java:2994) ~[na:1.8.0_144]
	at java.lang.StringBuilder.append(StringBuilder.java:131) ~[na:1.8.0_144]
	at com.signant.addressbook.entities.States.toString(States.java:26) ~[classes/:na]
	at java.lang.String.valueOf(String.java:2994) ~[na:1.8.0_144]
	at java.lang.StringBuilder.append(StringBuilder.java:131) ~[na:1.8.0_144]
	at java.util.AbstractCollection.toString(AbstractCollection.java:462) ~[na:1.8.0_144]
	at org.hibernate.collection.internal.PersistentSet.toString(PersistentSet.java:328) ~[hibernate-core-5.4.10.Final.jar:5.4.10.Final]
	at java.lang.String.valueOf(String.java:2994) ~[na:1.8.0_144]
	at java.lang.StringBuilder.append(StringBuilder.java:131) ~[na:1.8.0_144]
	at com.signant.addressbook.entities.Countries.toString(Countries.java:24) ~[classes/:na]
	at java.lang.String.valueOf(String.java:2994) ~[na:1.8.0_144]
	at java.lang.StringBuilder.append(StringBuilder.java:131) ~[na:1.8.0_144]
	at com.signant.addressbook.entities.States.toString(States.java:26) ~[classes/:na]
	at java.lang.String.valueOf(String.java:2994) ~[na:1.8.0_144]
	at java.lang.StringBuilder.append(StringBuilder.java:131) ~[na:1.8.0_144]
	at java.util.AbstractCollection.toString(AbstractCollection.java:462) ~[na:1.8.0_144]
	at org.hibernate.collection.internal.PersistentSet.toString(PersistentSet.java:328) ~[hibernate-core-5.4.10.Final.jar:5.4.10.Final]
	at java.lang.String.valueOf(String.java:2994) ~[na:1.8.0_144]
	at java.lang.StringBuilder.append(StringBuilder.java:131) ~[na:1.8.0_144]
	at com.signant.addressbook.entities.Countries.toString(Countries.java:24) ~[classes/:na]
	at java.lang.String.valueOf(String.java:2994) ~[na:1.8.0_144]
	at java.lang.StringBuilder.append(StringBuilder.java:131) ~[na:1.8.0_144]
	at com.signant.addressbook.entities.States.toString(States.java:26) ~[classes/:na]
	at java.lang.String.valueOf(String.java:2994) ~[na:1.8.0_144]
	at java.lang.StringBuilder.append(StringBuilder.java:131) ~[na:1.8.0_144]
	at java.util.AbstractCollection.toString(AbstractCollection.java:462) ~[na:1.8.0_144]
	at org.hibernate.collection.internal.PersistentSet.toString(PersistentSet.java:328) ~[hibernate-core-5.4.10.Final.jar:5.4.10.Final]
	at java.lang.String.valueOf(String.java:2994) ~[na:1.8.0_144]
	at java.lang.StringBuilder.append(StringBuilder.java:131) ~[na:1.8.0_144]
	at com.signant.addressbook.entities.Countries.toString(Countries.java:24) ~[classes/:na]
	at java.lang.String.valueOf(String.java:2994) ~[na:1.8.0_144]
	at java.lang.StringBuilder.append(StringBuilder.java:131) ~[na:1.8.0_144]
	at com.signant.addressbook.entities.States.toString(States.java:26) ~[classes/:na]
	at java.lang.String.valueOf(String.java:2994) ~[na:1.8.0_144]
	at java.lang.StringBuilder.append(StringBuilder.java:131) ~[na:1.8.0_144]
	at java.util.AbstractCollection.toString(AbstractCollection.java:462) ~[na:1.8.0_144]
	at org.hibernate.collection.internal.PersistentSet.toString(PersistentSet.java:328) ~[hibernate-core-5.4.10.Final.jar:5.4.10.Final]
	at java.lang.String.valueOf(String.java:2994) ~[na:1.8.0_144]
	at java.lang.StringBuilder.append(StringBuilder.java:131) ~[na:1.8.0_144]
	at com.signant.addressbook.entities.Countries.toString(Countries.java:24) ~[classes/:na]
	at java.lang.String.valueOf(String.java:2994) ~[na:1.8.0_144]
	at java.lang.StringBuilder.append(StringBuilder.java:131) ~[na:1.8.0_144]
	at com.signant.addressbook.entities.States.toString(States.java:26) ~[classes/:na]
	at java.lang.String.valueOf(String.java:2994) ~[na:1.8.0_144]
	at java.lang.StringBuilder.append(StringBuilder.java:131) ~[na:1.8.0_144]
	at java.util.AbstractCollection.toString(AbstractCollection.java:462) ~[na:1.8.0_144]
	at org.hibernate.collection.internal.PersistentSet.toString(PersistentSet.java:328) ~[hibernate-core-5.4.10.Final.jar:5.4.10.Final]
	at java.lang.String.valueOf(String.java:2994) ~[na:1.8.0_144]
	at java.lang.StringBuilder.append(StringBuilder.java:131) ~[na:1.8.0_144]
	at com.signant.addressbook.entities.Countries.toString(Countries.java:24) ~[classes/:na]
	at java.lang.String.valueOf(String.java:2994) ~[na:1.8.0_144]
	at java.lang.StringBuilder.append(StringBuilder.java:131) ~[na:1.8.0_144]
	at com.signant.addressbook.entities.States.toString(States.java:26) ~[classes/:na]
	at java.lang.String.valueOf(String.java:2994) ~[na:1.8.0_144]
	at java.lang.StringBuilder.append(StringBuilder.java:131) ~[na:1.8.0_144]
	at java.util.AbstractCollection.toString(AbstractCollection.java:462) ~[na:1.8.0_144]
	at org.hibernate.collection.internal.PersistentSet.toString(PersistentSet.java:328) ~[hibernate-core-5.4.10.Final.jar:5.4.10.Final]
	at java.lang.String.valueOf(String.java:2994) ~[na:1.8.0_144]
	at java.lang.StringBuilder.append(StringBuilder.java:131) ~[na:1.8.0_144]
	at com.signant.addressbook.entities.Countries.toString(Countries.java:24) ~[classes/:na]
	at java.lang.String.valueOf(String.java:2994) ~[na:1.8.0_144]
	at java.lang.StringBuilder.append(StringBuilder.java:131) ~[na:1.8.0_144]
	at com.signant.addressbook.entities.States.toString(States.java:26) ~[classes/:na]
	at java.lang.String.valueOf(String.java:2994) ~[na:1.8.0_144]
	at java.lang.StringBuilder.append(StringBuilder.java:131) ~[na:1.8.0_144]
	at java.util.AbstractCollection.toString(AbstractCollection.java:462) ~[na:1.8.0_144]
	at org.hibernate.collection.internal.PersistentSet.toString(PersistentSet.java:328) ~[hibernate-core-5.4.10.Final.jar:5.4.10.Final]
	at java.lang.String.valueOf(String.java:2994) ~[na:1.8.0_144]
	at java.lang.StringBuilder.append(StringBuilder.java:131) ~[na:1.8.0_144]
	at com.signant.addressbook.entities.Countries.toString(Countries.java:24) ~[classes/:na]
	at java.lang.String.valueOf(String.java:2994) ~[na:1.8.0_144]
	at java.lang.StringBuilder.append(StringBuilder.java:131) ~[na:1.8.0_144]
	at com.signant.addressbook.entities.States.toString(States.java:26) ~[classes/:na]
	at java.lang.String.valueOf(String.java:2994) ~[na:1.8.0_144]
	at java.lang.StringBuilder.append(StringBuilder.java:131) ~[na:1.8.0_144]
	at java.util.AbstractCollection.toString(AbstractCollection.java:462) ~[na:1.8.0_144]
	at org.hibernate.collection.internal.PersistentSet.toString(PersistentSet.java:328) ~[hibernate-core-5.4.10.Final.jar:5.4.10.Final]
	at java.lang.String.valueOf(String.java:2994) ~[na:1.8.0_144]
	at java.lang.StringBuilder.append(StringBuilder.java:131) ~[na:1.8.0_144]
	at com.signant.addressbook.entities.Countries.toString(Countries.java:24) ~[classes/:na]
	at java.lang.String.valueOf(String.java:2994) ~[na:1.8.0_144]
	at java.lang.StringBuilder.append(StringBuilder.java:131) ~[na:1.8.0_144]
	at com.signant.addressbook.entities.States.toString(States.java:26) ~[classes/:na]
	at java.lang.String.valueOf(String.java:2994) ~[na:1.8.0_144]
	at java.lang.StringBuilder.append(StringBuilder.java:131) ~[na:1.8.0_144]
	at java.util.AbstractCollection.toString(AbstractCollection.java:462) ~[na:1.8.0_144]
	at org.hibernate.collection.internal.PersistentSet.toString(PersistentSet.java:328) ~[hibernate-core-5.4.10.Final.jar:5.4.10.Final]
	at java.lang.String.valueOf(String.java:2994) ~[na:1.8.0_144]
	at java.lang.StringBuilder.append(StringBuilder.java:131) ~[na:1.8.0_144]
	at com.signant.addressbook.entities.Countries.toString(Countries.java:24) ~[classes/:na]
	at java.lang.String.valueOf(String.java:2994) ~[na:1.8.0_144]
	at java.lang.StringBuilder.append(StringBuilder.java:131) ~[na:1.8.0_144]
	at com.signant.addressbook.entities.States.toString(States.java:26) ~[classes/:na]
	at java.lang.String.valueOf(String.java:2994) ~[na:1.8.0_144]
	at java.lang.StringBuilder.append(StringBuilder.java:131) ~[na:1.8.0_144]
	at java.util.AbstractCollection.toString(AbstractCollection.java:462) ~[na:1.8.0_144]
	at org.hibernate.collection.internal.PersistentSet.toString(PersistentSet.java:328) ~[hibernate-core-5.4.10.Final.jar:5.4.10.Final]
	at java.lang.String.valueOf(String.java:2994) ~[na:1.8.0_144]
	at java.lang.StringBuilder.append(StringBuilder.java:131) ~[na:1.8.0_144]
	at com.signant.addressbook.entities.Countries.toString(Countries.java:24) ~[classes/:na]
	at java.lang.String.valueOf(String.java:2994) ~[na:1.8.0_144]
	at java.lang.StringBuilder.append(StringBuilder.java:131) ~[na:1.8.0_144]
	at com.signant.addressbook.entities.States.toString(States.java:26) ~[classes/:na]
	at java.lang.String.valueOf(String.java:2994) ~[na:1.8.0_144]
	at java.lang.StringBuilder.append(StringBuilder.java:131) ~[na:1.8.0_144]
	at java.util.AbstractCollection.toString(AbstractCollection.java:462) ~[na:1.8.0_144]
	at org.hibernate.collection.internal.PersistentSet.toString(PersistentSet.java:328) ~[hibernate-core-5.4.10.Final.jar:5.4.10.Final]
	at java.lang.String.valueOf(String.java:2994) ~[na:1.8.0_144]
	at java.lang.StringBuilder.append(StringBuilder.java:131) ~[na:1.8.0_144]
	at com.signant.addressbook.entities.Countries.toString(Countries.java:24) ~[classes/:na]
	at java.lang.String.valueOf(String.java:2994) ~[na:1.8.0_144]
	at java.lang.StringBuilder.append(StringBuilder.java:131) ~[na:1.8.0_144]
	at com.signant.addressbook.entities.States.toString(States.java:26) ~[classes/:na]
	at java.lang.String.valueOf(String.java:2994) ~[na:1.8.0_144]
	at java.lang.StringBuilder.append(StringBuilder.java:131) ~[na:1.8.0_144]
	at java.util.AbstractCollection.toString(AbstractCollection.java:462) ~[na:1.8.0_144]
	at org.hibernate.collection.internal.PersistentSet.toString(PersistentSet.java:328) ~[hibernate-core-5.4.10.Final.jar:5.4.10.Final]
	at java.lang.String.valueOf(String.java:2994) ~[na:1.8.0_144]
	at java.lang.StringBuilder.append(StringBuilder.java:131) ~[na:1.8.0_144]
	at com.signant.addressbook.entities.Countries.toString(Countries.java:24) ~[classes/:na]
	at java.lang.String.valueOf(String.java:2994) ~[na:1.8.0_144]
	at java.lang.StringBuilder.append(StringBuilder.java:131) ~[na:1.8.0_144]
	at com.signant.addressbook.entities.States.toString(States.java:26) ~[classes/:na]
	at java.lang.String.valueOf(String.java:2994) ~[na:1.8.0_144]
	at java.lang.StringBuilder.append(StringBuilder.java:131) ~[na:1.8.0_144]
	at java.util.AbstractCollection.toString(AbstractCollection.java:462) ~[na:1.8.0_144]
	at org.hibernate.collection.internal.PersistentSet.toString(PersistentSet.java:328) ~[hibernate-core-5.4.10.Final.jar:5.4.10.Final]
	at java.lang.String.valueOf(String.java:2994) ~[na:1.8.0_144]
	at java.lang.StringBuilder.append(StringBuilder.java:131) ~[na:1.8.0_144]
	at com.signant.addressbook.entities.Countries.toString(Countries.java:24) ~[classes/:na]
	at java.lang.String.valueOf(String.java:2994) ~[na:1.8.0_144]
	at java.lang.StringBuilder.append(StringBuilder.java:131) ~[na:1.8.0_144]
	at com.signant.addressbook.entities.States.toString(States.java:26) ~[classes/:na]
	at java.lang.String.valueOf(String.java:2994) ~[na:1.8.0_144]
	at java.lang.StringBuilder.append(StringBuilder.java:131) ~[na:1.8.0_144]
	at java.util.AbstractCollection.toString(AbstractCollection.java:462) ~[na:1.8.0_144]
	at org.hibernate.collection.internal.PersistentSet.toString(PersistentSet.java:328) ~[hibernate-core-5.4.10.Final.jar:5.4.10.Final]
	at java.lang.String.valueOf(String.java:2994) ~[na:1.8.0_144]
	at java.lang.StringBuilder.append(StringBuilder.java:131) ~[na:1.8.0_144]
	at com.signant.addressbook.entities.Countries.toString(Countries.java:24) ~[classes/:na]
	at java.lang.String.valueOf(String.java:2994) ~[na:1.8.0_144]
	at java.lang.StringBuilder.append(StringBuilder.java:131) ~[na:1.8.0_144]
	at com.signant.addressbook.entities.States.toString(States.java:26) ~[classes/:na]
	at java.lang.String.valueOf(String.java:2994) ~[na:1.8.0_144]
	at java.lang.StringBuilder.append(StringBuilder.java:131) ~[na:1.8.0_144]
	at java.util.AbstractCollection.toString(AbstractCollection.java:462) ~[na:1.8.0_144]
	at org.hibernate.collection.internal.PersistentSet.toString(PersistentSet.java:328) ~[hibernate-core-5.4.10.Final.jar:5.4.10.Final]
	at java.lang.String.valueOf(String.java:2994) ~[na:1.8.0_144]
	at java.lang.StringBuilder.append(StringBuilder.java:131) ~[na:1.8.0_144]
	at com.signant.addressbook.entities.Countries.toString(Countries.java:24) ~[classes/:na]
	at java.lang.String.valueOf(String.java:2994) ~[na:1.8.0_144]
	at java.lang.StringBuilder.append(StringBuilder.java:131) ~[na:1.8.0_144]
	at com.signant.addressbook.entities.States.toString(States.java:26) ~[classes/:na]
	at java.lang.String.valueOf(String.java:2994) ~[na:1.8.0_144]
	at java.lang.StringBuilder.append(StringBuilder.java:131) ~[na:1.8.0_144]
	at java.util.AbstractCollection.toString(AbstractCollection.java:462) ~[na:1.8.0_144]
	at org.hibernate.collection.internal.PersistentSet.toString(PersistentSet.java:328) ~[hibernate-core-5.4.10.Final.jar:5.4.10.Final]
	at java.lang.String.valueOf(String.java:2994) ~[na:1.8.0_144]
	at java.lang.StringBuilder.append(StringBuilder.java:131) ~[na:1.8.0_144]
	at com.signant.addressbook.entities.Countries.toString(Countries.java:24) ~[classes/:na]
	at java.lang.String.valueOf(String.java:2994) ~[na:1.8.0_144]
	at java.lang.StringBuilder.append(StringBuilder.java:131) ~[na:1.8.0_144]
	at com.signant.addressbook.entities.States.toString(States.java:26) ~[classes/:na]
	at java.lang.String.valueOf(String.java:2994) ~[na:1.8.0_144]
	at java.lang.StringBuilder.append(StringBuilder.java:131) ~[na:1.8.0_144]
	at java.util.AbstractCollection.toString(AbstractCollection.java:462) ~[na:1.8.0_144]
	at org.hibernate.collection.internal.PersistentSet.toString(PersistentSet.java:328) ~[hibernate-core-5.4.10.Final.jar:5.4.10.Final]
	at java.lang.String.valueOf(String.java:2994) ~[na:1.8.0_144]
	at java.lang.StringBuilder.append(StringBuilder.java:131) ~[na:1.8.0_144]
	at com.signant.addressbook.entities.Countries.toString(Countries.java:24) ~[classes/:na]
	at java.lang.String.valueOf(String.java:2994) ~[na:1.8.0_144]
	at java.lang.StringBuilder.append(StringBuilder.java:131) ~[na:1.8.0_144]
	at com.signant.addressbook.entities.States.toString(States.java:26) ~[classes/:na]
	at java.lang.String.valueOf(String.java:2994) ~[na:1.8.0_144]
	at java.lang.StringBuilder.append(StringBuilder.java:131) ~[na:1.8.0_144]
	at java.util.AbstractCollection.toString(AbstractCollection.java:462) ~[na:1.8.0_144]
	at org.hibernate.collection.internal.PersistentSet.toString(PersistentSet.java:328) ~[hibernate-core-5.4.10.Final.jar:5.4.10.Final]
	at java.lang.String.valueOf(String.java:2994) ~[na:1.8.0_144]
	at java.lang.StringBuilder.append(StringBuilder.java:131) ~[na:1.8.0_144]
	at com.signant.addressbook.entities.Countries.toString(Countries.java:24) ~[classes/:na]
	at java.lang.String.valueOf(String.java:2994) ~[na:1.8.0_144]
	at java.lang.StringBuilder.append(StringBuilder.java:131) ~[na:1.8.0_144]
	at com.signant.addressbook.entities.States.toString(States.java:26) ~[classes/:na]
	at java.lang.String.valueOf(String.java:2994) ~[na:1.8.0_144]
	at java.lang.StringBuilder.append(StringBuilder.java:131) ~[na:1.8.0_144]
	at java.util.AbstractCollection.toString(AbstractCollection.java:462) ~[na:1.8.0_144]
	at org.hibernate.collection.internal.PersistentSet.toString(PersistentSet.java:328) ~[hibernate-core-5.4.10.Final.jar:5.4.10.Final]
	at java.lang.String.valueOf(String.java:2994) ~[na:1.8.0_144]
	at java.lang.StringBuilder.append(StringBuilder.java:131) ~[na:1.8.0_144]
	at com.signant.addressbook.entities.Countries.toString(Countries.java:24) ~[classes/:na]
	at java.lang.String.valueOf(String.java:2994) ~[na:1.8.0_144]
	at java.lang.StringBuilder.append(StringBuilder.java:131) ~[na:1.8.0_144]
	at com.signant.addressbook.entities.States.toString(States.java:26) ~[classes/:na]
	at java.lang.String.valueOf(String.java:2994) ~[na:1.8.0_144]
	at java.lang.StringBuilder.append(StringBuilder.java:131) ~[na:1.8.0_144]
	at java.util.AbstractCollection.toString(AbstractCollection.java:462) ~[na:1.8.0_144]
	at org.hibernate.collection.internal.PersistentSet.toString(PersistentSet.java:328) ~[hibernate-core-5.4.10.Final.jar:5.4.10.Final]
	at java.lang.String.valueOf(String.java:2994) ~[na:1.8.0_144]
	at java.lang.StringBuilder.append(StringBuilder.java:131) ~[na:1.8.0_144]
	at com.signant.addressbook.entities.Countries.toString(Countries.java:24) ~[classes/:na]
	at java.lang.String.valueOf(String.java:2994) ~[na:1.8.0_144]
	at java.lang.StringBuilder.append(StringBuilder.java:131) ~[na:1.8.0_144]
	at com.signant.addressbook.entities.States.toString(States.java:26) ~[classes/:na]
	at java.lang.String.valueOf(String.java:2994) ~[na:1.8.0_144]
	at java.lang.StringBuilder.append(StringBuilder.java:131) ~[na:1.8.0_144]
	at java.util.AbstractCollection.toString(AbstractCollection.java:462) ~[na:1.8.0_144]
	at org.hibernate.collection.internal.PersistentSet.toString(PersistentSet.java:328) ~[hibernate-core-5.4.10.Final.jar:5.4.10.Final]
	at java.lang.String.valueOf(String.java:2994) ~[na:1.8.0_144]
	at java.lang.StringBuilder.append(StringBuilder.java:131) ~[na:1.8.0_144]
	at com.signant.addressbook.entities.Countries.toString(Countries.java:24) ~[classes/:na]
	at java.lang.String.valueOf(String.java:2994) ~[na:1.8.0_144]
	at java.lang.StringBuilder.append(StringBuilder.java:131) ~[na:1.8.0_144]
	at com.signant.addressbook.entities.States.toString(States.java:26) ~[classes/:na]
	at java.lang.String.valueOf(String.java:2994) ~[na:1.8.0_144]
	at java.lang.StringBuilder.append(StringBuilder.java:131) ~[na:1.8.0_144]
	at java.util.AbstractCollection.toString(AbstractCollection.java:462) ~[na:1.8.0_144]
	at org.hibernate.collection.internal.PersistentSet.toString(PersistentSet.java:328) ~[hibernate-core-5.4.10.Final.jar:5.4.10.Final]
	at java.lang.String.valueOf(String.java:2994) ~[na:1.8.0_144]
	at java.lang.StringBuilder.append(StringBuilder.java:131) ~[na:1.8.0_144]
	at com.signant.addressbook.entities.Countries.toString(Countries.java:24) ~[classes/:na]
	at java.lang.String.valueOf(String.java:2994) ~[na:1.8.0_144]
	at java.lang.StringBuilder.append(StringBuilder.java:131) ~[na:1.8.0_144]
	at com.signant.addressbook.entities.States.toString(States.java:26) ~[classes/:na]
	at java.lang.String.valueOf(String.java:2994) ~[na:1.8.0_144]
	at java.lang.StringBuilder.append(StringBuilder.java:131) ~[na:1.8.0_144]
	at java.util.AbstractCollection.toString(AbstractCollection.java:462) ~[na:1.8.0_144]
	at org.hibernate.collection.internal.PersistentSet.toString(PersistentSet.java:328) ~[hibernate-core-5.4.10.Final.jar:5.4.10.Final]
	at java.lang.String.valueOf(String.java:2994) ~[na:1.8.0_144]
	at java.lang.StringBuilder.append(StringBuilder.java:131) ~[na:1.8.0_144]
	at com.signant.addressbook.entities.Countries.toString(Countries.java:24) ~[classes/:na]
	at java.lang.String.valueOf(String.java:2994) ~[na:1.8.0_144]
	at java.lang.StringBuilder.append(StringBuilder.java:131) ~[na:1.8.0_144]
	at com.signant.addressbook.entities.States.toString(States.java:26) ~[classes/:na]
	at java.lang.String.valueOf(String.java:2994) ~[na:1.8.0_144]
	at java.lang.StringBuilder.append(StringBuilder.java:131) ~[na:1.8.0_144]
	at java.util.AbstractCollection.toString(AbstractCollection.java:462) ~[na:1.8.0_144]
	at org.hibernate.collection.internal.PersistentSet.toString(PersistentSet.java:328) ~[hibernate-core-5.4.10.Final.jar:5.4.10.Final]
	at java.lang.String.valueOf(String.java:2994) ~[na:1.8.0_144]
	at java.lang.StringBuilder.append(StringBuilder.java:131) ~[na:1.8.0_144]
	at com.signant.addressbook.entities.Countries.toString(Countries.java:24) ~[classes/:na]
	at java.lang.String.valueOf(String.java:2994) ~[na:1.8.0_144]
	at java.lang.StringBuilder.append(StringBuilder.java:131) ~[na:1.8.0_144]
	at com.signant.addressbook.entities.States.toString(States.java:26) ~[classes/:na]

2020-02-19 16:06:11.604  INFO 4772 --- [           main] o.s.s.concurrent.ThreadPoolTaskExecutor  : Shutting down ExecutorService 'applicationTaskExecutor'
2020-02-19 16:06:11.605  INFO 4772 --- [           main] j.LocalContainerEntityManagerFactoryBean : Closing JPA EntityManagerFactory for persistence unit 'default'
2020-02-19 16:06:11.605  INFO 4772 --- [           main] .SchemaDropperImpl$DelayedDropActionImpl : HHH000477: Starting delayed evictData of schema as part of SessionFactory shut-down'
Hibernate: drop table address if exists
Hibernate: drop table cities if exists
Hibernate: drop table countries if exists
2020-02-19 16:06:11.612 ERROR 4772 --- [           main] .SchemaDropperImpl$DelayedDropActionImpl : HHH000478: Unsuccessful: drop table countries if exists
Hibernate: drop table states if exists
Hibernate: drop sequence if exists hibernate_sequence
2020-02-19 16:06:11.615  INFO 4772 --- [           main] com.zaxxer.hikari.HikariDataSource       : HikariPool-1 - Shutdown initiated...
2020-02-19 16:06:11.619  INFO 4772 --- [           main] com.zaxxer.hikari.HikariDataSource       : HikariPool-1 - Shutdown completed.
2020-02-19 16:06:11.620 ERROR 4772 --- [           main] o.s.test.context.TestContextManager      : Caught exception while allowing TestExecutionListener [org.springframework.test.context.web.ServletTestExecutionListener@5b1669c0] to prepare test instance [com.signant.AddressBookSpringBootWithJpaApplicationTests@4809c771]

java.lang.StackOverflowError: null
	at java.util.AbstractCollection.toString(AbstractCollection.java:454) ~[na:1.8.0_144]
	at java.lang.String.valueOf(String.java:2994) ~[na:1.8.0_144]
	at java.lang.StringBuilder.append(StringBuilder.java:131) ~[na:1.8.0_144]
	at com.signant.addressbook.entities.States.toString(States.java:26) ~[classes/:na]
	at java.lang.String.valueOf(String.java:2994) ~[na:1.8.0_144]
	at java.lang.StringBuilder.append(StringBuilder.java:131) ~[na:1.8.0_144]
	at java.util.AbstractCollection.toString(AbstractCollection.java:462) ~[na:1.8.0_144]
	at org.hibernate.collection.internal.PersistentSet.toString(PersistentSet.java:328) ~[hibernate-core-5.4.10.Final.jar:5.4.10.Final]
	at java.lang.String.valueOf(String.java:2994) ~[na:1.8.0_144]
	at java.lang.StringBuilder.append(StringBuilder.java:131) ~[na:1.8.0_144]
	at com.signant.addressbook.entities.Countries.toString(Countries.java:24) ~[classes/:na]
	at java.lang.String.valueOf(String.java:2994) ~[na:1.8.0_144]
	at java.lang.StringBuilder.append(StringBuilder.java:131) ~[na:1.8.0_144]
	at com.signant.addressbook.entities.States.toString(States.java:26) ~[classes/:na]
	at java.lang.String.valueOf(String.java:2994) ~[na:1.8.0_144]
	at java.lang.StringBuilder.append(StringBuilder.java:131) ~[na:1.8.0_144]
	at java.util.AbstractCollection.toString(AbstractCollection.java:462) ~[na:1.8.0_144]
	at org.hibernate.collection.internal.PersistentSet.toString(PersistentSet.java:328) ~[hibernate-core-5.4.10.Final.jar:5.4.10.Final]
	at java.lang.String.valueOf(String.java:2994) ~[na:1.8.0_144]
	at java.lang.StringBuilder.append(StringBuilder.java:131) ~[na:1.8.0_144]
	at com.signant.addressbook.entities.Countries.toString(Countries.java:24) ~[classes/:na]
	at java.lang.String.valueOf(String.java:2994) ~[na:1.8.0_144]
	at java.lang.StringBuilder.append(StringBuilder.java:131) ~[na:1.8.0_144]
	at com.signant.addressbook.entities.States.toString(States.java:26) ~[classes/:na]
	at java.lang.String.valueOf(String.java:2994) ~[na:1.8.0_144]
	at java.lang.StringBuilder.append(StringBuilder.java:131) ~[na:1.8.0_144]
	at java.util.AbstractCollection.toString(AbstractCollection.java:462) ~[na:1.8.0_144]
	at org.hibernate.collection.internal.PersistentSet.toString(PersistentSet.java:328) ~[hibernate-core-5.4.10.Final.jar:5.4.10.Final]
	at java.lang.String.valueOf(String.java:2994) ~[na:1.8.0_144]
	at java.lang.StringBuilder.append(StringBuilder.java:131) ~[na:1.8.0_144]
	at com.signant.addressbook.entities.Countries.toString(Countries.java:24) ~[classes/:na]
	at java.lang.String.valueOf(String.java:2994) ~[na:1.8.0_144]
	at java.lang.StringBuilder.append(StringBuilder.java:131) ~[na:1.8.0_144]
	at com.signant.addressbook.entities.States.toString(States.java:26) ~[classes/:na]
	at java.lang.String.valueOf(String.java:2994) ~[na:1.8.0_144]
	at java.lang.StringBuilder.append(StringBuilder.java:131) ~[na:1.8.0_144]
	at java.util.AbstractCollection.toString(AbstractCollection.java:462) ~[na:1.8.0_144]
	at org.hibernate.collection.internal.PersistentSet.toString(PersistentSet.java:328) ~[hibernate-core-5.4.10.Final.jar:5.4.10.Final]
	at java.lang.String.valueOf(String.java:2994) ~[na:1.8.0_144]
	at java.lang.StringBuilder.append(StringBuilder.java:131) ~[na:1.8.0_144]
	at com.signant.addressbook.entities.Countries.toString(Countries.java:24) ~[classes/:na]
	at java.lang.String.valueOf(String.java:2994) ~[na:1.8.0_144]
	at java.lang.StringBuilder.append(StringBuilder.java:131) ~[na:1.8.0_144]
	at com.signant.addressbook.entities.States.toString(States.java:26) ~[classes/:na]
	at java.lang.String.valueOf(String.java:2994) ~[na:1.8.0_144]
	at java.lang.StringBuilder.append(StringBuilder.java:131) ~[na:1.8.0_144]
	at java.util.AbstractCollection.toString(AbstractCollection.java:462) ~[na:1.8.0_144]
	at org.hibernate.collection.internal.PersistentSet.toString(PersistentSet.java:328) ~[hibernate-core-5.4.10.Final.jar:5.4.10.Final]
	at java.lang.String.valueOf(String.java:2994) ~[na:1.8.0_144]
	at java.lang.StringBuilder.append(StringBuilder.java:131) ~[na:1.8.0_144]
	at com.signant.addressbook.entities.Countries.toString(Countries.java:24) ~[classes/:na]
	at java.lang.String.valueOf(String.java:2994) ~[na:1.8.0_144]
	at java.lang.StringBuilder.append(StringBuilder.java:131) ~[na:1.8.0_144]
	at com.signant.addressbook.entities.States.toString(States.java:26) ~[classes/:na]
	at java.lang.String.valueOf(String.java:2994) ~[na:1.8.0_144]
	at java.lang.StringBuilder.append(StringBuilder.java:131) ~[na:1.8.0_144]
	at java.util.AbstractCollection.toString(AbstractCollection.java:462) ~[na:1.8.0_144]
	at org.hibernate.collection.internal.PersistentSet.toString(PersistentSet.java:328) ~[hibernate-core-5.4.10.Final.jar:5.4.10.Final]
	at java.lang.String.valueOf(String.java:2994) ~[na:1.8.0_144]
	at java.lang.StringBuilder.append(StringBuilder.java:131) ~[na:1.8.0_144]
	at com.signant.addressbook.entities.Countries.toString(Countries.java:24) ~[classes/:na]
	at java.lang.String.valueOf(String.java:2994) ~[na:1.8.0_144]
	at java.lang.StringBuilder.append(StringBuilder.java:131) ~[na:1.8.0_144]
	at com.signant.addressbook.entities.States.toString(States.java:26) ~[classes/:na]
	at java.lang.String.valueOf(String.java:2994) ~[na:1.8.0_144]
	at java.lang.StringBuilder.append(StringBuilder.java:131) ~[na:1.8.0_144]
	at java.util.AbstractCollection.toString(AbstractCollection.java:462) ~[na:1.8.0_144]
	at org.hibernate.collection.internal.PersistentSet.toString(PersistentSet.java:328) ~[hibernate-core-5.4.10.Final.jar:5.4.10.Final]
	at java.lang.String.valueOf(String.java:2994) ~[na:1.8.0_144]
	at java.lang.StringBuilder.append(StringBuilder.java:131) ~[na:1.8.0_144]
	at com.signant.addressbook.entities.Countries.toString(Countries.java:24) ~[classes/:na]
	at java.lang.String.valueOf(String.java:2994) ~[na:1.8.0_144]
	at java.lang.StringBuilder.append(StringBuilder.java:131) ~[na:1.8.0_144]
	at com.signant.addressbook.entities.States.toString(States.java:26) ~[classes/:na]
	at java.lang.String.valueOf(String.java:2994) ~[na:1.8.0_144]
	at java.lang.StringBuilder.append(StringBuilder.java:131) ~[na:1.8.0_144]
	at java.util.AbstractCollection.toString(AbstractCollection.java:462) ~[na:1.8.0_144]
	at org.hibernate.collection.internal.PersistentSet.toString(PersistentSet.java:328) ~[hibernate-core-5.4.10.Final.jar:5.4.10.Final]
	at java.lang.String.valueOf(String.java:2994) ~[na:1.8.0_144]
	at java.lang.StringBuilder.append(StringBuilder.java:131) ~[na:1.8.0_144]
	at com.signant.addressbook.entities.Countries.toString(Countries.java:24) ~[classes/:na]
	at java.lang.String.valueOf(String.java:2994) ~[na:1.8.0_144]
	at java.lang.StringBuilder.append(StringBuilder.java:131) ~[na:1.8.0_144]
	at com.signant.addressbook.entities.States.toString(States.java:26) ~[classes/:na]
	at java.lang.String.valueOf(String.java:2994) ~[na:1.8.0_144]
	at java.lang.StringBuilder.append(StringBuilder.java:131) ~[na:1.8.0_144]
	at java.util.AbstractCollection.toString(AbstractCollection.java:462) ~[na:1.8.0_144]
	at org.hibernate.collection.internal.PersistentSet.toString(PersistentSet.java:328) ~[hibernate-core-5.4.10.Final.jar:5.4.10.Final]
	at java.lang.String.valueOf(String.java:2994) ~[na:1.8.0_144]
	at java.lang.StringBuilder.append(StringBuilder.java:131) ~[na:1.8.0_144]
	at com.signant.addressbook.entities.Countries.toString(Countries.java:24) ~[classes/:na]
	at java.lang.String.valueOf(String.java:2994) ~[na:1.8.0_144]
	at java.lang.StringBuilder.append(StringBuilder.java:131) ~[na:1.8.0_144]
	at com.signant.addressbook.entities.States.toString(States.java:26) ~[classes/:na]
	at java.lang.String.valueOf(String.java:2994) ~[na:1.8.0_144]
	at java.lang.StringBuilder.append(StringBuilder.java:131) ~[na:1.8.0_144]
	at java.util.AbstractCollection.toString(AbstractCollection.java:462) ~[na:1.8.0_144]
	at org.hibernate.collection.internal.PersistentSet.toString(PersistentSet.java:328) ~[hibernate-core-5.4.10.Final.jar:5.4.10.Final]
	at java.lang.String.valueOf(String.java:2994) ~[na:1.8.0_144]
	at java.lang.StringBuilder.append(StringBuilder.java:131) ~[na:1.8.0_144]
	at com.signant.addressbook.entities.Countries.toString(Countries.java:24) ~[classes/:na]
	at java.lang.String.valueOf(String.java:2994) ~[na:1.8.0_144]
	at java.lang.StringBuilder.append(StringBuilder.java:131) ~[na:1.8.0_144]
	at com.signant.addressbook.entities.States.toString(States.java:26) ~[classes/:na]
	at java.lang.String.valueOf(String.java:2994) ~[na:1.8.0_144]
	at java.lang.StringBuilder.append(StringBuilder.java:131) ~[na:1.8.0_144]
	at java.util.AbstractCollection.toString(AbstractCollection.java:462) ~[na:1.8.0_144]
	at org.hibernate.collection.internal.PersistentSet.toString(PersistentSet.java:328) ~[hibernate-core-5.4.10.Final.jar:5.4.10.Final]
	at java.lang.String.valueOf(String.java:2994) ~[na:1.8.0_144]
	at java.lang.StringBuilder.append(StringBuilder.java:131) ~[na:1.8.0_144]
	at com.signant.addressbook.entities.Countries.toString(Countries.java:24) ~[classes/:na]
	at java.lang.String.valueOf(String.java:2994) ~[na:1.8.0_144]
	at java.lang.StringBuilder.append(StringBuilder.java:131) ~[na:1.8.0_144]
	at com.signant.addressbook.entities.States.toString(States.java:26) ~[classes/:na]
	at java.lang.String.valueOf(String.java:2994) ~[na:1.8.0_144]
	at java.lang.StringBuilder.append(StringBuilder.java:131) ~[na:1.8.0_144]
	at java.util.AbstractCollection.toString(AbstractCollection.java:462) ~[na:1.8.0_144]
	at org.hibernate.collection.internal.PersistentSet.toString(PersistentSet.java:328) ~[hibernate-core-5.4.10.Final.jar:5.4.10.Final]
	at java.lang.String.valueOf(String.java:2994) ~[na:1.8.0_144]
	at java.lang.StringBuilder.append(StringBuilder.java:131) ~[na:1.8.0_144]
	at com.signant.addressbook.entities.Countries.toString(Countries.java:24) ~[classes/:na]
	at java.lang.String.valueOf(String.java:2994) ~[na:1.8.0_144]
	at java.lang.StringBuilder.append(StringBuilder.java:131) ~[na:1.8.0_144]
	at com.signant.addressbook.entities.States.toString(States.java:26) ~[classes/:na]
	at java.lang.String.valueOf(String.java:2994) ~[na:1.8.0_144]
	at java.lang.StringBuilder.append(StringBuilder.java:131) ~[na:1.8.0_144]
	at java.util.AbstractCollection.toString(AbstractCollection.java:462) ~[na:1.8.0_144]
	at org.hibernate.collection.internal.PersistentSet.toString(PersistentSet.java:328) ~[hibernate-core-5.4.10.Final.jar:5.4.10.Final]
	at java.lang.String.valueOf(String.java:2994) ~[na:1.8.0_144]
	at java.lang.StringBuilder.append(StringBuilder.java:131) ~[na:1.8.0_144]
	at com.signant.addressbook.entities.Countries.toString(Countries.java:24) ~[classes/:na]
	at java.lang.String.valueOf(String.java:2994) ~[na:1.8.0_144]
	at java.lang.StringBuilder.append(StringBuilder.java:131) ~[na:1.8.0_144]
	at com.signant.addressbook.entities.States.toString(States.java:26) ~[classes/:na]
	at java.lang.String.valueOf(String.java:2994) ~[na:1.8.0_144]
	at java.lang.StringBuilder.append(StringBuilder.java:131) ~[na:1.8.0_144]
	at java.util.AbstractCollection.toString(AbstractCollection.java:462) ~[na:1.8.0_144]
	at org.hibernate.collection.internal.PersistentSet.toString(PersistentSet.java:328) ~[hibernate-core-5.4.10.Final.jar:5.4.10.Final]
	at java.lang.String.valueOf(String.java:2994) ~[na:1.8.0_144]
	at java.lang.StringBuilder.append(StringBuilder.java:131) ~[na:1.8.0_144]
	at com.signant.addressbook.entities.Countries.toString(Countries.java:24) ~[classes/:na]
	at java.lang.String.valueOf(String.java:2994) ~[na:1.8.0_144]
	at java.lang.StringBuilder.append(StringBuilder.java:131) ~[na:1.8.0_144]
	at com.signant.addressbook.entities.States.toString(States.java:26) ~[classes/:na]
	at java.lang.String.valueOf(String.java:2994) ~[na:1.8.0_144]
	at java.lang.StringBuilder.append(StringBuilder.java:131) ~[na:1.8.0_144]
	at java.util.AbstractCollection.toString(AbstractCollection.java:462) ~[na:1.8.0_144]
	at org.hibernate.collection.internal.PersistentSet.toString(PersistentSet.java:328) ~[hibernate-core-5.4.10.Final.jar:5.4.10.Final]
	at java.lang.String.valueOf(String.java:2994) ~[na:1.8.0_144]
	at java.lang.StringBuilder.append(StringBuilder.java:131) ~[na:1.8.0_144]
	at com.signant.addressbook.entities.Countries.toString(Countries.java:24) ~[classes/:na]
	at java.lang.String.valueOf(String.java:2994) ~[na:1.8.0_144]
	at java.lang.StringBuilder.append(StringBuilder.java:131) ~[na:1.8.0_144]
	at com.signant.addressbook.entities.States.toString(States.java:26) ~[classes/:na]
	at java.lang.String.valueOf(String.java:2994) ~[na:1.8.0_144]
	at java.lang.StringBuilder.append(StringBuilder.java:131) ~[na:1.8.0_144]
	at java.util.AbstractCollection.toString(AbstractCollection.java:462) ~[na:1.8.0_144]
	at org.hibernate.collection.internal.PersistentSet.toString(PersistentSet.java:328) ~[hibernate-core-5.4.10.Final.jar:5.4.10.Final]
	at java.lang.String.valueOf(String.java:2994) ~[na:1.8.0_144]
	at java.lang.StringBuilder.append(StringBuilder.java:131) ~[na:1.8.0_144]
	at com.signant.addressbook.entities.Countries.toString(Countries.java:24) ~[classes/:na]
	at java.lang.String.valueOf(String.java:2994) ~[na:1.8.0_144]
	at java.lang.StringBuilder.append(StringBuilder.java:131) ~[na:1.8.0_144]
	at com.signant.addressbook.entities.States.toString(States.java:26) ~[classes/:na]
	at java.lang.String.valueOf(String.java:2994) ~[na:1.8.0_144]
	at java.lang.StringBuilder.append(StringBuilder.java:131) ~[na:1.8.0_144]
	at java.util.AbstractCollection.toString(AbstractCollection.java:462) ~[na:1.8.0_144]
	at org.hibernate.collection.internal.PersistentSet.toString(PersistentSet.java:328) ~[hibernate-core-5.4.10.Final.jar:5.4.10.Final]
	at java.lang.String.valueOf(String.java:2994) ~[na:1.8.0_144]
	at java.lang.StringBuilder.append(StringBuilder.java:131) ~[na:1.8.0_144]
	at com.signant.addressbook.entities.Countries.toString(Countries.java:24) ~[classes/:na]
	at java.lang.String.valueOf(String.java:2994) ~[na:1.8.0_144]
	at java.lang.StringBuilder.append(StringBuilder.java:131) ~[na:1.8.0_144]
	at com.signant.addressbook.entities.States.toString(States.java:26) ~[classes/:na]
	at java.lang.String.valueOf(String.java:2994) ~[na:1.8.0_144]
	at java.lang.StringBuilder.append(StringBuilder.java:131) ~[na:1.8.0_144]
	at java.util.AbstractCollection.toString(AbstractCollection.java:462) ~[na:1.8.0_144]
	at org.hibernate.collection.internal.PersistentSet.toString(PersistentSet.java:328) ~[hibernate-core-5.4.10.Final.jar:5.4.10.Final]
	at java.lang.String.valueOf(String.java:2994) ~[na:1.8.0_144]
	at java.lang.StringBuilder.append(StringBuilder.java:131) ~[na:1.8.0_144]
	at com.signant.addressbook.entities.Countries.toString(Countries.java:24) ~[classes/:na]
	at java.lang.String.valueOf(String.java:2994) ~[na:1.8.0_144]
	at java.lang.StringBuilder.append(StringBuilder.java:131) ~[na:1.8.0_144]
	at com.signant.addressbook.entities.States.toString(States.java:26) ~[classes/:na]
	at java.lang.String.valueOf(String.java:2994) ~[na:1.8.0_144]
	at java.lang.StringBuilder.append(StringBuilder.java:131) ~[na:1.8.0_144]
	at java.util.AbstractCollection.toString(AbstractCollection.java:462) ~[na:1.8.0_144]
	at org.hibernate.collection.internal.PersistentSet.toString(PersistentSet.java:328) ~[hibernate-core-5.4.10.Final.jar:5.4.10.Final]
	at java.lang.String.valueOf(String.java:2994) ~[na:1.8.0_144]
	at java.lang.StringBuilder.append(StringBuilder.java:131) ~[na:1.8.0_144]
	at com.signant.addressbook.entities.Countries.toString(Countries.java:24) ~[classes/:na]
	at java.lang.String.valueOf(String.java:2994) ~[na:1.8.0_144]
	at java.lang.StringBuilder.append(StringBuilder.java:131) ~[na:1.8.0_144]
	at com.signant.addressbook.entities.States.toString(States.java:26) ~[classes/:na]
	at java.lang.String.valueOf(String.java:2994) ~[na:1.8.0_144]
	at java.lang.StringBuilder.append(StringBuilder.java:131) ~[na:1.8.0_144]
	at java.util.AbstractCollection.toString(AbstractCollection.java:462) ~[na:1.8.0_144]
	at org.hibernate.collection.internal.PersistentSet.toString(PersistentSet.java:328) ~[hibernate-core-5.4.10.Final.jar:5.4.10.Final]
	at java.lang.String.valueOf(String.java:2994) ~[na:1.8.0_144]
	at java.lang.StringBuilder.append(StringBuilder.java:131) ~[na:1.8.0_144]
	at com.signant.addressbook.entities.Countries.toString(Countries.java:24) ~[classes/:na]
	at java.lang.String.valueOf(String.java:2994) ~[na:1.8.0_144]
	at java.lang.StringBuilder.append(StringBuilder.java:131) ~[na:1.8.0_144]
	at com.signant.addressbook.entities.States.toString(States.java:26) ~[classes/:na]
	at java.lang.String.valueOf(String.java:2994) ~[na:1.8.0_144]
	at java.lang.StringBuilder.append(StringBuilder.java:131) ~[na:1.8.0_144]
	at java.util.AbstractCollection.toString(AbstractCollection.java:462) ~[na:1.8.0_144]
	at org.hibernate.collection.internal.PersistentSet.toString(PersistentSet.java:328) ~[hibernate-core-5.4.10.Final.jar:5.4.10.Final]
	at java.lang.String.valueOf(String.java:2994) ~[na:1.8.0_144]
	at java.lang.StringBuilder.append(StringBuilder.java:131) ~[na:1.8.0_144]
	at com.signant.addressbook.entities.Countries.toString(Countries.java:24) ~[classes/:na]
	at java.lang.String.valueOf(String.java:2994) ~[na:1.8.0_144]
	at java.lang.StringBuilder.append(StringBuilder.java:131) ~[na:1.8.0_144]
	at com.signant.addressbook.entities.States.toString(States.java:26) ~[classes/:na]
	at java.lang.String.valueOf(String.java:2994) ~[na:1.8.0_144]
	at java.lang.StringBuilder.append(StringBuilder.java:131) ~[na:1.8.0_144]
	at java.util.AbstractCollection.toString(AbstractCollection.java:462) ~[na:1.8.0_144]
	at org.hibernate.collection.internal.PersistentSet.toString(PersistentSet.java:328) ~[hibernate-core-5.4.10.Final.jar:5.4.10.Final]
	at java.lang.String.valueOf(String.java:2994) ~[na:1.8.0_144]
	at java.lang.StringBuilder.append(StringBuilder.java:131) ~[na:1.8.0_144]
	at com.signant.addressbook.entities.Countries.toString(Countries.java:24) ~[classes/:na]
	at java.lang.String.valueOf(String.java:2994) ~[na:1.8.0_144]
	at java.lang.StringBuilder.append(StringBuilder.java:131) ~[na:1.8.0_144]
	at com.signant.addressbook.entities.States.toString(States.java:26) ~[classes/:na]
	at java.lang.String.valueOf(String.java:2994) ~[na:1.8.0_144]
	at java.lang.StringBuilder.append(StringBuilder.java:131) ~[na:1.8.0_144]
	at java.util.AbstractCollection.toString(AbstractCollection.java:462) ~[na:1.8.0_144]
	at org.hibernate.collection.internal.PersistentSet.toString(PersistentSet.java:328) ~[hibernate-core-5.4.10.Final.jar:5.4.10.Final]
	at java.lang.String.valueOf(String.java:2994) ~[na:1.8.0_144]
	at java.lang.StringBuilder.append(StringBuilder.java:131) ~[na:1.8.0_144]
	at com.signant.addressbook.entities.Countries.toString(Countries.java:24) ~[classes/:na]
	at java.lang.String.valueOf(String.java:2994) ~[na:1.8.0_144]
	at java.lang.StringBuilder.append(StringBuilder.java:131) ~[na:1.8.0_144]
	at com.signant.addressbook.entities.States.toString(States.java:26) ~[classes/:na]
	at java.lang.String.valueOf(String.java:2994) ~[na:1.8.0_144]
	at java.lang.StringBuilder.append(StringBuilder.java:131) ~[na:1.8.0_144]
	at java.util.AbstractCollection.toString(AbstractCollection.java:462) ~[na:1.8.0_144]
	at org.hibernate.collection.internal.PersistentSet.toString(PersistentSet.java:328) ~[hibernate-core-5.4.10.Final.jar:5.4.10.Final]
	at java.lang.String.valueOf(String.java:2994) ~[na:1.8.0_144]
	at java.lang.StringBuilder.append(StringBuilder.java:131) ~[na:1.8.0_144]
	at com.signant.addressbook.entities.Countries.toString(Countries.java:24) ~[classes/:na]
	at java.lang.String.valueOf(String.java:2994) ~[na:1.8.0_144]
	at java.lang.StringBuilder.append(StringBuilder.java:131) ~[na:1.8.0_144]
	at com.signant.addressbook.entities.States.toString(States.java:26) ~[classes/:na]
	at java.lang.String.valueOf(String.java:2994) ~[na:1.8.0_144]
	at java.lang.StringBuilder.append(StringBuilder.java:131) ~[na:1.8.0_144]
	at java.util.AbstractCollection.toString(AbstractCollection.java:462) ~[na:1.8.0_144]
	at org.hibernate.collection.internal.PersistentSet.toString(PersistentSet.java:328) ~[hibernate-core-5.4.10.Final.jar:5.4.10.Final]
	at java.lang.String.valueOf(String.java:2994) ~[na:1.8.0_144]
	at java.lang.StringBuilder.append(StringBuilder.java:131) ~[na:1.8.0_144]
	at com.signant.addressbook.entities.Countries.toString(Countries.java:24) ~[classes/:na]
	at java.lang.String.valueOf(String.java:2994) ~[na:1.8.0_144]
	at java.lang.StringBuilder.append(StringBuilder.java:131) ~[na:1.8.0_144]
	at com.signant.addressbook.entities.States.toString(States.java:26) ~[classes/:na]
	at java.lang.String.valueOf(String.java:2994) ~[na:1.8.0_144]
	at java.lang.StringBuilder.append(StringBuilder.java:131) ~[na:1.8.0_144]
	at java.util.AbstractCollection.toString(AbstractCollection.java:462) ~[na:1.8.0_144]
	at org.hibernate.collection.internal.PersistentSet.toString(PersistentSet.java:328) ~[hibernate-core-5.4.10.Final.jar:5.4.10.Final]
	at java.lang.String.valueOf(String.java:2994) ~[na:1.8.0_144]
	at java.lang.StringBuilder.append(StringBuilder.java:131) ~[na:1.8.0_144]
	at com.signant.addressbook.entities.Countries.toString(Countries.java:24) ~[classes/:na]
	at java.lang.String.valueOf(String.java:2994) ~[na:1.8.0_144]
	at java.lang.StringBuilder.append(StringBuilder.java:131) ~[na:1.8.0_144]
	at com.signant.addressbook.entities.States.toString(States.java:26) ~[classes/:na]
	at java.lang.String.valueOf(String.java:2994) ~[na:1.8.0_144]
	at java.lang.StringBuilder.append(StringBuilder.java:131) ~[na:1.8.0_144]
	at java.util.AbstractCollection.toString(AbstractCollection.java:462) ~[na:1.8.0_144]
	at org.hibernate.collection.internal.PersistentSet.toString(PersistentSet.java:328) ~[hibernate-core-5.4.10.Final.jar:5.4.10.Final]
	at java.lang.String.valueOf(String.java:2994) ~[na:1.8.0_144]
	at java.lang.StringBuilder.append(StringBuilder.java:131) ~[na:1.8.0_144]
	at com.signant.addressbook.entities.Countries.toString(Countries.java:24) ~[classes/:na]
	at java.lang.String.valueOf(String.java:2994) ~[na:1.8.0_144]
	at java.lang.StringBuilder.append(StringBuilder.java:131) ~[na:1.8.0_144]
	at com.signant.addressbook.entities.States.toString(States.java:26) ~[classes/:na]
	at java.lang.String.valueOf(String.java:2994) ~[na:1.8.0_144]
	at java.lang.StringBuilder.append(StringBuilder.java:131) ~[na:1.8.0_144]
	at java.util.AbstractCollection.toString(AbstractCollection.java:462) ~[na:1.8.0_144]
	at org.hibernate.collection.internal.PersistentSet.toString(PersistentSet.java:328) ~[hibernate-core-5.4.10.Final.jar:5.4.10.Final]
	at java.lang.String.valueOf(String.java:2994) ~[na:1.8.0_144]
	at java.lang.StringBuilder.append(StringBuilder.java:131) ~[na:1.8.0_144]
	at com.signant.addressbook.entities.Countries.toString(Countries.java:24) ~[classes/:na]
	at java.lang.String.valueOf(String.java:2994) ~[na:1.8.0_144]
	at java.lang.StringBuilder.append(StringBuilder.java:131) ~[na:1.8.0_144]
	at com.signant.addressbook.entities.States.toString(States.java:26) ~[classes/:na]
	at java.lang.String.valueOf(String.java:2994) ~[na:1.8.0_144]
	at java.lang.StringBuilder.append(StringBuilder.java:131) ~[na:1.8.0_144]
	at java.util.AbstractCollection.toString(AbstractCollection.java:462) ~[na:1.8.0_144]
	at org.hibernate.collection.internal.PersistentSet.toString(PersistentSet.java:328) ~[hibernate-core-5.4.10.Final.jar:5.4.10.Final]
	at java.lang.String.valueOf(String.java:2994) ~[na:1.8.0_144]
	at java.lang.StringBuilder.append(StringBuilder.java:131) ~[na:1.8.0_144]
	at com.signant.addressbook.entities.Countries.toString(Countries.java:24) ~[classes/:na]
	at java.lang.String.valueOf(String.java:2994) ~[na:1.8.0_144]
	at java.lang.StringBuilder.append(StringBuilder.java:131) ~[na:1.8.0_144]
	at com.signant.addressbook.entities.States.toString(States.java:26) ~[classes/:na]
	at java.lang.String.valueOf(String.java:2994) ~[na:1.8.0_144]
	at java.lang.StringBuilder.append(StringBuilder.java:131) ~[na:1.8.0_144]
	at java.util.AbstractCollection.toString(AbstractCollection.java:462) ~[na:1.8.0_144]
	at org.hibernate.collection.internal.PersistentSet.toString(PersistentSet.java:328) ~[hibernate-core-5.4.10.Final.jar:5.4.10.Final]
	at java.lang.String.valueOf(String.java:2994) ~[na:1.8.0_144]
	at java.lang.StringBuilder.append(StringBuilder.java:131) ~[na:1.8.0_144]
	at com.signant.addressbook.entities.Countries.toString(Countries.java:24) ~[classes/:na]
	at java.lang.String.valueOf(String.java:2994) ~[na:1.8.0_144]
	at java.lang.StringBuilder.append(StringBuilder.java:131) ~[na:1.8.0_144]
	at com.signant.addressbook.entities.States.toString(States.java:26) ~[classes/:na]
	at java.lang.String.valueOf(String.java:2994) ~[na:1.8.0_144]
	at java.lang.StringBuilder.append(StringBuilder.java:131) ~[na:1.8.0_144]
	at java.util.AbstractCollection.toString(AbstractCollection.java:462) ~[na:1.8.0_144]
	at org.hibernate.collection.internal.PersistentSet.toString(PersistentSet.java:328) ~[hibernate-core-5.4.10.Final.jar:5.4.10.Final]
	at java.lang.String.valueOf(String.java:2994) ~[na:1.8.0_144]
	at java.lang.StringBuilder.append(StringBuilder.java:131) ~[na:1.8.0_144]
	at com.signant.addressbook.entities.Countries.toString(Countries.java:24) ~[classes/:na]
	at java.lang.String.valueOf(String.java:2994) ~[na:1.8.0_144]
	at java.lang.StringBuilder.append(StringBuilder.java:131) ~[na:1.8.0_144]
	at com.signant.addressbook.entities.States.toString(States.java:26) ~[classes/:na]
	at java.lang.String.valueOf(String.java:2994) ~[na:1.8.0_144]
	at java.lang.StringBuilder.append(StringBuilder.java:131) ~[na:1.8.0_144]
	at java.util.AbstractCollection.toString(AbstractCollection.java:462) ~[na:1.8.0_144]
	at org.hibernate.collection.internal.PersistentSet.toString(PersistentSet.java:328) ~[hibernate-core-5.4.10.Final.jar:5.4.10.Final]
	at java.lang.String.valueOf(String.java:2994) ~[na:1.8.0_144]
	at java.lang.StringBuilder.append(StringBuilder.java:131) ~[na:1.8.0_144]
	at com.signant.addressbook.entities.Countries.toString(Countries.java:24) ~[classes/:na]
	at java.lang.String.valueOf(String.java:2994) ~[na:1.8.0_144]
	at java.lang.StringBuilder.append(StringBuilder.java:131) ~[na:1.8.0_144]
	at com.signant.addressbook.entities.States.toString(States.java:26) ~[classes/:na]
	at java.lang.String.valueOf(String.java:2994) ~[na:1.8.0_144]
	at java.lang.StringBuilder.append(StringBuilder.java:131) ~[na:1.8.0_144]
	at java.util.AbstractCollection.toString(AbstractCollection.java:462) ~[na:1.8.0_144]
	at org.hibernate.collection.internal.PersistentSet.toString(PersistentSet.java:328) ~[hibernate-core-5.4.10.Final.jar:5.4.10.Final]
	at java.lang.String.valueOf(String.java:2994) ~[na:1.8.0_144]
	at java.lang.StringBuilder.append(StringBuilder.java:131) ~[na:1.8.0_144]
	at com.signant.addressbook.entities.Countries.toString(Countries.java:24) ~[classes/:na]
	at java.lang.String.valueOf(String.java:2994) ~[na:1.8.0_144]
	at java.lang.StringBuilder.append(StringBuilder.java:131) ~[na:1.8.0_144]
	at com.signant.addressbook.entities.States.toString(States.java:26) ~[classes/:na]
	at java.lang.String.valueOf(String.java:2994) ~[na:1.8.0_144]
	at java.lang.StringBuilder.append(StringBuilder.java:131) ~[na:1.8.0_144]
	at java.util.AbstractCollection.toString(AbstractCollection.java:462) ~[na:1.8.0_144]
	at org.hibernate.collection.internal.PersistentSet.toString(PersistentSet.java:328) ~[hibernate-core-5.4.10.Final.jar:5.4.10.Final]
	at java.lang.String.valueOf(String.java:2994) ~[na:1.8.0_144]
	at java.lang.StringBuilder.append(StringBuilder.java:131) ~[na:1.8.0_144]
	at com.signant.addressbook.entities.Countries.toString(Countries.java:24) ~[classes/:na]
	at java.lang.String.valueOf(String.java:2994) ~[na:1.8.0_144]
	at java.lang.StringBuilder.append(StringBuilder.java:131) ~[na:1.8.0_144]
	at com.signant.addressbook.entities.States.toString(States.java:26) ~[classes/:na]
	at java.lang.String.valueOf(String.java:2994) ~[na:1.8.0_144]
	at java.lang.StringBuilder.append(StringBuilder.java:131) ~[na:1.8.0_144]
	at java.util.AbstractCollection.toString(AbstractCollection.java:462) ~[na:1.8.0_144]
	at org.hibernate.collection.internal.PersistentSet.toString(PersistentSet.java:328) ~[hibernate-core-5.4.10.Final.jar:5.4.10.Final]
	at java.lang.String.valueOf(String.java:2994) ~[na:1.8.0_144]
	at java.lang.StringBuilder.append(StringBuilder.java:131) ~[na:1.8.0_144]
	at com.signant.addressbook.entities.Countries.toString(Countries.java:24) ~[classes/:na]
	at java.lang.String.valueOf(String.java:2994) ~[na:1.8.0_144]
	at java.lang.StringBuilder.append(StringBuilder.java:131) ~[na:1.8.0_144]
	at com.signant.addressbook.entities.States.toString(States.java:26) ~[classes/:na]
	at java.lang.String.valueOf(String.java:2994) ~[na:1.8.0_144]
	at java.lang.StringBuilder.append(StringBuilder.java:131) ~[na:1.8.0_144]
	at java.util.AbstractCollection.toString(AbstractCollection.java:462) ~[na:1.8.0_144]
	at org.hibernate.collection.internal.PersistentSet.toString(PersistentSet.java:328) ~[hibernate-core-5.4.10.Final.jar:5.4.10.Final]
	at java.lang.String.valueOf(String.java:2994) ~[na:1.8.0_144]
	at java.lang.StringBuilder.append(StringBuilder.java:131) ~[na:1.8.0_144]
	at com.signant.addressbook.entities.Countries.toString(Countries.java:24) ~[classes/:na]
	at java.lang.String.valueOf(String.java:2994) ~[na:1.8.0_144]
	at java.lang.StringBuilder.append(StringBuilder.java:131) ~[na:1.8.0_144]
	at com.signant.addressbook.entities.States.toString(States.java:26) ~[classes/:na]
	at java.lang.String.valueOf(String.java:2994) ~[na:1.8.0_144]
	at java.lang.StringBuilder.append(StringBuilder.java:131) ~[na:1.8.0_144]
	at java.util.AbstractCollection.toString(AbstractCollection.java:462) ~[na:1.8.0_144]
	at org.hibernate.collection.internal.PersistentSet.toString(PersistentSet.java:328) ~[hibernate-core-5.4.10.Final.jar:5.4.10.Final]
	at java.lang.String.valueOf(String.java:2994) ~[na:1.8.0_144]
	at java.lang.StringBuilder.append(StringBuilder.java:131) ~[na:1.8.0_144]
	at com.signant.addressbook.entities.Countries.toString(Countries.java:24) ~[classes/:na]
	at java.lang.String.valueOf(String.java:2994) ~[na:1.8.0_144]
	at java.lang.StringBuilder.append(StringBuilder.java:131) ~[na:1.8.0_144]
	at com.signant.addressbook.entities.States.toString(States.java:26) ~[classes/:na]
	at java.lang.String.valueOf(String.java:2994) ~[na:1.8.0_144]
	at java.lang.StringBuilder.append(StringBuilder.java:131) ~[na:1.8.0_144]
	at java.util.AbstractCollection.toString(AbstractCollection.java:462) ~[na:1.8.0_144]
	at org.hibernate.collection.internal.PersistentSet.toString(PersistentSet.java:328) ~[hibernate-core-5.4.10.Final.jar:5.4.10.Final]
	at java.lang.String.valueOf(String.java:2994) ~[na:1.8.0_144]
	at java.lang.StringBuilder.append(StringBuilder.java:131) ~[na:1.8.0_144]
	at com.signant.addressbook.entities.Countries.toString(Countries.java:24) ~[classes/:na]
	at java.lang.String.valueOf(String.java:2994) ~[na:1.8.0_144]
	at java.lang.StringBuilder.append(StringBuilder.java:131) ~[na:1.8.0_144]
	at com.signant.addressbook.entities.States.toString(States.java:26) ~[classes/:na]
	at java.lang.String.valueOf(String.java:2994) ~[na:1.8.0_144]
	at java.lang.StringBuilder.append(StringBuilder.java:131) ~[na:1.8.0_144]
	at java.util.AbstractCollection.toString(AbstractCollection.java:462) ~[na:1.8.0_144]
	at org.hibernate.collection.internal.PersistentSet.toString(PersistentSet.java:328) ~[hibernate-core-5.4.10.Final.jar:5.4.10.Final]
	at java.lang.String.valueOf(String.java:2994) ~[na:1.8.0_144]
	at java.lang.StringBuilder.append(StringBuilder.java:131) ~[na:1.8.0_144]
	at com.signant.addressbook.entities.Countries.toString(Countries.java:24) ~[classes/:na]
	at java.lang.String.valueOf(String.java:2994) ~[na:1.8.0_144]
	at java.lang.StringBuilder.append(StringBuilder.java:131) ~[na:1.8.0_144]
	at com.signant.addressbook.entities.States.toString(States.java:26) ~[classes/:na]
	at java.lang.String.valueOf(String.java:2994) ~[na:1.8.0_144]
	at java.lang.StringBuilder.append(StringBuilder.java:131) ~[na:1.8.0_144]
	at java.util.AbstractCollection.toString(AbstractCollection.java:462) ~[na:1.8.0_144]
	at org.hibernate.collection.internal.PersistentSet.toString(PersistentSet.java:328) ~[hibernate-core-5.4.10.Final.jar:5.4.10.Final]
	at java.lang.String.valueOf(String.java:2994) ~[na:1.8.0_144]
	at java.lang.StringBuilder.append(StringBuilder.java:131) ~[na:1.8.0_144]
	at com.signant.addressbook.entities.Countries.toString(Countries.java:24) ~[classes/:na]
	at java.lang.String.valueOf(String.java:2994) ~[na:1.8.0_144]
	at java.lang.StringBuilder.append(StringBuilder.java:131) ~[na:1.8.0_144]
	at com.signant.addressbook.entities.States.toString(States.java:26) ~[classes/:na]
	at java.lang.String.valueOf(String.java:2994) ~[na:1.8.0_144]
	at java.lang.StringBuilder.append(StringBuilder.java:131) ~[na:1.8.0_144]
	at java.util.AbstractCollection.toString(AbstractCollection.java:462) ~[na:1.8.0_144]
	at org.hibernate.collection.internal.PersistentSet.toString(PersistentSet.java:328) ~[hibernate-core-5.4.10.Final.jar:5.4.10.Final]
	at java.lang.String.valueOf(String.java:2994) ~[na:1.8.0_144]
	at java.lang.StringBuilder.append(StringBuilder.java:131) ~[na:1.8.0_144]
	at com.signant.addressbook.entities.Countries.toString(Countries.java:24) ~[classes/:na]
	at java.lang.String.valueOf(String.java:2994) ~[na:1.8.0_144]
	at java.lang.StringBuilder.append(StringBuilder.java:131) ~[na:1.8.0_144]
	at com.signant.addressbook.entities.States.toString(States.java:26) ~[classes/:na]
	at java.lang.String.valueOf(String.java:2994) ~[na:1.8.0_144]
	at java.lang.StringBuilder.append(StringBuilder.java:131) ~[na:1.8.0_144]
	at java.util.AbstractCollection.toString(AbstractCollection.java:462) ~[na:1.8.0_144]
	at org.hibernate.collection.internal.PersistentSet.toString(PersistentSet.java:328) ~[hibernate-core-5.4.10.Final.jar:5.4.10.Final]
	at java.lang.String.valueOf(String.java:2994) ~[na:1.8.0_144]
	at java.lang.StringBuilder.append(StringBuilder.java:131) ~[na:1.8.0_144]
	at com.signant.addressbook.entities.Countries.toString(Countries.java:24) ~[classes/:na]
	at java.lang.String.valueOf(String.java:2994) ~[na:1.8.0_144]
	at java.lang.StringBuilder.append(StringBuilder.java:131) ~[na:1.8.0_144]
	at com.signant.addressbook.entities.States.toString(States.java:26) ~[classes/:na]
	at java.lang.String.valueOf(String.java:2994) ~[na:1.8.0_144]
	at java.lang.StringBuilder.append(StringBuilder.java:131) ~[na:1.8.0_144]
	at java.util.AbstractCollection.toString(AbstractCollection.java:462) ~[na:1.8.0_144]
	at org.hibernate.collection.internal.PersistentSet.toString(PersistentSet.java:328) ~[hibernate-core-5.4.10.Final.jar:5.4.10.Final]
	at java.lang.String.valueOf(String.java:2994) ~[na:1.8.0_144]
	at java.lang.StringBuilder.append(StringBuilder.java:131) ~[na:1.8.0_144]
	at com.signant.addressbook.entities.Countries.toString(Countries.java:24) ~[classes/:na]
	at java.lang.String.valueOf(String.java:2994) ~[na:1.8.0_144]
	at java.lang.StringBuilder.append(StringBuilder.java:131) ~[na:1.8.0_144]
	at com.signant.addressbook.entities.States.toString(States.java:26) ~[classes/:na]
	at java.lang.String.valueOf(String.java:2994) ~[na:1.8.0_144]
	at java.lang.StringBuilder.append(StringBuilder.java:131) ~[na:1.8.0_144]
	at java.util.AbstractCollection.toString(AbstractCollection.java:462) ~[na:1.8.0_144]
	at org.hibernate.collection.internal.PersistentSet.toString(PersistentSet.java:328) ~[hibernate-core-5.4.10.Final.jar:5.4.10.Final]
	at java.lang.String.valueOf(String.java:2994) ~[na:1.8.0_144]
	at java.lang.StringBuilder.append(StringBuilder.java:131) ~[na:1.8.0_144]
	at com.signant.addressbook.entities.Countries.toString(Countries.java:24) ~[classes/:na]
	at java.lang.String.valueOf(String.java:2994) ~[na:1.8.0_144]
	at java.lang.StringBuilder.append(StringBuilder.java:131) ~[na:1.8.0_144]
	at com.signant.addressbook.entities.States.toString(States.java:26) ~[classes/:na]
	at java.lang.String.valueOf(String.java:2994) ~[na:1.8.0_144]
	at java.lang.StringBuilder.append(StringBuilder.java:131) ~[na:1.8.0_144]
	at java.util.AbstractCollection.toString(AbstractCollection.java:462) ~[na:1.8.0_144]
	at org.hibernate.collection.internal.PersistentSet.toString(PersistentSet.java:328) ~[hibernate-core-5.4.10.Final.jar:5.4.10.Final]
	at java.lang.String.valueOf(String.java:2994) ~[na:1.8.0_144]
	at java.lang.StringBuilder.append(StringBuilder.java:131) ~[na:1.8.0_144]
	at com.signant.addressbook.entities.Countries.toString(Countries.java:24) ~[classes/:na]
	at java.lang.String.valueOf(String.java:2994) ~[na:1.8.0_144]
	at java.lang.StringBuilder.append(StringBuilder.java:131) ~[na:1.8.0_144]
	at com.signant.addressbook.entities.States.toString(States.java:26) ~[classes/:na]
	at java.lang.String.valueOf(String.java:2994) ~[na:1.8.0_144]
	at java.lang.StringBuilder.append(StringBuilder.java:131) ~[na:1.8.0_144]
	at java.util.AbstractCollection.toString(AbstractCollection.java:462) ~[na:1.8.0_144]
	at org.hibernate.collection.internal.PersistentSet.toString(PersistentSet.java:328) ~[hibernate-core-5.4.10.Final.jar:5.4.10.Final]
	at java.lang.String.valueOf(String.java:2994) ~[na:1.8.0_144]
	at java.lang.StringBuilder.append(StringBuilder.java:131) ~[na:1.8.0_144]
	at com.signant.addressbook.entities.Countries.toString(Countries.java:24) ~[classes/:na]
	at java.lang.String.valueOf(String.java:2994) ~[na:1.8.0_144]
	at java.lang.StringBuilder.append(StringBuilder.java:131) ~[na:1.8.0_144]
	at com.signant.addressbook.entities.States.toString(States.java:26) ~[classes/:na]
	at java.lang.String.valueOf(String.java:2994) ~[na:1.8.0_144]
	at java.lang.StringBuilder.append(StringBuilder.java:131) ~[na:1.8.0_144]
	at java.util.AbstractCollection.toString(AbstractCollection.java:462) ~[na:1.8.0_144]
	at org.hibernate.collection.internal.PersistentSet.toString(PersistentSet.java:328) ~[hibernate-core-5.4.10.Final.jar:5.4.10.Final]
	at java.lang.String.valueOf(String.java:2994) ~[na:1.8.0_144]
	at java.lang.StringBuilder.append(StringBuilder.java:131) ~[na:1.8.0_144]
	at com.signant.addressbook.entities.Countries.toString(Countries.java:24) ~[classes/:na]
	at java.lang.String.valueOf(String.java:2994) ~[na:1.8.0_144]
	at java.lang.StringBuilder.append(StringBuilder.java:131) ~[na:1.8.0_144]
	at com.signant.addressbook.entities.States.toString(States.java:26) ~[classes/:na]
	at java.lang.String.valueOf(String.java:2994) ~[na:1.8.0_144]
	at java.lang.StringBuilder.append(StringBuilder.java:131) ~[na:1.8.0_144]
	at java.util.AbstractCollection.toString(AbstractCollection.java:462) ~[na:1.8.0_144]
	at org.hibernate.collection.internal.PersistentSet.toString(PersistentSet.java:328) ~[hibernate-core-5.4.10.Final.jar:5.4.10.Final]
	at java.lang.String.valueOf(String.java:2994) ~[na:1.8.0_144]
	at java.lang.StringBuilder.append(StringBuilder.java:131) ~[na:1.8.0_144]
	at com.signant.addressbook.entities.Countries.toString(Countries.java:24) ~[classes/:na]
	at java.lang.String.valueOf(String.java:2994) ~[na:1.8.0_144]
	at java.lang.StringBuilder.append(StringBuilder.java:131) ~[na:1.8.0_144]
	at com.signant.addressbook.entities.States.toString(States.java:26) ~[classes/:na]
	at java.lang.String.valueOf(String.java:2994) ~[na:1.8.0_144]
	at java.lang.StringBuilder.append(StringBuilder.java:131) ~[na:1.8.0_144]
	at java.util.AbstractCollection.toString(AbstractCollection.java:462) ~[na:1.8.0_144]
	at org.hibernate.collection.internal.PersistentSet.toString(PersistentSet.java:328) ~[hibernate-core-5.4.10.Final.jar:5.4.10.Final]
	at java.lang.String.valueOf(String.java:2994) ~[na:1.8.0_144]
	at java.lang.StringBuilder.append(StringBuilder.java:131) ~[na:1.8.0_144]
	at com.signant.addressbook.entities.Countries.toString(Countries.java:24) ~[classes/:na]
	at java.lang.String.valueOf(String.java:2994) ~[na:1.8.0_144]
	at java.lang.StringBuilder.append(StringBuilder.java:131) ~[na:1.8.0_144]
	at com.signant.addressbook.entities.States.toString(States.java:26) ~[classes/:na]
	at java.lang.String.valueOf(String.java:2994) ~[na:1.8.0_144]
	at java.lang.StringBuilder.append(StringBuilder.java:131) ~[na:1.8.0_144]
	at java.util.AbstractCollection.toString(AbstractCollection.java:462) ~[na:1.8.0_144]
	at org.hibernate.collection.internal.PersistentSet.toString(PersistentSet.java:328) ~[hibernate-core-5.4.10.Final.jar:5.4.10.Final]
	at java.lang.String.valueOf(String.java:2994) ~[na:1.8.0_144]
	at java.lang.StringBuilder.append(StringBuilder.java:131) ~[na:1.8.0_144]
	at com.signant.addressbook.entities.Countries.toString(Countries.java:24) ~[classes/:na]
	at java.lang.String.valueOf(String.java:2994) ~[na:1.8.0_144]
	at java.lang.StringBuilder.append(StringBuilder.java:131) ~[na:1.8.0_144]
	at com.signant.addressbook.entities.States.toString(States.java:26) ~[classes/:na]
	at java.lang.String.valueOf(String.java:2994) ~[na:1.8.0_144]
	at java.lang.StringBuilder.append(StringBuilder.java:131) ~[na:1.8.0_144]
	at java.util.AbstractCollection.toString(AbstractCollection.java:462) ~[na:1.8.0_144]
	at org.hibernate.collection.internal.PersistentSet.toString(PersistentSet.java:328) ~[hibernate-core-5.4.10.Final.jar:5.4.10.Final]
	at java.lang.String.valueOf(String.java:2994) ~[na:1.8.0_144]
	at java.lang.StringBuilder.append(StringBuilder.java:131) ~[na:1.8.0_144]
	at com.signant.addressbook.entities.Countries.toString(Countries.java:24) ~[classes/:na]
	at java.lang.String.valueOf(String.java:2994) ~[na:1.8.0_144]
	at java.lang.StringBuilder.append(StringBuilder.java:131) ~[na:1.8.0_144]
	at com.signant.addressbook.entities.States.toString(States.java:26) ~[classes/:na]
	at java.lang.String.valueOf(String.java:2994) ~[na:1.8.0_144]
	at java.lang.StringBuilder.append(StringBuilder.java:131) ~[na:1.8.0_144]
	at java.util.AbstractCollection.toString(AbstractCollection.java:462) ~[na:1.8.0_144]
	at org.hibernate.collection.internal.PersistentSet.toString(PersistentSet.java:328) ~[hibernate-core-5.4.10.Final.jar:5.4.10.Final]
	at java.lang.String.valueOf(String.java:2994) ~[na:1.8.0_144]
	at java.lang.StringBuilder.append(StringBuilder.java:131) ~[na:1.8.0_144]
	at com.signant.addressbook.entities.Countries.toString(Countries.java:24) ~[classes/:na]
	at java.lang.String.valueOf(String.java:2994) ~[na:1.8.0_144]
	at java.lang.StringBuilder.append(StringBuilder.java:131) ~[na:1.8.0_144]
	at com.signant.addressbook.entities.States.toString(States.java:26) ~[classes/:na]
	at java.lang.String.valueOf(String.java:2994) ~[na:1.8.0_144]
	at java.lang.StringBuilder.append(StringBuilder.java:131) ~[na:1.8.0_144]
	at java.util.AbstractCollection.toString(AbstractCollection.java:462) ~[na:1.8.0_144]
	at org.hibernate.collection.internal.PersistentSet.toString(PersistentSet.java:328) ~[hibernate-core-5.4.10.Final.jar:5.4.10.Final]
	at java.lang.String.valueOf(String.java:2994) ~[na:1.8.0_144]
	at java.lang.StringBuilder.append(StringBuilder.java:131) ~[na:1.8.0_144]
	at com.signant.addressbook.entities.Countries.toString(Countries.java:24) ~[classes/:na]
	at java.lang.String.valueOf(String.java:2994) ~[na:1.8.0_144]
	at java.lang.StringBuilder.append(StringBuilder.java:131) ~[na:1.8.0_144]
	at com.signant.addressbook.entities.States.toString(States.java:26) ~[classes/:na]
	at java.lang.String.valueOf(String.java:2994) ~[na:1.8.0_144]
	at java.lang.StringBuilder.append(StringBuilder.java:131) ~[na:1.8.0_144]
	at java.util.AbstractCollection.toString(AbstractCollection.java:462) ~[na:1.8.0_144]
	at org.hibernate.collection.internal.PersistentSet.toString(PersistentSet.java:328) ~[hibernate-core-5.4.10.Final.jar:5.4.10.Final]
	at java.lang.String.valueOf(String.java:2994) ~[na:1.8.0_144]
	at java.lang.StringBuilder.append(StringBuilder.java:131) ~[na:1.8.0_144]
	at com.signant.addressbook.entities.Countries.toString(Countries.java:24) ~[classes/:na]
	at java.lang.String.valueOf(String.java:2994) ~[na:1.8.0_144]
	at java.lang.StringBuilder.append(StringBuilder.java:131) ~[na:1.8.0_144]
	at com.signant.addressbook.entities.States.toString(States.java:26) ~[classes/:na]
	at java.lang.String.valueOf(String.java:2994) ~[na:1.8.0_144]
	at java.lang.StringBuilder.append(StringBuilder.java:131) ~[na:1.8.0_144]
	at java.util.AbstractCollection.toString(AbstractCollection.java:462) ~[na:1.8.0_144]
	at org.hibernate.collection.internal.PersistentSet.toString(PersistentSet.java:328) ~[hibernate-core-5.4.10.Final.jar:5.4.10.Final]
	at java.lang.String.valueOf(String.java:2994) ~[na:1.8.0_144]
	at java.lang.StringBuilder.append(StringBuilder.java:131) ~[na:1.8.0_144]
	at com.signant.addressbook.entities.Countries.toString(Countries.java:24) ~[classes/:na]
	at java.lang.String.valueOf(String.java:2994) ~[na:1.8.0_144]
	at java.lang.StringBuilder.append(StringBuilder.java:131) ~[na:1.8.0_144]
	at com.signant.addressbook.entities.States.toString(States.java:26) ~[classes/:na]
	at java.lang.String.valueOf(String.java:2994) ~[na:1.8.0_144]
	at java.lang.StringBuilder.append(StringBuilder.java:131) ~[na:1.8.0_144]
	at java.util.AbstractCollection.toString(AbstractCollection.java:462) ~[na:1.8.0_144]
	at org.hibernate.collection.internal.PersistentSet.toString(PersistentSet.java:328) ~[hibernate-core-5.4.10.Final.jar:5.4.10.Final]
	at java.lang.String.valueOf(String.java:2994) ~[na:1.8.0_144]
	at java.lang.StringBuilder.append(StringBuilder.java:131) ~[na:1.8.0_144]
	at com.signant.addressbook.entities.Countries.toString(Countries.java:24) ~[classes/:na]
	at java.lang.String.valueOf(String.java:2994) ~[na:1.8.0_144]
	at java.lang.StringBuilder.append(StringBuilder.java:131) ~[na:1.8.0_144]
	at com.signant.addressbook.entities.States.toString(States.java:26) ~[classes/:na]
	at java.lang.String.valueOf(String.java:2994) ~[na:1.8.0_144]
	at java.lang.StringBuilder.append(StringBuilder.java:131) ~[na:1.8.0_144]
	at java.util.AbstractCollection.toString(AbstractCollection.java:462) ~[na:1.8.0_144]
	at org.hibernate.collection.internal.PersistentSet.toString(PersistentSet.java:328) ~[hibernate-core-5.4.10.Final.jar:5.4.10.Final]
	at java.lang.String.valueOf(String.java:2994) ~[na:1.8.0_144]
	at java.lang.StringBuilder.append(StringBuilder.java:131) ~[na:1.8.0_144]
	at com.signant.addressbook.entities.Countries.toString(Countries.java:24) ~[classes/:na]
	at java.lang.String.valueOf(String.java:2994) ~[na:1.8.0_144]
	at java.lang.StringBuilder.append(StringBuilder.java:131) ~[na:1.8.0_144]
	at com.signant.addressbook.entities.States.toString(States.java:26) ~[classes/:na]
	at java.lang.String.valueOf(String.java:2994) ~[na:1.8.0_144]
	at java.lang.StringBuilder.append(StringBuilder.java:131) ~[na:1.8.0_144]
	at java.util.AbstractCollection.toString(AbstractCollection.java:462) ~[na:1.8.0_144]
	at org.hibernate.collection.internal.PersistentSet.toString(PersistentSet.java:328) ~[hibernate-core-5.4.10.Final.jar:5.4.10.Final]
	at java.lang.String.valueOf(String.java:2994) ~[na:1.8.0_144]
	at java.lang.StringBuilder.append(StringBuilder.java:131) ~[na:1.8.0_144]
	at com.signant.addressbook.entities.Countries.toString(Countries.java:24) ~[classes/:na]
	at java.lang.String.valueOf(String.java:2994) ~[na:1.8.0_144]
	at java.lang.StringBuilder.append(StringBuilder.java:131) ~[na:1.8.0_144]
	at com.signant.addressbook.entities.States.toString(States.java:26) ~[classes/:na]
	at java.lang.String.valueOf(String.java:2994) ~[na:1.8.0_144]
	at java.lang.StringBuilder.append(StringBuilder.java:131) ~[na:1.8.0_144]
	at java.util.AbstractCollection.toString(AbstractCollection.java:462) ~[na:1.8.0_144]
	at org.hibernate.collection.internal.PersistentSet.toString(PersistentSet.java:328) ~[hibernate-core-5.4.10.Final.jar:5.4.10.Final]
	at java.lang.String.valueOf(String.java:2994) ~[na:1.8.0_144]
	at java.lang.StringBuilder.append(StringBuilder.java:131) ~[na:1.8.0_144]
	at com.signant.addressbook.entities.Countries.toString(Countries.java:24) ~[classes/:na]
	at java.lang.String.valueOf(String.java:2994) ~[na:1.8.0_144]
	at java.lang.StringBuilder.append(StringBuilder.java:131) ~[na:1.8.0_144]
	at com.signant.addressbook.entities.States.toString(States.java:26) ~[classes/:na]
	at java.lang.String.valueOf(String.java:2994) ~[na:1.8.0_144]
	at java.lang.StringBuilder.append(StringBuilder.java:131) ~[na:1.8.0_144]
	at java.util.AbstractCollection.toString(AbstractCollection.java:462) ~[na:1.8.0_144]
	at org.hibernate.collection.internal.PersistentSet.toString(PersistentSet.java:328) ~[hibernate-core-5.4.10.Final.jar:5.4.10.Final]
	at java.lang.String.valueOf(String.java:2994) ~[na:1.8.0_144]
	at java.lang.StringBuilder.append(StringBuilder.java:131) ~[na:1.8.0_144]
	at com.signant.addressbook.entities.Countries.toString(Countries.java:24) ~[classes/:na]
	at java.lang.String.valueOf(String.java:2994) ~[na:1.8.0_144]
	at java.lang.StringBuilder.append(StringBuilder.java:131) ~[na:1.8.0_144]
	at com.signant.addressbook.entities.States.toString(States.java:26) ~[classes/:na]
	at java.lang.String.valueOf(String.java:2994) ~[na:1.8.0_144]
	at java.lang.StringBuilder.append(StringBuilder.java:131) ~[na:1.8.0_144]
	at java.util.AbstractCollection.toString(AbstractCollection.java:462) ~[na:1.8.0_144]
	at org.hibernate.collection.internal.PersistentSet.toString(PersistentSet.java:328) ~[hibernate-core-5.4.10.Final.jar:5.4.10.Final]
	at java.lang.String.valueOf(String.java:2994) ~[na:1.8.0_144]
	at java.lang.StringBuilder.append(StringBuilder.java:131) ~[na:1.8.0_144]
	at com.signant.addressbook.entities.Countries.toString(Countries.java:24) ~[classes/:na]
	at java.lang.String.valueOf(String.java:2994) ~[na:1.8.0_144]
	at java.lang.StringBuilder.append(StringBuilder.java:131) ~[na:1.8.0_144]
	at com.signant.addressbook.entities.States.toString(States.java:26) ~[classes/:na]
	at java.lang.String.valueOf(String.java:2994) ~[na:1.8.0_144]
	at java.lang.StringBuilder.append(StringBuilder.java:131) ~[na:1.8.0_144]
	at java.util.AbstractCollection.toString(AbstractCollection.java:462) ~[na:1.8.0_144]
	at org.hibernate.collection.internal.PersistentSet.toString(PersistentSet.java:328) ~[hibernate-core-5.4.10.Final.jar:5.4.10.Final]
	at java.lang.String.valueOf(String.java:2994) ~[na:1.8.0_144]
	at java.lang.StringBuilder.append(StringBuilder.java:131) ~[na:1.8.0_144]
	at com.signant.addressbook.entities.Countries.toString(Countries.java:24) ~[classes/:na]
	at java.lang.String.valueOf(String.java:2994) ~[na:1.8.0_144]
	at java.lang.StringBuilder.append(StringBuilder.java:131) ~[na:1.8.0_144]
	at com.signant.addressbook.entities.States.toString(States.java:26) ~[classes/:na]
	at java.lang.String.valueOf(String.java:2994) ~[na:1.8.0_144]
	at java.lang.StringBuilder.append(StringBuilder.java:131) ~[na:1.8.0_144]
	at java.util.AbstractCollection.toString(AbstractCollection.java:462) ~[na:1.8.0_144]
	at org.hibernate.collection.internal.PersistentSet.toString(PersistentSet.java:328) ~[hibernate-core-5.4.10.Final.jar:5.4.10.Final]
	at java.lang.String.valueOf(String.java:2994) ~[na:1.8.0_144]
	at java.lang.StringBuilder.append(StringBuilder.java:131) ~[na:1.8.0_144]
	at com.signant.addressbook.entities.Countries.toString(Countries.java:24) ~[classes/:na]
	at java.lang.String.valueOf(String.java:2994) ~[na:1.8.0_144]
	at java.lang.StringBuilder.append(StringBuilder.java:131) ~[na:1.8.0_144]
	at com.signant.addressbook.entities.States.toString(States.java:26) ~[classes/:na]
	at java.lang.String.valueOf(String.java:2994) ~[na:1.8.0_144]
	at java.lang.StringBuilder.append(StringBuilder.java:131) ~[na:1.8.0_144]
	at java.util.AbstractCollection.toString(AbstractCollection.java:462) ~[na:1.8.0_144]
	at org.hibernate.collection.internal.PersistentSet.toString(PersistentSet.java:328) ~[hibernate-core-5.4.10.Final.jar:5.4.10.Final]
	at java.lang.String.valueOf(String.java:2994) ~[na:1.8.0_144]
	at java.lang.StringBuilder.append(StringBuilder.java:131) ~[na:1.8.0_144]
	at com.signant.addressbook.entities.Countries.toString(Countries.java:24) ~[classes/:na]
	at java.lang.String.valueOf(String.java:2994) ~[na:1.8.0_144]
	at java.lang.StringBuilder.append(StringBuilder.java:131) ~[na:1.8.0_144]
	at com.signant.addressbook.entities.States.toString(States.java:26) ~[classes/:na]
	at java.lang.String.valueOf(String.java:2994) ~[na:1.8.0_144]
	at java.lang.StringBuilder.append(StringBuilder.java:131) ~[na:1.8.0_144]
	at java.util.AbstractCollection.toString(AbstractCollection.java:462) ~[na:1.8.0_144]
	at org.hibernate.collection.internal.PersistentSet.toString(PersistentSet.java:328) ~[hibernate-core-5.4.10.Final.jar:5.4.10.Final]
	at java.lang.String.valueOf(String.java:2994) ~[na:1.8.0_144]
	at java.lang.StringBuilder.append(StringBuilder.java:131) ~[na:1.8.0_144]
	at com.signant.addressbook.entities.Countries.toString(Countries.java:24) ~[classes/:na]
	at java.lang.String.valueOf(String.java:2994) ~[na:1.8.0_144]
	at java.lang.StringBuilder.append(StringBuilder.java:131) ~[na:1.8.0_144]
	at com.signant.addressbook.entities.States.toString(States.java:26) ~[classes/:na]
	at java.lang.String.valueOf(String.java:2994) ~[na:1.8.0_144]
	at java.lang.StringBuilder.append(StringBuilder.java:131) ~[na:1.8.0_144]
	at java.util.AbstractCollection.toString(AbstractCollection.java:462) ~[na:1.8.0_144]
	at org.hibernate.collection.internal.PersistentSet.toString(PersistentSet.java:328) ~[hibernate-core-5.4.10.Final.jar:5.4.10.Final]
	at java.lang.String.valueOf(String.java:2994) ~[na:1.8.0_144]
	at java.lang.StringBuilder.append(StringBuilder.java:131) ~[na:1.8.0_144]
	at com.signant.addressbook.entities.Countries.toString(Countries.java:24) ~[classes/:na]
	at java.lang.String.valueOf(String.java:2994) ~[na:1.8.0_144]
	at java.lang.StringBuilder.append(StringBuilder.java:131) ~[na:1.8.0_144]
	at com.signant.addressbook.entities.States.toString(States.java:26) ~[classes/:na]
	at java.lang.String.valueOf(String.java:2994) ~[na:1.8.0_144]
	at java.lang.StringBuilder.append(StringBuilder.java:131) ~[na:1.8.0_144]
	at java.util.AbstractCollection.toString(AbstractCollection.java:462) ~[na:1.8.0_144]
	at org.hibernate.collection.internal.PersistentSet.toString(PersistentSet.java:328) ~[hibernate-core-5.4.10.Final.jar:5.4.10.Final]
	at java.lang.String.valueOf(String.java:2994) ~[na:1.8.0_144]
	at java.lang.StringBuilder.append(StringBuilder.java:131) ~[na:1.8.0_144]
	at com.signant.addressbook.entities.Countries.toString(Countries.java:24) ~[classes/:na]
	at java.lang.String.valueOf(String.java:2994) ~[na:1.8.0_144]
	at java.lang.StringBuilder.append(StringBuilder.java:131) ~[na:1.8.0_144]
	at com.signant.addressbook.entities.States.toString(States.java:26) ~[classes/:na]
	at java.lang.String.valueOf(String.java:2994) ~[na:1.8.0_144]
	at java.lang.StringBuilder.append(StringBuilder.java:131) ~[na:1.8.0_144]
	at java.util.AbstractCollection.toString(AbstractCollection.java:462) ~[na:1.8.0_144]
	at org.hibernate.collection.internal.PersistentSet.toString(PersistentSet.java:328) ~[hibernate-core-5.4.10.Final.jar:5.4.10.Final]
	at java.lang.String.valueOf(String.java:2994) ~[na:1.8.0_144]
	at java.lang.StringBuilder.append(StringBuilder.java:131) ~[na:1.8.0_144]
	at com.signant.addressbook.entities.Countries.toString(Countries.java:24) ~[classes/:na]
	at java.lang.String.valueOf(String.java:2994) ~[na:1.8.0_144]
	at java.lang.StringBuilder.append(StringBuilder.java:131) ~[na:1.8.0_144]
	at com.signant.addressbook.entities.States.toString(States.java:26) ~[classes/:na]
	at java.lang.String.valueOf(String.java:2994) ~[na:1.8.0_144]
	at java.lang.StringBuilder.append(StringBuilder.java:131) ~[na:1.8.0_144]
	at java.util.AbstractCollection.toString(AbstractCollection.java:462) ~[na:1.8.0_144]
	at org.hibernate.collection.internal.PersistentSet.toString(PersistentSet.java:328) ~[hibernate-core-5.4.10.Final.jar:5.4.10.Final]
	at java.lang.String.valueOf(String.java:2994) ~[na:1.8.0_144]
	at java.lang.StringBuilder.append(StringBuilder.java:131) ~[na:1.8.0_144]
	at com.signant.addressbook.entities.Countries.toString(Countries.java:24) ~[classes/:na]
	at java.lang.String.valueOf(String.java:2994) ~[na:1.8.0_144]
	at java.lang.StringBuilder.append(StringBuilder.java:131) ~[na:1.8.0_144]
	at com.signant.addressbook.entities.States.toString(States.java:26) ~[classes/:na]
	at java.lang.String.valueOf(String.java:2994) ~[na:1.8.0_144]
	at java.lang.StringBuilder.append(StringBuilder.java:131) ~[na:1.8.0_144]
	at java.util.AbstractCollection.toString(AbstractCollection.java:462) ~[na:1.8.0_144]
	at org.hibernate.collection.internal.PersistentSet.toString(PersistentSet.java:328) ~[hibernate-core-5.4.10.Final.jar:5.4.10.Final]
	at java.lang.String.valueOf(String.java:2994) ~[na:1.8.0_144]
	at java.lang.StringBuilder.append(StringBuilder.java:131) ~[na:1.8.0_144]
	at com.signant.addressbook.entities.Countries.toString(Countries.java:24) ~[classes/:na]
	at java.lang.String.valueOf(String.java:2994) ~[na:1.8.0_144]
	at java.lang.StringBuilder.append(StringBuilder.java:131) ~[na:1.8.0_144]
	at com.signant.addressbook.entities.States.toString(States.java:26) ~[classes/:na]
	at java.lang.String.valueOf(String.java:2994) ~[na:1.8.0_144]
	at java.lang.StringBuilder.append(StringBuilder.java:131) ~[na:1.8.0_144]
	at java.util.AbstractCollection.toString(AbstractCollection.java:462) ~[na:1.8.0_144]
	at org.hibernate.collection.internal.PersistentSet.toString(PersistentSet.java:328) ~[hibernate-core-5.4.10.Final.jar:5.4.10.Final]
	at java.lang.String.valueOf(String.java:2994) ~[na:1.8.0_144]
	at java.lang.StringBuilder.append(StringBuilder.java:131) ~[na:1.8.0_144]
	at com.signant.addressbook.entities.Countries.toString(Countries.java:24) ~[classes/:na]
	at java.lang.String.valueOf(String.java:2994) ~[na:1.8.0_144]
	at java.lang.StringBuilder.append(StringBuilder.java:131) ~[na:1.8.0_144]
	at com.signant.addressbook.entities.States.toString(States.java:26) ~[classes/:na]
	at java.lang.String.valueOf(String.java:2994) ~[na:1.8.0_144]
	at java.lang.StringBuilder.append(StringBuilder.java:131) ~[na:1.8.0_144]
	at java.util.AbstractCollection.toString(AbstractCollection.java:462) ~[na:1.8.0_144]
	at org.hibernate.collection.internal.PersistentSet.toString(PersistentSet.java:328) ~[hibernate-core-5.4.10.Final.jar:5.4.10.Final]
	at java.lang.String.valueOf(String.java:2994) ~[na:1.8.0_144]
	at java.lang.StringBuilder.append(StringBuilder.java:131) ~[na:1.8.0_144]
	at com.signant.addressbook.entities.Countries.toString(Countries.java:24) ~[classes/:na]
	at java.lang.String.valueOf(String.java:2994) ~[na:1.8.0_144]
	at java.lang.StringBuilder.append(StringBuilder.java:131) ~[na:1.8.0_144]
	at com.signant.addressbook.entities.States.toString(States.java:26) ~[classes/:na]
	at java.lang.String.valueOf(String.java:2994) ~[na:1.8.0_144]
	at java.lang.StringBuilder.append(StringBuilder.java:131) ~[na:1.8.0_144]
	at java.util.AbstractCollection.toString(AbstractCollection.java:462) ~[na:1.8.0_144]
	at org.hibernate.collection.internal.PersistentSet.toString(PersistentSet.java:328) ~[hibernate-core-5.4.10.Final.jar:5.4.10.Final]
	at java.lang.String.valueOf(String.java:2994) ~[na:1.8.0_144]
	at java.lang.StringBuilder.append(StringBuilder.java:131) ~[na:1.8.0_144]
	at com.signant.addressbook.entities.Countries.toString(Countries.java:24) ~[classes/:na]
	at java.lang.String.valueOf(String.java:2994) ~[na:1.8.0_144]
	at java.lang.StringBuilder.append(StringBuilder.java:131) ~[na:1.8.0_144]
	at com.signant.addressbook.entities.States.toString(States.java:26) ~[classes/:na]
	at java.lang.String.valueOf(String.java:2994) ~[na:1.8.0_144]
	at java.lang.StringBuilder.append(StringBuilder.java:131) ~[na:1.8.0_144]
	at java.util.AbstractCollection.toString(AbstractCollection.java:462) ~[na:1.8.0_144]
	at org.hibernate.collection.internal.PersistentSet.toString(PersistentSet.java:328) ~[hibernate-core-5.4.10.Final.jar:5.4.10.Final]
	at java.lang.String.valueOf(String.java:2994) ~[na:1.8.0_144]
	at java.lang.StringBuilder.append(StringBuilder.java:131) ~[na:1.8.0_144]
	at com.signant.addressbook.entities.Countries.toString(Countries.java:24) ~[classes/:na]
	at java.lang.String.valueOf(String.java:2994) ~[na:1.8.0_144]
	at java.lang.StringBuilder.append(StringBuilder.java:131) ~[na:1.8.0_144]
	at com.signant.addressbook.entities.States.toString(States.java:26) ~[classes/:na]
	at java.lang.String.valueOf(String.java:2994) ~[na:1.8.0_144]
	at java.lang.StringBuilder.append(StringBuilder.java:131) ~[na:1.8.0_144]
	at java.util.AbstractCollection.toString(AbstractCollection.java:462) ~[na:1.8.0_144]
	at org.hibernate.collection.internal.PersistentSet.toString(PersistentSet.java:328) ~[hibernate-core-5.4.10.Final.jar:5.4.10.Final]
	at java.lang.String.valueOf(String.java:2994) ~[na:1.8.0_144]
	at java.lang.StringBuilder.append(StringBuilder.java:131) ~[na:1.8.0_144]
	at com.signant.addressbook.entities.Countries.toString(Countries.java:24) ~[classes/:na]
	at java.lang.String.valueOf(String.java:2994) ~[na:1.8.0_144]
	at java.lang.StringBuilder.append(StringBuilder.java:131) ~[na:1.8.0_144]
	at com.signant.addressbook.entities.States.toString(States.java:26) ~[classes/:na]
	at java.lang.String.valueOf(String.java:2994) ~[na:1.8.0_144]
	at java.lang.StringBuilder.append(StringBuilder.java:131) ~[na:1.8.0_144]
	at java.util.AbstractCollection.toString(AbstractCollection.java:462) ~[na:1.8.0_144]
	at org.hibernate.collection.internal.PersistentSet.toString(PersistentSet.java:328) ~[hibernate-core-5.4.10.Final.jar:5.4.10.Final]
	at java.lang.String.valueOf(String.java:2994) ~[na:1.8.0_144]
	at java.lang.StringBuilder.append(StringBuilder.java:131) ~[na:1.8.0_144]
	at com.signant.addressbook.entities.Countries.toString(Countries.java:24) ~[classes/:na]
	at java.lang.String.valueOf(String.java:2994) ~[na:1.8.0_144]
	at java.lang.StringBuilder.append(StringBuilder.java:131) ~[na:1.8.0_144]
	at com.signant.addressbook.entities.States.toString(States.java:26) ~[classes/:na]
	at java.lang.String.valueOf(String.java:2994) ~[na:1.8.0_144]
	at java.lang.StringBuilder.append(StringBuilder.java:131) ~[na:1.8.0_144]
	at java.util.AbstractCollection.toString(AbstractCollection.java:462) ~[na:1.8.0_144]
	at org.hibernate.collection.internal.PersistentSet.toString(PersistentSet.java:328) ~[hibernate-core-5.4.10.Final.jar:5.4.10.Final]
	at java.lang.String.valueOf(String.java:2994) ~[na:1.8.0_144]
	at java.lang.StringBuilder.append(StringBuilder.java:131) ~[na:1.8.0_144]
	at com.signant.addressbook.entities.Countries.toString(Countries.java:24) ~[classes/:na]
	at java.lang.String.valueOf(String.java:2994) ~[na:1.8.0_144]
	at java.lang.StringBuilder.append(StringBuilder.java:131) ~[na:1.8.0_144]
	at com.signant.addressbook.entities.States.toString(States.java:26) ~[classes/:na]
	at java.lang.String.valueOf(String.java:2994) ~[na:1.8.0_144]
	at java.lang.StringBuilder.append(StringBuilder.java:131) ~[na:1.8.0_144]
	at java.util.AbstractCollection.toString(AbstractCollection.java:462) ~[na:1.8.0_144]
	at org.hibernate.collection.internal.PersistentSet.toString(PersistentSet.java:328) ~[hibernate-core-5.4.10.Final.jar:5.4.10.Final]
	at java.lang.String.valueOf(String.java:2994) ~[na:1.8.0_144]
	at java.lang.StringBuilder.append(StringBuilder.java:131) ~[na:1.8.0_144]
	at com.signant.addressbook.entities.Countries.toString(Countries.java:24) ~[classes/:na]
	at java.lang.String.valueOf(String.java:2994) ~[na:1.8.0_144]
	at java.lang.StringBuilder.append(StringBuilder.java:131) ~[na:1.8.0_144]
	at com.signant.addressbook.entities.States.toString(States.java:26) ~[classes/:na]
	at java.lang.String.valueOf(String.java:2994) ~[na:1.8.0_144]
	at java.lang.StringBuilder.append(StringBuilder.java:131) ~[na:1.8.0_144]
	at java.util.AbstractCollection.toString(AbstractCollection.java:462) ~[na:1.8.0_144]
	at org.hibernate.collection.internal.PersistentSet.toString(PersistentSet.java:328) ~[hibernate-core-5.4.10.Final.jar:5.4.10.Final]
	at java.lang.String.valueOf(String.java:2994) ~[na:1.8.0_144]
	at java.lang.StringBuilder.append(StringBuilder.java:131) ~[na:1.8.0_144]
	at com.signant.addressbook.entities.Countries.toString(Countries.java:24) ~[classes/:na]
	at java.lang.String.valueOf(String.java:2994) ~[na:1.8.0_144]
	at java.lang.StringBuilder.append(StringBuilder.java:131) ~[na:1.8.0_144]
	at com.signant.addressbook.entities.States.toString(States.java:26) ~[classes/:na]
	at java.lang.String.valueOf(String.java:2994) ~[na:1.8.0_144]
	at java.lang.StringBuilder.append(StringBuilder.java:131) ~[na:1.8.0_144]
	at java.util.AbstractCollection.toString(AbstractCollection.java:462) ~[na:1.8.0_144]
	at org.hibernate.collection.internal.PersistentSet.toString(PersistentSet.java:328) ~[hibernate-core-5.4.10.Final.jar:5.4.10.Final]
	at java.lang.String.valueOf(String.java:2994) ~[na:1.8.0_144]
	at java.lang.StringBuilder.append(StringBuilder.java:131) ~[na:1.8.0_144]
	at com.signant.addressbook.entities.Countries.toString(Countries.java:24) ~[classes/:na]
	at java.lang.String.valueOf(String.java:2994) ~[na:1.8.0_144]
	at java.lang.StringBuilder.append(StringBuilder.java:131) ~[na:1.8.0_144]
	at com.signant.addressbook.entities.States.toString(States.java:26) ~[classes/:na]
	at java.lang.String.valueOf(String.java:2994) ~[na:1.8.0_144]
	at java.lang.StringBuilder.append(StringBuilder.java:131) ~[na:1.8.0_144]
	at java.util.AbstractCollection.toString(AbstractCollection.java:462) ~[na:1.8.0_144]
	at org.hibernate.collection.internal.PersistentSet.toString(PersistentSet.java:328) ~[hibernate-core-5.4.10.Final.jar:5.4.10.Final]
	at java.lang.String.valueOf(String.java:2994) ~[na:1.8.0_144]
	at java.lang.StringBuilder.append(StringBuilder.java:131) ~[na:1.8.0_144]
	at com.signant.addressbook.entities.Countries.toString(Countries.java:24) ~[classes/:na]
	at java.lang.String.valueOf(String.java:2994) ~[na:1.8.0_144]
	at java.lang.StringBuilder.append(StringBuilder.java:131) ~[na:1.8.0_144]
	at com.signant.addressbook.entities.States.toString(States.java:26) ~[classes/:na]
	at java.lang.String.valueOf(String.java:2994) ~[na:1.8.0_144]
	at java.lang.StringBuilder.append(StringBuilder.java:131) ~[na:1.8.0_144]
	at java.util.AbstractCollection.toString(AbstractCollection.java:462) ~[na:1.8.0_144]
	at org.hibernate.collection.internal.PersistentSet.toString(PersistentSet.java:328) ~[hibernate-core-5.4.10.Final.jar:5.4.10.Final]
	at java.lang.String.valueOf(String.java:2994) ~[na:1.8.0_144]
	at java.lang.StringBuilder.append(StringBuilder.java:131) ~[na:1.8.0_144]
	at com.signant.addressbook.entities.Countries.toString(Countries.java:24) ~[classes/:na]
	at java.lang.String.valueOf(String.java:2994) ~[na:1.8.0_144]
	at java.lang.StringBuilder.append(StringBuilder.java:131) ~[na:1.8.0_144]
	at com.signant.addressbook.entities.States.toString(States.java:26) ~[classes/:na]
	at java.lang.String.valueOf(String.java:2994) ~[na:1.8.0_144]
	at java.lang.StringBuilder.append(StringBuilder.java:131) ~[na:1.8.0_144]
	at java.util.AbstractCollection.toString(AbstractCollection.java:462) ~[na:1.8.0_144]
	at org.hibernate.collection.internal.PersistentSet.toString(PersistentSet.java:328) ~[hibernate-core-5.4.10.Final.jar:5.4.10.Final]
	at java.lang.String.valueOf(String.java:2994) ~[na:1.8.0_144]
	at java.lang.StringBuilder.append(StringBuilder.java:131) ~[na:1.8.0_144]
	at com.signant.addressbook.entities.Countries.toString(Countries.java:24) ~[classes/:na]
	at java.lang.String.valueOf(String.java:2994) ~[na:1.8.0_144]
	at java.lang.StringBuilder.append(StringBuilder.java:131) ~[na:1.8.0_144]
	at com.signant.addressbook.entities.States.toString(States.java:26) ~[classes/:na]
	at java.lang.String.valueOf(String.java:2994) ~[na:1.8.0_144]
	at java.lang.StringBuilder.append(StringBuilder.java:131) ~[na:1.8.0_144]
	at java.util.AbstractCollection.toString(AbstractCollection.java:462) ~[na:1.8.0_144]
	at org.hibernate.collection.internal.PersistentSet.toString(PersistentSet.java:328) ~[hibernate-core-5.4.10.Final.jar:5.4.10.Final]
	at java.lang.String.valueOf(String.java:2994) ~[na:1.8.0_144]
	at java.lang.StringBuilder.append(StringBuilder.java:131) ~[na:1.8.0_144]
	at com.signant.addressbook.entities.Countries.toString(Countries.java:24) ~[classes/:na]
	at java.lang.String.valueOf(String.java:2994) ~[na:1.8.0_144]
	at java.lang.StringBuilder.append(StringBuilder.java:131) ~[na:1.8.0_144]
	at com.signant.addressbook.entities.States.toString(States.java:26) ~[classes/:na]
	at java.lang.String.valueOf(String.java:2994) ~[na:1.8.0_144]
	at java.lang.StringBuilder.append(StringBuilder.java:131) ~[na:1.8.0_144]
	at java.util.AbstractCollection.toString(AbstractCollection.java:462) ~[na:1.8.0_144]
	at org.hibernate.collection.internal.PersistentSet.toString(PersistentSet.java:328) ~[hibernate-core-5.4.10.Final.jar:5.4.10.Final]
	at java.lang.String.valueOf(String.java:2994) ~[na:1.8.0_144]
	at java.lang.StringBuilder.append(StringBuilder.java:131) ~[na:1.8.0_144]
	at com.signant.addressbook.entities.Countries.toString(Countries.java:24) ~[classes/:na]
	at java.lang.String.valueOf(String.java:2994) ~[na:1.8.0_144]
	at java.lang.StringBuilder.append(StringBuilder.java:131) ~[na:1.8.0_144]
	at com.signant.addressbook.entities.States.toString(States.java:26) ~[classes/:na]
	at java.lang.String.valueOf(String.java:2994) ~[na:1.8.0_144]
	at java.lang.StringBuilder.append(StringBuilder.java:131) ~[na:1.8.0_144]
	at java.util.AbstractCollection.toString(AbstractCollection.java:462) ~[na:1.8.0_144]
	at org.hibernate.collection.internal.PersistentSet.toString(PersistentSet.java:328) ~[hibernate-core-5.4.10.Final.jar:5.4.10.Final]
	at java.lang.String.valueOf(String.java:2994) ~[na:1.8.0_144]
	at java.lang.StringBuilder.append(StringBuilder.java:131) ~[na:1.8.0_144]
	at com.signant.addressbook.entities.Countries.toString(Countries.java:24) ~[classes/:na]
	at java.lang.String.valueOf(String.java:2994) ~[na:1.8.0_144]
	at java.lang.StringBuilder.append(StringBuilder.java:131) ~[na:1.8.0_144]
	at com.signant.addressbook.entities.States.toString(States.java:26) ~[classes/:na]
	at java.lang.String.valueOf(String.java:2994) ~[na:1.8.0_144]
	at java.lang.StringBuilder.append(StringBuilder.java:131) ~[na:1.8.0_144]
	at java.util.AbstractCollection.toString(AbstractCollection.java:462) ~[na:1.8.0_144]
	at org.hibernate.collection.internal.PersistentSet.toString(PersistentSet.java:328) ~[hibernate-core-5.4.10.Final.jar:5.4.10.Final]
	at java.lang.String.valueOf(String.java:2994) ~[na:1.8.0_144]
	at java.lang.StringBuilder.append(StringBuilder.java:131) ~[na:1.8.0_144]
	at com.signant.addressbook.entities.Countries.toString(Countries.java:24) ~[classes/:na]
	at java.lang.String.valueOf(String.java:2994) ~[na:1.8.0_144]
	at java.lang.StringBuilder.append(StringBuilder.java:131) ~[na:1.8.0_144]
	at com.signant.addressbook.entities.States.toString(States.java:26) ~[classes/:na]
	at java.lang.String.valueOf(String.java:2994) ~[na:1.8.0_144]
	at java.lang.StringBuilder.append(StringBuilder.java:131) ~[na:1.8.0_144]
	at java.util.AbstractCollection.toString(AbstractCollection.java:462) ~[na:1.8.0_144]
	at org.hibernate.collection.internal.PersistentSet.toString(PersistentSet.java:328) ~[hibernate-core-5.4.10.Final.jar:5.4.10.Final]
	at java.lang.String.valueOf(String.java:2994) ~[na:1.8.0_144]
	at java.lang.StringBuilder.append(StringBuilder.java:131) ~[na:1.8.0_144]
	at com.signant.addressbook.entities.Countries.toString(Countries.java:24) ~[classes/:na]
	at java.lang.String.valueOf(String.java:2994) ~[na:1.8.0_144]
	at java.lang.StringBuilder.append(StringBuilder.java:131) ~[na:1.8.0_144]
	at com.signant.addressbook.entities.States.toString(States.java:26) ~[classes/:na]
	at java.lang.String.valueOf(String.java:2994) ~[na:1.8.0_144]
	at java.lang.StringBuilder.append(StringBuilder.java:131) ~[na:1.8.0_144]
	at java.util.AbstractCollection.toString(AbstractCollection.java:462) ~[na:1.8.0_144]
	at org.hibernate.collection.internal.PersistentSet.toString(PersistentSet.java:328) ~[hibernate-core-5.4.10.Final.jar:5.4.10.Final]
	at java.lang.String.valueOf(String.java:2994) ~[na:1.8.0_144]
	at java.lang.StringBuilder.append(StringBuilder.java:131) ~[na:1.8.0_144]
	at com.signant.addressbook.entities.Countries.toString(Countries.java:24) ~[classes/:na]
	at java.lang.String.valueOf(String.java:2994) ~[na:1.8.0_144]
	at java.lang.StringBuilder.append(StringBuilder.java:131) ~[na:1.8.0_144]
	at com.signant.addressbook.entities.States.toString(States.java:26) ~[classes/:na]
	at java.lang.String.valueOf(String.java:2994) ~[na:1.8.0_144]
	at java.lang.StringBuilder.append(StringBuilder.java:131) ~[na:1.8.0_144]
	at java.util.AbstractCollection.toString(AbstractCollection.java:462) ~[na:1.8.0_144]
	at org.hibernate.collection.internal.PersistentSet.toString(PersistentSet.java:328) ~[hibernate-core-5.4.10.Final.jar:5.4.10.Final]
	at java.lang.String.valueOf(String.java:2994) ~[na:1.8.0_144]
	at java.lang.StringBuilder.append(StringBuilder.java:131) ~[na:1.8.0_144]
	at com.signant.addressbook.entities.Countries.toString(Countries.java:24) ~[classes/:na]
	at java.lang.String.valueOf(String.java:2994) ~[na:1.8.0_144]
	at java.lang.StringBuilder.append(StringBuilder.java:131) ~[na:1.8.0_144]
	at com.signant.addressbook.entities.States.toString(States.java:26) ~[classes/:na]
	at java.lang.String.valueOf(String.java:2994) ~[na:1.8.0_144]
	at java.lang.StringBuilder.append(StringBuilder.java:131) ~[na:1.8.0_144]
	at java.util.AbstractCollection.toString(AbstractCollection.java:462) ~[na:1.8.0_144]
	at org.hibernate.collection.internal.PersistentSet.toString(PersistentSet.java:328) ~[hibernate-core-5.4.10.Final.jar:5.4.10.Final]
	at java.lang.String.valueOf(String.java:2994) ~[na:1.8.0_144]
	at java.lang.StringBuilder.append(StringBuilder.java:131) ~[na:1.8.0_144]
	at com.signant.addressbook.entities.Countries.toString(Countries.java:24) ~[classes/:na]
	at java.lang.String.valueOf(String.java:2994) ~[na:1.8.0_144]
	at java.lang.StringBuilder.append(StringBuilder.java:131) ~[na:1.8.0_144]
	at com.signant.addressbook.entities.States.toString(States.java:26) ~[classes/:na]
	at java.lang.String.valueOf(String.java:2994) ~[na:1.8.0_144]
	at java.lang.StringBuilder.append(StringBuilder.java:131) ~[na:1.8.0_144]
	at java.util.AbstractCollection.toString(AbstractCollection.java:462) ~[na:1.8.0_144]
	at org.hibernate.collection.internal.PersistentSet.toString(PersistentSet.java:328) ~[hibernate-core-5.4.10.Final.jar:5.4.10.Final]
	at java.lang.String.valueOf(String.java:2994) ~[na:1.8.0_144]
	at java.lang.StringBuilder.append(StringBuilder.java:131) ~[na:1.8.0_144]
	at com.signant.addressbook.entities.Countries.toString(Countries.java:24) ~[classes/:na]
	at java.lang.String.valueOf(String.java:2994) ~[na:1.8.0_144]
	at java.lang.StringBuilder.append(StringBuilder.java:131) ~[na:1.8.0_144]
	at com.signant.addressbook.entities.States.toString(States.java:26) ~[classes/:na]
	at java.lang.String.valueOf(String.java:2994) ~[na:1.8.0_144]
	at java.lang.StringBuilder.append(StringBuilder.java:131) ~[na:1.8.0_144]
	at java.util.AbstractCollection.toString(AbstractCollection.java:462) ~[na:1.8.0_144]
	at org.hibernate.collection.internal.PersistentSet.toString(PersistentSet.java:328) ~[hibernate-core-5.4.10.Final.jar:5.4.10.Final]
	at java.lang.String.valueOf(String.java:2994) ~[na:1.8.0_144]
	at java.lang.StringBuilder.append(StringBuilder.java:131) ~[na:1.8.0_144]
	at com.signant.addressbook.entities.Countries.toString(Countries.java:24) ~[classes/:na]
	at java.lang.String.valueOf(String.java:2994) ~[na:1.8.0_144]
	at java.lang.StringBuilder.append(StringBuilder.java:131) ~[na:1.8.0_144]
	at com.signant.addressbook.entities.States.toString(States.java:26) ~[classes/:na]
	at java.lang.String.valueOf(String.java:2994) ~[na:1.8.0_144]
	at java.lang.StringBuilder.append(StringBuilder.java:131) ~[na:1.8.0_144]
	at java.util.AbstractCollection.toString(AbstractCollection.java:462) ~[na:1.8.0_144]
	at org.hibernate.collection.internal.PersistentSet.toString(PersistentSet.java:328) ~[hibernate-core-5.4.10.Final.jar:5.4.10.Final]
	at java.lang.String.valueOf(String.java:2994) ~[na:1.8.0_144]
	at java.lang.StringBuilder.append(StringBuilder.java:131) ~[na:1.8.0_144]
	at com.signant.addressbook.entities.Countries.toString(Countries.java:24) ~[classes/:na]
	at java.lang.String.valueOf(String.java:2994) ~[na:1.8.0_144]
	at java.lang.StringBuilder.append(StringBuilder.java:131) ~[na:1.8.0_144]
	at com.signant.addressbook.entities.States.toString(States.java:26) ~[classes/:na]
	at java.lang.String.valueOf(String.java:2994) ~[na:1.8.0_144]
	at java.lang.StringBuilder.append(StringBuilder.java:131) ~[na:1.8.0_144]
	at java.util.AbstractCollection.toString(AbstractCollection.java:462) ~[na:1.8.0_144]
	at org.hibernate.collection.internal.PersistentSet.toString(PersistentSet.java:328) ~[hibernate-core-5.4.10.Final.jar:5.4.10.Final]
	at java.lang.String.valueOf(String.java:2994) ~[na:1.8.0_144]
	at java.lang.StringBuilder.append(StringBuilder.java:131) ~[na:1.8.0_144]
	at com.signant.addressbook.entities.Countries.toString(Countries.java:24) ~[classes/:na]
	at java.lang.String.valueOf(String.java:2994) ~[na:1.8.0_144]
	at java.lang.StringBuilder.append(StringBuilder.java:131) ~[na:1.8.0_144]
	at com.signant.addressbook.entities.States.toString(States.java:26) ~[classes/:na]
	at java.lang.String.valueOf(String.java:2994) ~[na:1.8.0_144]
	at java.lang.StringBuilder.append(StringBuilder.java:131) ~[na:1.8.0_144]
	at java.util.AbstractCollection.toString(AbstractCollection.java:462) ~[na:1.8.0_144]
	at org.hibernate.collection.internal.PersistentSet.toString(PersistentSet.java:328) ~[hibernate-core-5.4.10.Final.jar:5.4.10.Final]
	at java.lang.String.valueOf(String.java:2994) ~[na:1.8.0_144]
	at java.lang.StringBuilder.append(StringBuilder.java:131) ~[na:1.8.0_144]
	at com.signant.addressbook.entities.Countries.toString(Countries.java:24) ~[classes/:na]
	at java.lang.String.valueOf(String.java:2994) ~[na:1.8.0_144]
	at java.lang.StringBuilder.append(StringBuilder.java:131) ~[na:1.8.0_144]
	at com.signant.addressbook.entities.States.toString(States.java:26) ~[classes/:na]
	at java.lang.String.valueOf(String.java:2994) ~[na:1.8.0_144]
	at java.lang.StringBuilder.append(StringBuilder.java:131) ~[na:1.8.0_144]
	at java.util.AbstractCollection.toString(AbstractCollection.java:462) ~[na:1.8.0_144]
	at org.hibernate.collection.internal.PersistentSet.toString(PersistentSet.java:328) ~[hibernate-core-5.4.10.Final.jar:5.4.10.Final]
	at java.lang.String.valueOf(String.java:2994) ~[na:1.8.0_144]
	at java.lang.StringBuilder.append(StringBuilder.java:131) ~[na:1.8.0_144]
	at com.signant.addressbook.entities.Countries.toString(Countries.java:24) ~[classes/:na]
	at java.lang.String.valueOf(String.java:2994) ~[na:1.8.0_144]
	at java.lang.StringBuilder.append(StringBuilder.java:131) ~[na:1.8.0_144]
	at com.signant.addressbook.entities.States.toString(States.java:26) ~[classes/:na]
	at java.lang.String.valueOf(String.java:2994) ~[na:1.8.0_144]
	at java.lang.StringBuilder.append(StringBuilder.java:131) ~[na:1.8.0_144]
	at java.util.AbstractCollection.toString(AbstractCollection.java:462) ~[na:1.8.0_144]
	at org.hibernate.collection.internal.PersistentSet.toString(PersistentSet.java:328) ~[hibernate-core-5.4.10.Final.jar:5.4.10.Final]
	at java.lang.String.valueOf(String.java:2994) ~[na:1.8.0_144]
	at java.lang.StringBuilder.append(StringBuilder.java:131) ~[na:1.8.0_144]
	at com.signant.addressbook.entities.Countries.toString(Countries.java:24) ~[classes/:na]
	at java.lang.String.valueOf(String.java:2994) ~[na:1.8.0_144]
	at java.lang.StringBuilder.append(StringBuilder.java:131) ~[na:1.8.0_144]
	at com.signant.addressbook.entities.States.toString(States.java:26) ~[classes/:na]
	at java.lang.String.valueOf(String.java:2994) ~[na:1.8.0_144]
	at java.lang.StringBuilder.append(StringBuilder.java:131) ~[na:1.8.0_144]
	at java.util.AbstractCollection.toString(AbstractCollection.java:462) ~[na:1.8.0_144]
	at org.hibernate.collection.internal.PersistentSet.toString(PersistentSet.java:328) ~[hibernate-core-5.4.10.Final.jar:5.4.10.Final]
	at java.lang.String.valueOf(String.java:2994) ~[na:1.8.0_144]
	at java.lang.StringBuilder.append(StringBuilder.java:131) ~[na:1.8.0_144]
	at com.signant.addressbook.entities.Countries.toString(Countries.java:24) ~[classes/:na]
	at java.lang.String.valueOf(String.java:2994) ~[na:1.8.0_144]
	at java.lang.StringBuilder.append(StringBuilder.java:131) ~[na:1.8.0_144]
	at com.signant.addressbook.entities.States.toString(States.java:26) ~[classes/:na]
	at java.lang.String.valueOf(String.java:2994) ~[na:1.8.0_144]
	at java.lang.StringBuilder.append(StringBuilder.java:131) ~[na:1.8.0_144]
	at java.util.AbstractCollection.toString(AbstractCollection.java:462) ~[na:1.8.0_144]
	at org.hibernate.collection.internal.PersistentSet.toString(PersistentSet.java:328) ~[hibernate-core-5.4.10.Final.jar:5.4.10.Final]
	at java.lang.String.valueOf(String.java:2994) ~[na:1.8.0_144]
	at java.lang.StringBuilder.append(StringBuilder.java:131) ~[na:1.8.0_144]
	at com.signant.addressbook.entities.Countries.toString(Countries.java:24) ~[classes/:na]
	at java.lang.String.valueOf(String.java:2994) ~[na:1.8.0_144]
	at java.lang.StringBuilder.append(StringBuilder.java:131) ~[na:1.8.0_144]
	at com.signant.addressbook.entities.States.toString(States.java:26) ~[classes/:na]
	at java.lang.String.valueOf(String.java:2994) ~[na:1.8.0_144]
	at java.lang.StringBuilder.append(StringBuilder.java:131) ~[na:1.8.0_144]
	at java.util.AbstractCollection.toString(AbstractCollection.java:462) ~[na:1.8.0_144]
	at org.hibernate.collection.internal.PersistentSet.toString(PersistentSet.java:328) ~[hibernate-core-5.4.10.Final.jar:5.4.10.Final]
	at java.lang.String.valueOf(String.java:2994) ~[na:1.8.0_144]
	at java.lang.StringBuilder.append(StringBuilder.java:131) ~[na:1.8.0_144]
	at com.signant.addressbook.entities.Countries.toString(Countries.java:24) ~[classes/:na]
	at java.lang.String.valueOf(String.java:2994) ~[na:1.8.0_144]
	at java.lang.StringBuilder.append(StringBuilder.java:131) ~[na:1.8.0_144]
	at com.signant.addressbook.entities.States.toString(States.java:26) ~[classes/:na]
	at java.lang.String.valueOf(String.java:2994) ~[na:1.8.0_144]
	at java.lang.StringBuilder.append(StringBuilder.java:131) ~[na:1.8.0_144]
	at java.util.AbstractCollection.toString(AbstractCollection.java:462) ~[na:1.8.0_144]
	at org.hibernate.collection.internal.PersistentSet.toString(PersistentSet.java:328) ~[hibernate-core-5.4.10.Final.jar:5.4.10.Final]
	at java.lang.String.valueOf(String.java:2994) ~[na:1.8.0_144]
	at java.lang.StringBuilder.append(StringBuilder.java:131) ~[na:1.8.0_144]
	at com.signant.addressbook.entities.Countries.toString(Countries.java:24) ~[classes/:na]
	at java.lang.String.valueOf(String.java:2994) ~[na:1.8.0_144]
	at java.lang.StringBuilder.append(StringBuilder.java:131) ~[na:1.8.0_144]
	at com.signant.addressbook.entities.States.toString(States.java:26) ~[classes/:na]

]]></system-out>
  </testcase>
</testsuite>